###############################################################
#  Generated by:      Cadence Tempus 20.10-p003_1
#  OS:                Linux x86_64(Host ID edatools-server2.iiitd.edu.in)
#  Generated on:      Tue Nov 11 16:56:59 2025
#  Design:            picorv32
#  Command:           report_constraints -all_violators > sta_after_dft_maxfreq/reports/allviolations_dft_maxfreq.rpt
###############################################################
# format : frame 0 : split 1

max_delay/setup
---------------------------
No paths found

min_delay/hold
---------------------------
No paths found

Check type : clock_period
---------------------------
No paths found

Check type : skew
---------------------------
No paths found

Check type : pulse_width
---------------------------
 No violating Checks with given description found

Check type : max_transition
---------------------------
     ----------------------------------------------------------------------------  
      Pin Name               Required          Actual            Slack             
     ----------------------------------------------------------------------------  
     g137897/A0            0.280             0.283             -0.003
     g137895/A0            0.280             0.283             -0.003
     g137885/A0            0.280             0.283             -0.003
     g137881/A0            0.280             0.283             -0.003
     g137871/A0            0.280             0.283             -0.003
     g137866/A0            0.280             0.283             -0.003
     g137856/A0            0.280             0.283             -0.003
     g137853/A0            0.280             0.283             -0.003
     g137825/A0            0.280             0.283             -0.003
     g137821/A0            0.280             0.283             -0.003
     g137820/A0            0.280             0.283             -0.003
     g137808/A0            0.280             0.283             -0.003
     g137795/A0            0.280             0.283             -0.003
     g137793/A0            0.280             0.283             -0.003
     g137780/A0            0.280             0.283             -0.003
     g137778/A0            0.280             0.283             -0.003
     g137765/A0            0.280             0.283             -0.003
     g137764/A0            0.280             0.283             -0.003
     g137751/A0            0.280             0.283             -0.003
     g137747/A0            0.280             0.283             -0.003
     g137736/A0            0.280             0.283             -0.003
     g137734/A0            0.280             0.283             -0.003
     g137722/A0            0.280             0.283             -0.003
     g137719/A0            0.280             0.283             -0.003
     g138012/A0            0.280             0.283             -0.003
     g138010/A0            0.280             0.283             -0.003
     g137998/A0            0.280             0.283             -0.003
     g137996/A0            0.280             0.283             -0.003
     g137984/A0            0.280             0.283             -0.003
     g137982/A0            0.280             0.283             -0.003
     g137969/A0            0.280             0.283             -0.003
     g137967/A0            0.280             0.283             -0.003
     g137958/A0            0.280             0.283             -0.003
     g137953/A0            0.280             0.283             -0.003
     g137943/A0            0.280             0.283             -0.003
     g137940/A0            0.280             0.283             -0.003
     g137929/A0            0.280             0.283             -0.003
     g137924/A0            0.280             0.283             -0.003
     g137912/A0            0.280             0.283             -0.003
     g137911/A0            0.280             0.283             -0.003
     g137709/A0            0.280             0.283             -0.003
     g137704/A0            0.280             0.283             -0.003
     g137693/A0            0.280             0.283             -0.003
     g137690/A0            0.280             0.283             -0.003
     g138042/A0            0.280             0.283             -0.003
     g138038/A0            0.280             0.283             -0.003
     g138026/A0            0.280             0.283             -0.003
     g138024/A0            0.280             0.283             -0.003
     g137678/A0            0.280             0.283             -0.003
     g137676/A0            0.280             0.283             -0.003
     g138055/A0            0.280             0.283             -0.003
     g138053/A0            0.280             0.283             -0.003
     g137654/A0            0.280             0.283             -0.003
     g141101/Y             0.280             0.283             -0.003
     g137648/A0            0.280             0.283             -0.003
     g141102/Y             0.280             0.283             -0.003

Check type : min_transition
---------------------------
 No Violations found

Check type : max_capacitance
---------------------------
 No Violations found

Check type : min_capacitance
---------------------------
 No Violations found

Check type : max_fanout
---------------------------
 No Violations found

Check type : min_fanout
---------------------------
 No Violations found
