###############################################################
#  Generated by:      Cadence Tempus 20.10-p003_1
#  OS:                Linux x86_64(Host ID edatools-server2.iiitd.edu.in)
#  Generated on:      Sun Jan 11 16:17:57 2026
#  Design:            picorv32
#  Command:           report_constraints -all_violators > sta_after_dft_maxfreq/reports/allviolations_dft_maxfreq.rpt
###############################################################
# format : frame 0 : split 1

max_delay/setup
---------------------------
No paths found

min_delay/hold
---------------------------
      ------------------------------------------------------------------------------------------------  
       End Point                                  Slack      Cause                                      
      ------------------------------------------------------------------------------------------------  
      reg_op1_reg[31]/SE f                       -0.221     VIOLATED
      reg_op1_reg[30]/SE f                       -0.221     VIOLATED
      reg_op1_reg[29]/SE f                       -0.221     VIOLATED
      reg_op1_reg[28]/SE f                       -0.221     VIOLATED
      reg_op1_reg[27]/SE f                       -0.221     VIOLATED
      reg_op1_reg[26]/SE f                       -0.221     VIOLATED
      reg_op1_reg[25]/SE f                       -0.221     VIOLATED
      reg_op1_reg[24]/SE f                       -0.221     VIOLATED
      reg_op1_reg[23]/SE f                       -0.221     VIOLATED
      reg_op1_reg[22]/SE f                       -0.221     VIOLATED
      reg_op1_reg[21]/SE f                       -0.221     VIOLATED
      reg_op1_reg[20]/SE f                       -0.221     VIOLATED
      reg_op1_reg[19]/SE f                       -0.221     VIOLATED
      reg_op1_reg[18]/SE f                       -0.221     VIOLATED
      reg_op1_reg[17]/SE f                       -0.221     VIOLATED
      reg_op1_reg[16]/SE f                       -0.221     VIOLATED
      reg_op1_reg[15]/SE f                       -0.221     VIOLATED
      reg_op1_reg[14]/SE f                       -0.221     VIOLATED
      reg_op1_reg[13]/SE f                       -0.221     VIOLATED
      reg_op1_reg[12]/SE f                       -0.221     VIOLATED
      reg_op1_reg[11]/SE f                       -0.221     VIOLATED
      reg_op1_reg[10]/SE f                       -0.221     VIOLATED
      reg_op1_reg[9]/SE f                        -0.221     VIOLATED
      reg_op1_reg[8]/SE f                        -0.221     VIOLATED
      reg_op1_reg[7]/SE f                        -0.221     VIOLATED
      reg_op1_reg[6]/SE f                        -0.221     VIOLATED
      reg_op1_reg[5]/SE f                        -0.221     VIOLATED
      reg_op1_reg[4]/SE f                        -0.221     VIOLATED
      reg_op1_reg[3]/SE f                        -0.221     VIOLATED
      reg_op1_reg[2]/SE f                        -0.221     VIOLATED
      reg_op1_reg[1]/SE f                        -0.221     VIOLATED
      reg_op1_reg[0]/SE f                        -0.221     VIOLATED
      mem_wordsize_reg[1]/SE f                   -0.221     VIOLATED
      mem_wordsize_reg[0]/SE f                   -0.221     VIOLATED
      mem_wdata_reg[31]/SE f                     -0.221     VIOLATED
      mem_wdata_reg[30]/SE f                     -0.221     VIOLATED
      mem_wdata_reg[29]/SE f                     -0.221     VIOLATED
      mem_wdata_reg[28]/SE f                     -0.221     VIOLATED
      mem_wdata_reg[27]/SE f                     -0.221     VIOLATED
      mem_wdata_reg[26]/SE f                     -0.221     VIOLATED
      mem_wdata_reg[25]/SE f                     -0.221     VIOLATED
      mem_wdata_reg[24]/SE f                     -0.221     VIOLATED
      mem_wdata_reg[23]/SE f                     -0.221     VIOLATED
      mem_wdata_reg[22]/SE f                     -0.221     VIOLATED
      mem_wdata_reg[21]/SE f                     -0.221     VIOLATED
      mem_wdata_reg[20]/SE f                     -0.221     VIOLATED
      mem_wdata_reg[19]/SE f                     -0.221     VIOLATED
      mem_wdata_reg[18]/SE f                     -0.221     VIOLATED
      mem_wdata_reg[17]/SE f                     -0.221     VIOLATED
      mem_wdata_reg[16]/SE f                     -0.221     VIOLATED
      mem_wdata_reg[15]/SE f                     -0.221     VIOLATED
      mem_wdata_reg[14]/SE f                     -0.221     VIOLATED
      mem_wdata_reg[13]/SE f                     -0.221     VIOLATED
      mem_wdata_reg[12]/SE f                     -0.221     VIOLATED
      mem_wdata_reg[11]/SE f                     -0.221     VIOLATED
      mem_wdata_reg[10]/SE f                     -0.221     VIOLATED
      mem_wdata_reg[9]/SE f                      -0.221     VIOLATED
      mem_wdata_reg[8]/SE f                      -0.221     VIOLATED
      mem_rdata_q_reg[31]/SE f                   -0.221     VIOLATED
      mem_rdata_q_reg[30]/SE f                   -0.221     VIOLATED
      mem_rdata_q_reg[29]/SE f                   -0.221     VIOLATED
      mem_rdata_q_reg[28]/SE f                   -0.221     VIOLATED
      mem_rdata_q_reg[27]/SE f                   -0.221     VIOLATED
      mem_rdata_q_reg[26]/SE f                   -0.221     VIOLATED
      mem_rdata_q_reg[25]/SE f                   -0.221     VIOLATED
      mem_rdata_q_reg[24]/SE f                   -0.221     VIOLATED
      mem_rdata_q_reg[23]/SE f                   -0.221     VIOLATED
      mem_rdata_q_reg[22]/SE f                   -0.221     VIOLATED
      mem_rdata_q_reg[21]/SE f                   -0.221     VIOLATED
      mem_rdata_q_reg[20]/SE f                   -0.221     VIOLATED
      mem_rdata_q_reg[19]/SE f                   -0.221     VIOLATED
      mem_rdata_q_reg[18]/SE f                   -0.221     VIOLATED
      mem_rdata_q_reg[17]/SE f                   -0.221     VIOLATED
      mem_rdata_q_reg[16]/SE f                   -0.221     VIOLATED
      mem_rdata_q_reg[15]/SE f                   -0.221     VIOLATED
      mem_rdata_q_reg[14]/SE f                   -0.221     VIOLATED
      mem_rdata_q_reg[13]/SE f                   -0.221     VIOLATED
      mem_rdata_q_reg[12]/SE f                   -0.221     VIOLATED
      mem_rdata_q_reg[11]/SE f                   -0.221     VIOLATED
      mem_rdata_q_reg[10]/SE f                   -0.221     VIOLATED
      mem_rdata_q_reg[9]/SE f                    -0.221     VIOLATED
      mem_rdata_q_reg[8]/SE f                    -0.221     VIOLATED
      mem_rdata_q_reg[7]/SE f                    -0.221     VIOLATED
      mem_rdata_q_reg[6]/SE f                    -0.221     VIOLATED
      mem_rdata_q_reg[5]/SE f                    -0.221     VIOLATED
      mem_rdata_q_reg[4]/SE f                    -0.221     VIOLATED
      mem_rdata_q_reg[3]/SE f                    -0.221     VIOLATED
      mem_rdata_q_reg[2]/SE f                    -0.221     VIOLATED
      mem_rdata_q_reg[1]/SE f                    -0.221     VIOLATED
      mem_rdata_q_reg[0]/SE f                    -0.221     VIOLATED
      mem_do_wdata_reg/SE f                      -0.221     VIOLATED
      mem_do_rdata_reg/SE f                      -0.221     VIOLATED
      mem_addr_reg[31]/SE f                      -0.221     VIOLATED
      mem_addr_reg[30]/SE f                      -0.221     VIOLATED
      mem_addr_reg[29]/SE f                      -0.221     VIOLATED
      mem_addr_reg[28]/SE f                      -0.221     VIOLATED
      mem_addr_reg[27]/SE f                      -0.221     VIOLATED
      mem_addr_reg[26]/SE f                      -0.221     VIOLATED
      mem_addr_reg[25]/SE f                      -0.221     VIOLATED
      mem_addr_reg[24]/SE f                      -0.221     VIOLATED
      mem_addr_reg[23]/SE f                      -0.221     VIOLATED
      mem_addr_reg[22]/SE f                      -0.221     VIOLATED
      mem_addr_reg[21]/SE f                      -0.221     VIOLATED
      mem_addr_reg[20]/SE f                      -0.221     VIOLATED
      mem_addr_reg[19]/SE f                      -0.221     VIOLATED
      mem_addr_reg[18]/SE f                      -0.221     VIOLATED
      mem_addr_reg[17]/SE f                      -0.221     VIOLATED
      mem_addr_reg[16]/SE f                      -0.221     VIOLATED
      mem_addr_reg[15]/SE f                      -0.221     VIOLATED
      mem_addr_reg[14]/SE f                      -0.221     VIOLATED
      mem_addr_reg[13]/SE f                      -0.221     VIOLATED
      mem_addr_reg[12]/SE f                      -0.221     VIOLATED
      mem_addr_reg[11]/SE f                      -0.221     VIOLATED
      mem_addr_reg[10]/SE f                      -0.221     VIOLATED
      mem_addr_reg[9]/SE f                       -0.221     VIOLATED
      mem_addr_reg[8]/SE f                       -0.221     VIOLATED
      mem_addr_reg[7]/SE f                       -0.221     VIOLATED
      mem_addr_reg[6]/SE f                       -0.221     VIOLATED
      mem_addr_reg[5]/SE f                       -0.221     VIOLATED
      mem_addr_reg[4]/SE f                       -0.221     VIOLATED
      mem_addr_reg[3]/SE f                       -0.221     VIOLATED
      mem_addr_reg[2]/SE f                       -0.221     VIOLATED
      latched_rd_reg[4]/SE f                     -0.221     VIOLATED
      latched_rd_reg[3]/SE f                     -0.221     VIOLATED
      latched_rd_reg[2]/SE f                     -0.221     VIOLATED
      latched_rd_reg[1]/SE f                     -0.221     VIOLATED
      latched_rd_reg[0]/SE f                     -0.221     VIOLATED
      is_slli_srli_srai_reg/SE f                 -0.221     VIOLATED
      is_sll_srl_sra_reg/SE f                    -0.221     VIOLATED
      is_sb_sh_sw_reg/SE f                       -0.221     VIOLATED
      is_lb_lh_lw_lbu_lhu_reg/SE f               -0.221     VIOLATED
      is_jalr_addi_slti_sltiu_xori_ori_andi_reg/SE f
                                                 -0.221     VIOLATED
      is_alu_reg_reg_reg/SE f                    -0.221     VIOLATED
      instr_sw_reg/SE f                          -0.221     VIOLATED
      instr_srli_reg/SE f                        -0.221     VIOLATED
      instr_srai_reg/SE f                        -0.221     VIOLATED
      instr_slli_reg/SE f                        -0.221     VIOLATED
      instr_sh_reg/SE f                          -0.221     VIOLATED
      instr_sb_reg/SE f                          -0.221     VIOLATED
      instr_rdinstrh_reg/SE f                    -0.221     VIOLATED
      instr_rdinstr_reg/SE f                     -0.221     VIOLATED
      instr_rdcycleh_reg/SE f                    -0.221     VIOLATED
      instr_rdcycle_reg/SE f                     -0.221     VIOLATED
      instr_lw_reg/SE f                          -0.221     VIOLATED
      instr_lui_reg/SE f                         -0.221     VIOLATED
      instr_lhu_reg/SE f                         -0.221     VIOLATED
      instr_lh_reg/SE f                          -0.221     VIOLATED
      instr_lbu_reg/SE f                         -0.221     VIOLATED
      instr_lb_reg/SE f                          -0.221     VIOLATED
      instr_jalr_reg/SE f                        -0.221     VIOLATED
      instr_jal_reg/SE f                         -0.221     VIOLATED
      instr_auipc_reg/SE f                       -0.221     VIOLATED
      decoded_imm_j_reg[14]/SE f                 -0.221     VIOLATED
      decoded_imm_j_reg[13]/SE f                 -0.221     VIOLATED
      cpuregs_reg[31][31]/SE f                   -0.221     VIOLATED
      cpuregs_reg[31][30]/SE f                   -0.221     VIOLATED
      cpuregs_reg[31][29]/SE f                   -0.221     VIOLATED
      cpuregs_reg[31][28]/SE f                   -0.221     VIOLATED
      cpuregs_reg[31][27]/SE f                   -0.221     VIOLATED
      cpuregs_reg[31][26]/SE f                   -0.221     VIOLATED
      cpuregs_reg[31][25]/SE f                   -0.221     VIOLATED
      cpuregs_reg[31][24]/SE f                   -0.221     VIOLATED
      cpuregs_reg[31][23]/SE f                   -0.221     VIOLATED
      cpuregs_reg[31][22]/SE f                   -0.221     VIOLATED
      cpuregs_reg[31][21]/SE f                   -0.221     VIOLATED
      cpuregs_reg[31][20]/SE f                   -0.221     VIOLATED
      cpuregs_reg[31][19]/SE f                   -0.221     VIOLATED
      cpuregs_reg[31][18]/SE f                   -0.221     VIOLATED
      cpuregs_reg[31][17]/SE f                   -0.221     VIOLATED
      cpuregs_reg[31][16]/SE f                   -0.221     VIOLATED
      cpuregs_reg[31][15]/SE f                   -0.221     VIOLATED
      cpuregs_reg[31][14]/SE f                   -0.221     VIOLATED
      cpuregs_reg[31][13]/SE f                   -0.221     VIOLATED
      cpuregs_reg[31][12]/SE f                   -0.221     VIOLATED
      cpuregs_reg[31][11]/SE f                   -0.221     VIOLATED
      cpuregs_reg[31][10]/SE f                   -0.221     VIOLATED
      cpuregs_reg[31][9]/SE f                    -0.221     VIOLATED
      cpuregs_reg[31][8]/SE f                    -0.221     VIOLATED
      cpuregs_reg[31][7]/SE f                    -0.221     VIOLATED
      cpuregs_reg[31][6]/SE f                    -0.221     VIOLATED
      cpuregs_reg[31][5]/SE f                    -0.221     VIOLATED
      cpuregs_reg[31][4]/SE f                    -0.221     VIOLATED
      cpuregs_reg[31][3]/SE f                    -0.221     VIOLATED
      cpuregs_reg[31][2]/SE f                    -0.221     VIOLATED
      cpuregs_reg[31][1]/SE f                    -0.221     VIOLATED
      cpuregs_reg[31][0]/SE f                    -0.221     VIOLATED
      cpuregs_reg[30][31]/SE f                   -0.221     VIOLATED
      cpuregs_reg[30][30]/SE f                   -0.221     VIOLATED
      cpuregs_reg[30][29]/SE f                   -0.221     VIOLATED
      cpuregs_reg[30][28]/SE f                   -0.221     VIOLATED
      cpuregs_reg[30][27]/SE f                   -0.221     VIOLATED
      cpuregs_reg[30][26]/SE f                   -0.221     VIOLATED
      cpuregs_reg[30][25]/SE f                   -0.221     VIOLATED
      cpuregs_reg[30][24]/SE f                   -0.221     VIOLATED
      cpuregs_reg[30][23]/SE f                   -0.221     VIOLATED
      cpuregs_reg[30][22]/SE f                   -0.221     VIOLATED
      cpuregs_reg[30][21]/SE f                   -0.221     VIOLATED
      cpuregs_reg[30][20]/SE f                   -0.221     VIOLATED
      cpuregs_reg[30][19]/SE f                   -0.221     VIOLATED
      cpuregs_reg[30][18]/SE f                   -0.221     VIOLATED
      cpuregs_reg[30][17]/SE f                   -0.221     VIOLATED
      cpuregs_reg[30][16]/SE f                   -0.221     VIOLATED
      cpuregs_reg[30][15]/SE f                   -0.221     VIOLATED
      cpuregs_reg[30][14]/SE f                   -0.221     VIOLATED
      cpuregs_reg[30][13]/SE f                   -0.221     VIOLATED
      cpuregs_reg[30][12]/SE f                   -0.221     VIOLATED
      cpuregs_reg[30][11]/SE f                   -0.221     VIOLATED
      cpuregs_reg[30][10]/SE f                   -0.221     VIOLATED
      cpuregs_reg[30][9]/SE f                    -0.221     VIOLATED
      cpuregs_reg[30][8]/SE f                    -0.221     VIOLATED
      cpuregs_reg[30][7]/SE f                    -0.221     VIOLATED
      cpuregs_reg[30][6]/SE f                    -0.221     VIOLATED
      cpuregs_reg[30][5]/SE f                    -0.221     VIOLATED
      cpuregs_reg[30][4]/SE f                    -0.221     VIOLATED
      cpuregs_reg[30][3]/SE f                    -0.221     VIOLATED
      cpuregs_reg[30][2]/SE f                    -0.221     VIOLATED
      cpuregs_reg[30][1]/SE f                    -0.221     VIOLATED
      cpuregs_reg[30][0]/SE f                    -0.221     VIOLATED
      cpuregs_reg[29][31]/SE f                   -0.221     VIOLATED
      cpuregs_reg[29][30]/SE f                   -0.221     VIOLATED
      cpuregs_reg[29][29]/SE f                   -0.221     VIOLATED
      cpuregs_reg[29][28]/SE f                   -0.221     VIOLATED
      cpuregs_reg[29][27]/SE f                   -0.221     VIOLATED
      cpuregs_reg[29][26]/SE f                   -0.221     VIOLATED
      cpuregs_reg[29][25]/SE f                   -0.221     VIOLATED
      cpuregs_reg[29][24]/SE f                   -0.221     VIOLATED
      cpuregs_reg[29][23]/SE f                   -0.221     VIOLATED
      cpuregs_reg[29][22]/SE f                   -0.221     VIOLATED
      cpuregs_reg[29][21]/SE f                   -0.221     VIOLATED
      cpuregs_reg[29][20]/SE f                   -0.221     VIOLATED
      cpuregs_reg[29][19]/SE f                   -0.221     VIOLATED
      cpuregs_reg[29][18]/SE f                   -0.221     VIOLATED
      cpuregs_reg[29][17]/SE f                   -0.221     VIOLATED
      cpuregs_reg[29][16]/SE f                   -0.221     VIOLATED
      cpuregs_reg[29][15]/SE f                   -0.221     VIOLATED
      cpuregs_reg[29][14]/SE f                   -0.221     VIOLATED
      cpuregs_reg[29][13]/SE f                   -0.221     VIOLATED
      cpuregs_reg[29][12]/SE f                   -0.221     VIOLATED
      cpuregs_reg[29][11]/SE f                   -0.221     VIOLATED
      cpuregs_reg[29][10]/SE f                   -0.221     VIOLATED
      cpuregs_reg[29][9]/SE f                    -0.221     VIOLATED
      cpuregs_reg[29][8]/SE f                    -0.221     VIOLATED
      cpuregs_reg[29][7]/SE f                    -0.221     VIOLATED
      cpuregs_reg[29][6]/SE f                    -0.221     VIOLATED
      cpuregs_reg[29][5]/SE f                    -0.221     VIOLATED
      cpuregs_reg[29][4]/SE f                    -0.221     VIOLATED
      cpuregs_reg[29][3]/SE f                    -0.221     VIOLATED
      cpuregs_reg[29][2]/SE f                    -0.221     VIOLATED
      cpuregs_reg[29][1]/SE f                    -0.221     VIOLATED
      cpuregs_reg[29][0]/SE f                    -0.221     VIOLATED
      cpuregs_reg[28][31]/SE f                   -0.221     VIOLATED
      cpuregs_reg[28][30]/SE f                   -0.221     VIOLATED
      cpuregs_reg[28][29]/SE f                   -0.221     VIOLATED
      cpuregs_reg[28][28]/SE f                   -0.221     VIOLATED
      cpuregs_reg[28][27]/SE f                   -0.221     VIOLATED
      cpuregs_reg[28][26]/SE f                   -0.221     VIOLATED
      cpuregs_reg[28][25]/SE f                   -0.221     VIOLATED
      cpuregs_reg[28][24]/SE f                   -0.221     VIOLATED
      cpuregs_reg[28][23]/SE f                   -0.221     VIOLATED
      cpuregs_reg[28][22]/SE f                   -0.221     VIOLATED
      cpuregs_reg[28][21]/SE f                   -0.221     VIOLATED
      cpuregs_reg[28][20]/SE f                   -0.221     VIOLATED
      cpuregs_reg[28][19]/SE f                   -0.221     VIOLATED
      cpuregs_reg[28][18]/SE f                   -0.221     VIOLATED
      cpuregs_reg[28][17]/SE f                   -0.221     VIOLATED
      cpuregs_reg[28][16]/SE f                   -0.221     VIOLATED
      cpuregs_reg[28][15]/SE f                   -0.221     VIOLATED
      cpuregs_reg[28][14]/SE f                   -0.221     VIOLATED
      cpuregs_reg[28][13]/SE f                   -0.221     VIOLATED
      cpuregs_reg[28][12]/SE f                   -0.221     VIOLATED
      cpuregs_reg[28][11]/SE f                   -0.221     VIOLATED
      cpuregs_reg[28][10]/SE f                   -0.221     VIOLATED
      cpuregs_reg[28][9]/SE f                    -0.221     VIOLATED
      cpuregs_reg[28][8]/SE f                    -0.221     VIOLATED
      cpuregs_reg[28][7]/SE f                    -0.221     VIOLATED
      cpuregs_reg[28][6]/SE f                    -0.221     VIOLATED
      cpuregs_reg[28][5]/SE f                    -0.221     VIOLATED
      cpuregs_reg[28][4]/SE f                    -0.221     VIOLATED
      cpuregs_reg[28][3]/SE f                    -0.221     VIOLATED
      cpuregs_reg[28][2]/SE f                    -0.221     VIOLATED
      cpuregs_reg[28][1]/SE f                    -0.221     VIOLATED
      cpuregs_reg[28][0]/SE f                    -0.221     VIOLATED
      cpuregs_reg[27][31]/SE f                   -0.221     VIOLATED
      cpuregs_reg[27][30]/SE f                   -0.221     VIOLATED
      cpuregs_reg[27][29]/SE f                   -0.221     VIOLATED
      cpuregs_reg[27][28]/SE f                   -0.221     VIOLATED
      cpuregs_reg[27][27]/SE f                   -0.221     VIOLATED
      cpuregs_reg[27][26]/SE f                   -0.221     VIOLATED
      cpuregs_reg[27][25]/SE f                   -0.221     VIOLATED
      cpuregs_reg[27][24]/SE f                   -0.221     VIOLATED
      cpuregs_reg[27][23]/SE f                   -0.221     VIOLATED
      cpuregs_reg[27][22]/SE f                   -0.221     VIOLATED
      cpuregs_reg[27][21]/SE f                   -0.221     VIOLATED
      cpuregs_reg[27][20]/SE f                   -0.221     VIOLATED
      cpuregs_reg[27][19]/SE f                   -0.221     VIOLATED
      cpuregs_reg[27][18]/SE f                   -0.221     VIOLATED
      cpuregs_reg[27][17]/SE f                   -0.221     VIOLATED
      cpuregs_reg[27][16]/SE f                   -0.221     VIOLATED
      cpuregs_reg[27][15]/SE f                   -0.221     VIOLATED
      cpuregs_reg[27][14]/SE f                   -0.221     VIOLATED
      cpuregs_reg[27][13]/SE f                   -0.221     VIOLATED
      cpuregs_reg[27][12]/SE f                   -0.221     VIOLATED
      cpuregs_reg[27][11]/SE f                   -0.221     VIOLATED
      cpuregs_reg[27][10]/SE f                   -0.221     VIOLATED
      cpuregs_reg[27][9]/SE f                    -0.221     VIOLATED
      cpuregs_reg[27][8]/SE f                    -0.221     VIOLATED
      cpuregs_reg[27][7]/SE f                    -0.221     VIOLATED
      cpuregs_reg[27][6]/SE f                    -0.221     VIOLATED
      cpuregs_reg[27][5]/SE f                    -0.221     VIOLATED
      cpuregs_reg[27][4]/SE f                    -0.221     VIOLATED
      cpuregs_reg[27][3]/SE f                    -0.221     VIOLATED
      cpuregs_reg[27][2]/SE f                    -0.221     VIOLATED
      cpuregs_reg[27][1]/SE f                    -0.221     VIOLATED
      cpuregs_reg[27][0]/SE f                    -0.221     VIOLATED
      cpuregs_reg[26][31]/SE f                   -0.221     VIOLATED
      cpuregs_reg[26][30]/SE f                   -0.221     VIOLATED
      cpuregs_reg[26][29]/SE f                   -0.221     VIOLATED
      cpuregs_reg[26][28]/SE f                   -0.221     VIOLATED
      cpuregs_reg[26][27]/SE f                   -0.221     VIOLATED
      cpuregs_reg[26][26]/SE f                   -0.221     VIOLATED
      cpuregs_reg[26][25]/SE f                   -0.221     VIOLATED
      cpuregs_reg[26][24]/SE f                   -0.221     VIOLATED
      cpuregs_reg[26][23]/SE f                   -0.221     VIOLATED
      cpuregs_reg[26][22]/SE f                   -0.221     VIOLATED
      cpuregs_reg[26][21]/SE f                   -0.221     VIOLATED
      cpuregs_reg[26][20]/SE f                   -0.221     VIOLATED
      cpuregs_reg[26][19]/SE f                   -0.221     VIOLATED
      cpuregs_reg[26][18]/SE f                   -0.221     VIOLATED
      cpuregs_reg[26][17]/SE f                   -0.221     VIOLATED
      cpuregs_reg[26][16]/SE f                   -0.221     VIOLATED
      cpuregs_reg[26][15]/SE f                   -0.221     VIOLATED
      cpuregs_reg[26][14]/SE f                   -0.221     VIOLATED
      cpuregs_reg[26][13]/SE f                   -0.221     VIOLATED
      cpuregs_reg[26][12]/SE f                   -0.221     VIOLATED
      cpuregs_reg[26][11]/SE f                   -0.221     VIOLATED
      cpuregs_reg[26][10]/SE f                   -0.221     VIOLATED
      cpuregs_reg[26][9]/SE f                    -0.221     VIOLATED
      cpuregs_reg[26][8]/SE f                    -0.221     VIOLATED
      cpuregs_reg[26][7]/SE f                    -0.221     VIOLATED
      cpuregs_reg[26][6]/SE f                    -0.221     VIOLATED
      cpuregs_reg[26][5]/SE f                    -0.221     VIOLATED
      cpuregs_reg[26][4]/SE f                    -0.221     VIOLATED
      cpuregs_reg[26][3]/SE f                    -0.221     VIOLATED
      cpuregs_reg[26][2]/SE f                    -0.221     VIOLATED
      cpuregs_reg[26][1]/SE f                    -0.221     VIOLATED
      cpuregs_reg[26][0]/SE f                    -0.221     VIOLATED
      cpuregs_reg[25][31]/SE f                   -0.221     VIOLATED
      cpuregs_reg[25][30]/SE f                   -0.221     VIOLATED
      cpuregs_reg[25][29]/SE f                   -0.221     VIOLATED
      cpuregs_reg[25][28]/SE f                   -0.221     VIOLATED
      cpuregs_reg[25][27]/SE f                   -0.221     VIOLATED
      cpuregs_reg[25][26]/SE f                   -0.221     VIOLATED
      cpuregs_reg[25][25]/SE f                   -0.221     VIOLATED
      cpuregs_reg[25][24]/SE f                   -0.221     VIOLATED
      cpuregs_reg[25][23]/SE f                   -0.221     VIOLATED
      cpuregs_reg[25][22]/SE f                   -0.221     VIOLATED
      cpuregs_reg[25][21]/SE f                   -0.221     VIOLATED
      cpuregs_reg[25][20]/SE f                   -0.221     VIOLATED
      cpuregs_reg[25][19]/SE f                   -0.221     VIOLATED
      cpuregs_reg[25][18]/SE f                   -0.221     VIOLATED
      cpuregs_reg[25][17]/SE f                   -0.221     VIOLATED
      cpuregs_reg[25][16]/SE f                   -0.221     VIOLATED
      cpuregs_reg[25][15]/SE f                   -0.221     VIOLATED
      cpuregs_reg[25][14]/SE f                   -0.221     VIOLATED
      cpuregs_reg[25][13]/SE f                   -0.221     VIOLATED
      cpuregs_reg[25][12]/SE f                   -0.221     VIOLATED
      cpuregs_reg[25][11]/SE f                   -0.221     VIOLATED
      cpuregs_reg[25][10]/SE f                   -0.221     VIOLATED
      cpuregs_reg[25][9]/SE f                    -0.221     VIOLATED
      cpuregs_reg[25][8]/SE f                    -0.221     VIOLATED
      cpuregs_reg[25][7]/SE f                    -0.221     VIOLATED
      cpuregs_reg[25][6]/SE f                    -0.221     VIOLATED
      cpuregs_reg[25][5]/SE f                    -0.221     VIOLATED
      cpuregs_reg[25][4]/SE f                    -0.221     VIOLATED
      cpuregs_reg[25][3]/SE f                    -0.221     VIOLATED
      cpuregs_reg[25][2]/SE f                    -0.221     VIOLATED
      cpuregs_reg[25][1]/SE f                    -0.221     VIOLATED
      cpuregs_reg[25][0]/SE f                    -0.221     VIOLATED
      cpuregs_reg[24][31]/SE f                   -0.221     VIOLATED
      cpuregs_reg[24][30]/SE f                   -0.221     VIOLATED
      cpuregs_reg[24][29]/SE f                   -0.221     VIOLATED
      cpuregs_reg[24][28]/SE f                   -0.221     VIOLATED
      cpuregs_reg[24][27]/SE f                   -0.221     VIOLATED
      cpuregs_reg[24][26]/SE f                   -0.221     VIOLATED
      cpuregs_reg[24][25]/SE f                   -0.221     VIOLATED
      cpuregs_reg[24][24]/SE f                   -0.221     VIOLATED
      cpuregs_reg[24][23]/SE f                   -0.221     VIOLATED
      cpuregs_reg[24][22]/SE f                   -0.221     VIOLATED
      cpuregs_reg[24][21]/SE f                   -0.221     VIOLATED
      cpuregs_reg[24][20]/SE f                   -0.221     VIOLATED
      cpuregs_reg[24][19]/SE f                   -0.221     VIOLATED
      cpuregs_reg[24][18]/SE f                   -0.221     VIOLATED
      cpuregs_reg[24][17]/SE f                   -0.221     VIOLATED
      cpuregs_reg[24][16]/SE f                   -0.221     VIOLATED
      cpuregs_reg[24][15]/SE f                   -0.221     VIOLATED
      cpuregs_reg[24][14]/SE f                   -0.221     VIOLATED
      cpuregs_reg[24][13]/SE f                   -0.221     VIOLATED
      cpuregs_reg[24][12]/SE f                   -0.221     VIOLATED
      cpuregs_reg[24][11]/SE f                   -0.221     VIOLATED
      cpuregs_reg[24][10]/SE f                   -0.221     VIOLATED
      cpuregs_reg[24][9]/SE f                    -0.221     VIOLATED
      cpuregs_reg[24][8]/SE f                    -0.221     VIOLATED
      cpuregs_reg[24][7]/SE f                    -0.221     VIOLATED
      cpuregs_reg[24][6]/SE f                    -0.221     VIOLATED
      cpuregs_reg[24][5]/SE f                    -0.221     VIOLATED
      cpuregs_reg[24][4]/SE f                    -0.221     VIOLATED
      cpuregs_reg[24][3]/SE f                    -0.221     VIOLATED
      cpuregs_reg[24][2]/SE f                    -0.221     VIOLATED
      cpuregs_reg[24][1]/SE f                    -0.221     VIOLATED
      cpuregs_reg[24][0]/SE f                    -0.221     VIOLATED
      cpuregs_reg[23][31]/SE f                   -0.221     VIOLATED
      cpuregs_reg[23][30]/SE f                   -0.221     VIOLATED
      cpuregs_reg[23][29]/SE f                   -0.221     VIOLATED
      cpuregs_reg[23][28]/SE f                   -0.221     VIOLATED
      cpuregs_reg[23][27]/SE f                   -0.221     VIOLATED
      cpuregs_reg[23][26]/SE f                   -0.221     VIOLATED
      cpuregs_reg[23][25]/SE f                   -0.221     VIOLATED
      cpuregs_reg[23][24]/SE f                   -0.221     VIOLATED
      cpuregs_reg[23][23]/SE f                   -0.221     VIOLATED
      cpuregs_reg[23][22]/SE f                   -0.221     VIOLATED
      cpuregs_reg[23][21]/SE f                   -0.221     VIOLATED
      cpuregs_reg[23][20]/SE f                   -0.221     VIOLATED
      cpuregs_reg[23][19]/SE f                   -0.221     VIOLATED
      cpuregs_reg[23][18]/SE f                   -0.221     VIOLATED
      cpuregs_reg[23][17]/SE f                   -0.221     VIOLATED
      cpuregs_reg[23][16]/SE f                   -0.221     VIOLATED
      cpuregs_reg[23][15]/SE f                   -0.221     VIOLATED
      cpuregs_reg[23][14]/SE f                   -0.221     VIOLATED
      cpuregs_reg[23][13]/SE f                   -0.221     VIOLATED
      cpuregs_reg[23][12]/SE f                   -0.221     VIOLATED
      cpuregs_reg[23][11]/SE f                   -0.221     VIOLATED
      cpuregs_reg[23][10]/SE f                   -0.221     VIOLATED
      cpuregs_reg[23][9]/SE f                    -0.221     VIOLATED
      cpuregs_reg[23][8]/SE f                    -0.221     VIOLATED
      cpuregs_reg[23][7]/SE f                    -0.221     VIOLATED
      cpuregs_reg[23][6]/SE f                    -0.221     VIOLATED
      cpuregs_reg[23][5]/SE f                    -0.221     VIOLATED
      cpuregs_reg[23][4]/SE f                    -0.221     VIOLATED
      cpuregs_reg[23][3]/SE f                    -0.221     VIOLATED
      cpuregs_reg[23][2]/SE f                    -0.221     VIOLATED
      cpuregs_reg[23][1]/SE f                    -0.221     VIOLATED
      cpuregs_reg[23][0]/SE f                    -0.221     VIOLATED
      cpuregs_reg[22][31]/SE f                   -0.221     VIOLATED
      cpuregs_reg[22][30]/SE f                   -0.221     VIOLATED
      cpuregs_reg[22][29]/SE f                   -0.221     VIOLATED
      cpuregs_reg[22][28]/SE f                   -0.221     VIOLATED
      cpuregs_reg[22][27]/SE f                   -0.221     VIOLATED
      cpuregs_reg[22][26]/SE f                   -0.221     VIOLATED
      cpuregs_reg[22][25]/SE f                   -0.221     VIOLATED
      cpuregs_reg[22][24]/SE f                   -0.221     VIOLATED
      cpuregs_reg[22][23]/SE f                   -0.221     VIOLATED
      cpuregs_reg[22][22]/SE f                   -0.221     VIOLATED
      cpuregs_reg[22][21]/SE f                   -0.221     VIOLATED
      cpuregs_reg[22][20]/SE f                   -0.221     VIOLATED
      cpuregs_reg[22][19]/SE f                   -0.221     VIOLATED
      cpuregs_reg[22][18]/SE f                   -0.221     VIOLATED
      cpuregs_reg[22][17]/SE f                   -0.221     VIOLATED
      cpuregs_reg[22][16]/SE f                   -0.221     VIOLATED
      cpuregs_reg[22][15]/SE f                   -0.221     VIOLATED
      cpuregs_reg[22][14]/SE f                   -0.221     VIOLATED
      cpuregs_reg[22][13]/SE f                   -0.221     VIOLATED
      cpuregs_reg[22][12]/SE f                   -0.221     VIOLATED
      cpuregs_reg[22][11]/SE f                   -0.221     VIOLATED
      cpuregs_reg[22][10]/SE f                   -0.221     VIOLATED
      cpuregs_reg[22][9]/SE f                    -0.221     VIOLATED
      cpuregs_reg[22][8]/SE f                    -0.221     VIOLATED
      cpuregs_reg[22][7]/SE f                    -0.221     VIOLATED
      cpuregs_reg[22][6]/SE f                    -0.221     VIOLATED
      cpuregs_reg[22][5]/SE f                    -0.221     VIOLATED
      cpuregs_reg[22][4]/SE f                    -0.221     VIOLATED
      cpuregs_reg[22][3]/SE f                    -0.221     VIOLATED
      cpuregs_reg[22][2]/SE f                    -0.221     VIOLATED
      cpuregs_reg[22][1]/SE f                    -0.221     VIOLATED
      cpuregs_reg[22][0]/SE f                    -0.221     VIOLATED
      cpuregs_reg[21][31]/SE f                   -0.221     VIOLATED
      cpuregs_reg[21][30]/SE f                   -0.221     VIOLATED
      cpuregs_reg[21][29]/SE f                   -0.221     VIOLATED
      cpuregs_reg[21][28]/SE f                   -0.221     VIOLATED
      cpuregs_reg[21][27]/SE f                   -0.221     VIOLATED
      cpuregs_reg[21][26]/SE f                   -0.221     VIOLATED
      cpuregs_reg[21][25]/SE f                   -0.221     VIOLATED
      cpuregs_reg[21][24]/SE f                   -0.221     VIOLATED
      cpuregs_reg[21][23]/SE f                   -0.221     VIOLATED
      cpuregs_reg[21][22]/SE f                   -0.221     VIOLATED
      cpuregs_reg[21][21]/SE f                   -0.221     VIOLATED
      cpuregs_reg[21][20]/SE f                   -0.221     VIOLATED
      cpuregs_reg[21][19]/SE f                   -0.221     VIOLATED
      cpuregs_reg[21][18]/SE f                   -0.221     VIOLATED
      cpuregs_reg[21][17]/SE f                   -0.221     VIOLATED
      cpuregs_reg[21][16]/SE f                   -0.221     VIOLATED
      cpuregs_reg[21][15]/SE f                   -0.221     VIOLATED
      cpuregs_reg[21][14]/SE f                   -0.221     VIOLATED
      cpuregs_reg[21][13]/SE f                   -0.221     VIOLATED
      cpuregs_reg[21][12]/SE f                   -0.221     VIOLATED
      cpuregs_reg[21][11]/SE f                   -0.221     VIOLATED
      cpuregs_reg[21][10]/SE f                   -0.221     VIOLATED
      cpuregs_reg[21][9]/SE f                    -0.221     VIOLATED
      cpuregs_reg[21][8]/SE f                    -0.221     VIOLATED
      cpuregs_reg[21][7]/SE f                    -0.221     VIOLATED
      cpuregs_reg[21][6]/SE f                    -0.221     VIOLATED
      cpuregs_reg[21][5]/SE f                    -0.221     VIOLATED
      cpuregs_reg[21][4]/SE f                    -0.221     VIOLATED
      cpuregs_reg[21][3]/SE f                    -0.221     VIOLATED
      cpuregs_reg[21][2]/SE f                    -0.221     VIOLATED
      cpuregs_reg[21][1]/SE f                    -0.221     VIOLATED
      cpuregs_reg[21][0]/SE f                    -0.221     VIOLATED
      cpuregs_reg[20][31]/SE f                   -0.221     VIOLATED
      cpuregs_reg[20][30]/SE f                   -0.221     VIOLATED
      cpuregs_reg[20][29]/SE f                   -0.221     VIOLATED
      cpuregs_reg[20][28]/SE f                   -0.221     VIOLATED
      cpuregs_reg[20][27]/SE f                   -0.221     VIOLATED
      cpuregs_reg[20][26]/SE f                   -0.221     VIOLATED
      cpuregs_reg[20][25]/SE f                   -0.221     VIOLATED
      cpuregs_reg[20][24]/SE f                   -0.221     VIOLATED
      cpuregs_reg[20][23]/SE f                   -0.221     VIOLATED
      cpuregs_reg[20][22]/SE f                   -0.221     VIOLATED
      cpuregs_reg[20][21]/SE f                   -0.221     VIOLATED
      cpuregs_reg[20][20]/SE f                   -0.221     VIOLATED
      cpuregs_reg[20][19]/SE f                   -0.221     VIOLATED
      cpuregs_reg[20][18]/SE f                   -0.221     VIOLATED
      cpuregs_reg[20][17]/SE f                   -0.221     VIOLATED
      cpuregs_reg[20][16]/SE f                   -0.221     VIOLATED
      cpuregs_reg[20][15]/SE f                   -0.221     VIOLATED
      cpuregs_reg[20][14]/SE f                   -0.221     VIOLATED
      cpuregs_reg[20][13]/SE f                   -0.221     VIOLATED
      cpuregs_reg[20][12]/SE f                   -0.221     VIOLATED
      cpuregs_reg[20][11]/SE f                   -0.221     VIOLATED
      cpuregs_reg[20][10]/SE f                   -0.221     VIOLATED
      cpuregs_reg[20][9]/SE f                    -0.221     VIOLATED
      cpuregs_reg[20][8]/SE f                    -0.221     VIOLATED
      cpuregs_reg[20][7]/SE f                    -0.221     VIOLATED
      cpuregs_reg[20][6]/SE f                    -0.221     VIOLATED
      cpuregs_reg[20][5]/SE f                    -0.221     VIOLATED
      cpuregs_reg[20][4]/SE f                    -0.221     VIOLATED
      cpuregs_reg[20][3]/SE f                    -0.221     VIOLATED
      cpuregs_reg[20][2]/SE f                    -0.221     VIOLATED
      cpuregs_reg[20][1]/SE f                    -0.221     VIOLATED
      cpuregs_reg[20][0]/SE f                    -0.221     VIOLATED
      cpuregs_reg[19][31]/SE f                   -0.221     VIOLATED
      cpuregs_reg[19][30]/SE f                   -0.221     VIOLATED
      cpuregs_reg[19][29]/SE f                   -0.221     VIOLATED
      cpuregs_reg[19][28]/SE f                   -0.221     VIOLATED
      cpuregs_reg[19][27]/SE f                   -0.221     VIOLATED
      cpuregs_reg[19][26]/SE f                   -0.221     VIOLATED
      cpuregs_reg[19][25]/SE f                   -0.221     VIOLATED
      cpuregs_reg[19][24]/SE f                   -0.221     VIOLATED
      cpuregs_reg[19][23]/SE f                   -0.221     VIOLATED
      cpuregs_reg[19][22]/SE f                   -0.221     VIOLATED
      cpuregs_reg[19][21]/SE f                   -0.221     VIOLATED
      cpuregs_reg[19][20]/SE f                   -0.221     VIOLATED
      cpuregs_reg[19][19]/SE f                   -0.221     VIOLATED
      cpuregs_reg[19][18]/SE f                   -0.221     VIOLATED
      cpuregs_reg[19][17]/SE f                   -0.221     VIOLATED
      cpuregs_reg[19][16]/SE f                   -0.221     VIOLATED
      cpuregs_reg[19][15]/SE f                   -0.221     VIOLATED
      cpuregs_reg[19][14]/SE f                   -0.221     VIOLATED
      cpuregs_reg[19][13]/SE f                   -0.221     VIOLATED
      cpuregs_reg[19][12]/SE f                   -0.221     VIOLATED
      cpuregs_reg[19][11]/SE f                   -0.221     VIOLATED
      cpuregs_reg[19][10]/SE f                   -0.221     VIOLATED
      cpuregs_reg[19][9]/SE f                    -0.221     VIOLATED
      cpuregs_reg[19][8]/SE f                    -0.221     VIOLATED
      cpuregs_reg[19][7]/SE f                    -0.221     VIOLATED
      cpuregs_reg[19][6]/SE f                    -0.221     VIOLATED
      cpuregs_reg[19][5]/SE f                    -0.221     VIOLATED
      cpuregs_reg[19][4]/SE f                    -0.221     VIOLATED
      cpuregs_reg[19][3]/SE f                    -0.221     VIOLATED
      cpuregs_reg[19][2]/SE f                    -0.221     VIOLATED
      cpuregs_reg[19][1]/SE f                    -0.221     VIOLATED
      cpuregs_reg[19][0]/SE f                    -0.221     VIOLATED
      cpuregs_reg[18][31]/SE f                   -0.221     VIOLATED
      cpuregs_reg[18][30]/SE f                   -0.221     VIOLATED
      cpuregs_reg[18][29]/SE f                   -0.221     VIOLATED
      cpuregs_reg[18][28]/SE f                   -0.221     VIOLATED
      cpuregs_reg[18][27]/SE f                   -0.221     VIOLATED
      cpuregs_reg[18][26]/SE f                   -0.221     VIOLATED
      cpuregs_reg[18][25]/SE f                   -0.221     VIOLATED
      cpuregs_reg[18][24]/SE f                   -0.221     VIOLATED
      cpuregs_reg[18][23]/SE f                   -0.221     VIOLATED
      cpuregs_reg[18][22]/SE f                   -0.221     VIOLATED
      cpuregs_reg[18][21]/SE f                   -0.221     VIOLATED
      cpuregs_reg[18][20]/SE f                   -0.221     VIOLATED
      cpuregs_reg[18][19]/SE f                   -0.221     VIOLATED
      cpuregs_reg[18][18]/SE f                   -0.221     VIOLATED
      cpuregs_reg[18][17]/SE f                   -0.221     VIOLATED
      cpuregs_reg[18][16]/SE f                   -0.221     VIOLATED
      cpuregs_reg[18][15]/SE f                   -0.221     VIOLATED
      cpuregs_reg[18][14]/SE f                   -0.221     VIOLATED
      cpuregs_reg[18][13]/SE f                   -0.221     VIOLATED
      cpuregs_reg[18][12]/SE f                   -0.221     VIOLATED
      cpuregs_reg[18][11]/SE f                   -0.221     VIOLATED
      cpuregs_reg[18][10]/SE f                   -0.221     VIOLATED
      cpuregs_reg[18][9]/SE f                    -0.221     VIOLATED
      cpuregs_reg[18][8]/SE f                    -0.221     VIOLATED
      cpuregs_reg[18][7]/SE f                    -0.221     VIOLATED
      cpuregs_reg[18][6]/SE f                    -0.221     VIOLATED
      cpuregs_reg[18][5]/SE f                    -0.221     VIOLATED
      cpuregs_reg[18][4]/SE f                    -0.221     VIOLATED
      cpuregs_reg[18][3]/SE f                    -0.221     VIOLATED
      cpuregs_reg[18][2]/SE f                    -0.221     VIOLATED
      cpuregs_reg[18][1]/SE f                    -0.221     VIOLATED
      cpuregs_reg[18][0]/SE f                    -0.221     VIOLATED
      cpuregs_reg[17][31]/SE f                   -0.221     VIOLATED
      cpuregs_reg[17][30]/SE f                   -0.221     VIOLATED
      cpuregs_reg[17][29]/SE f                   -0.221     VIOLATED
      cpuregs_reg[17][28]/SE f                   -0.221     VIOLATED
      cpuregs_reg[17][27]/SE f                   -0.221     VIOLATED
      cpuregs_reg[17][26]/SE f                   -0.221     VIOLATED
      cpuregs_reg[17][25]/SE f                   -0.221     VIOLATED
      cpuregs_reg[17][24]/SE f                   -0.221     VIOLATED
      cpuregs_reg[17][23]/SE f                   -0.221     VIOLATED
      cpuregs_reg[17][22]/SE f                   -0.221     VIOLATED
      cpuregs_reg[17][21]/SE f                   -0.221     VIOLATED
      cpuregs_reg[17][20]/SE f                   -0.221     VIOLATED
      cpuregs_reg[17][19]/SE f                   -0.221     VIOLATED
      cpuregs_reg[17][18]/SE f                   -0.221     VIOLATED
      cpuregs_reg[17][17]/SE f                   -0.221     VIOLATED
      cpuregs_reg[17][16]/SE f                   -0.221     VIOLATED
      cpuregs_reg[17][15]/SE f                   -0.221     VIOLATED
      cpuregs_reg[17][14]/SE f                   -0.221     VIOLATED
      cpuregs_reg[17][13]/SE f                   -0.221     VIOLATED
      cpuregs_reg[17][12]/SE f                   -0.221     VIOLATED
      cpuregs_reg[17][11]/SE f                   -0.221     VIOLATED
      cpuregs_reg[17][10]/SE f                   -0.221     VIOLATED
      cpuregs_reg[17][9]/SE f                    -0.221     VIOLATED
      cpuregs_reg[17][8]/SE f                    -0.221     VIOLATED
      cpuregs_reg[17][7]/SE f                    -0.221     VIOLATED
      cpuregs_reg[17][6]/SE f                    -0.221     VIOLATED
      cpuregs_reg[17][5]/SE f                    -0.221     VIOLATED
      cpuregs_reg[17][4]/SE f                    -0.221     VIOLATED
      cpuregs_reg[17][3]/SE f                    -0.221     VIOLATED
      cpuregs_reg[17][2]/SE f                    -0.221     VIOLATED
      cpuregs_reg[17][1]/SE f                    -0.221     VIOLATED
      cpuregs_reg[17][0]/SE f                    -0.221     VIOLATED
      cpuregs_reg[16][31]/SE f                   -0.221     VIOLATED
      cpuregs_reg[16][30]/SE f                   -0.221     VIOLATED
      cpuregs_reg[16][29]/SE f                   -0.221     VIOLATED
      cpuregs_reg[16][28]/SE f                   -0.221     VIOLATED
      cpuregs_reg[16][27]/SE f                   -0.221     VIOLATED
      cpuregs_reg[16][26]/SE f                   -0.221     VIOLATED
      cpuregs_reg[16][25]/SE f                   -0.221     VIOLATED
      cpuregs_reg[16][24]/SE f                   -0.221     VIOLATED
      cpuregs_reg[16][23]/SE f                   -0.221     VIOLATED
      cpuregs_reg[16][22]/SE f                   -0.221     VIOLATED
      cpuregs_reg[16][21]/SE f                   -0.221     VIOLATED
      cpuregs_reg[16][20]/SE f                   -0.221     VIOLATED
      cpuregs_reg[16][19]/SE f                   -0.221     VIOLATED
      cpuregs_reg[16][18]/SE f                   -0.221     VIOLATED
      cpuregs_reg[16][17]/SE f                   -0.221     VIOLATED
      cpuregs_reg[16][16]/SE f                   -0.221     VIOLATED
      cpuregs_reg[16][15]/SE f                   -0.221     VIOLATED
      cpuregs_reg[16][14]/SE f                   -0.221     VIOLATED
      cpuregs_reg[16][13]/SE f                   -0.221     VIOLATED
      cpuregs_reg[16][12]/SE f                   -0.221     VIOLATED
      cpuregs_reg[16][11]/SE f                   -0.221     VIOLATED
      cpuregs_reg[16][10]/SE f                   -0.221     VIOLATED
      cpuregs_reg[16][9]/SE f                    -0.221     VIOLATED
      cpuregs_reg[16][8]/SE f                    -0.221     VIOLATED
      cpuregs_reg[16][7]/SE f                    -0.221     VIOLATED
      cpuregs_reg[16][6]/SE f                    -0.221     VIOLATED
      cpuregs_reg[16][5]/SE f                    -0.221     VIOLATED
      cpuregs_reg[16][4]/SE f                    -0.221     VIOLATED
      cpuregs_reg[16][3]/SE f                    -0.221     VIOLATED
      cpuregs_reg[16][2]/SE f                    -0.221     VIOLATED
      cpuregs_reg[16][1]/SE f                    -0.221     VIOLATED
      cpuregs_reg[16][0]/SE f                    -0.221     VIOLATED
      cpuregs_reg[15][31]/SE f                   -0.221     VIOLATED
      cpuregs_reg[15][30]/SE f                   -0.221     VIOLATED
      cpuregs_reg[15][29]/SE f                   -0.221     VIOLATED
      cpuregs_reg[15][28]/SE f                   -0.221     VIOLATED
      cpuregs_reg[15][27]/SE f                   -0.221     VIOLATED
      cpuregs_reg[15][26]/SE f                   -0.221     VIOLATED
      cpuregs_reg[15][25]/SE f                   -0.221     VIOLATED
      cpuregs_reg[15][24]/SE f                   -0.221     VIOLATED
      cpuregs_reg[15][23]/SE f                   -0.221     VIOLATED
      cpuregs_reg[15][22]/SE f                   -0.221     VIOLATED
      cpuregs_reg[15][21]/SE f                   -0.221     VIOLATED
      cpuregs_reg[15][20]/SE f                   -0.221     VIOLATED
      cpuregs_reg[15][19]/SE f                   -0.221     VIOLATED
      cpuregs_reg[15][18]/SE f                   -0.221     VIOLATED
      cpuregs_reg[15][17]/SE f                   -0.221     VIOLATED
      cpuregs_reg[15][16]/SE f                   -0.221     VIOLATED
      cpuregs_reg[15][15]/SE f                   -0.221     VIOLATED
      cpuregs_reg[15][14]/SE f                   -0.221     VIOLATED
      cpuregs_reg[15][13]/SE f                   -0.221     VIOLATED
      cpuregs_reg[15][12]/SE f                   -0.221     VIOLATED
      cpuregs_reg[15][11]/SE f                   -0.221     VIOLATED
      cpuregs_reg[15][10]/SE f                   -0.221     VIOLATED
      cpuregs_reg[15][9]/SE f                    -0.221     VIOLATED
      cpuregs_reg[15][8]/SE f                    -0.221     VIOLATED
      cpuregs_reg[15][7]/SE f                    -0.221     VIOLATED
      cpuregs_reg[15][6]/SE f                    -0.221     VIOLATED
      cpuregs_reg[15][5]/SE f                    -0.221     VIOLATED
      cpuregs_reg[15][4]/SE f                    -0.221     VIOLATED
      cpuregs_reg[15][3]/SE f                    -0.221     VIOLATED
      cpuregs_reg[15][2]/SE f                    -0.221     VIOLATED
      cpuregs_reg[15][1]/SE f                    -0.221     VIOLATED
      cpuregs_reg[15][0]/SE f                    -0.221     VIOLATED
      cpuregs_reg[14][31]/SE f                   -0.221     VIOLATED
      cpuregs_reg[14][30]/SE f                   -0.221     VIOLATED
      cpuregs_reg[14][29]/SE f                   -0.221     VIOLATED
      cpuregs_reg[14][28]/SE f                   -0.221     VIOLATED
      cpuregs_reg[14][27]/SE f                   -0.221     VIOLATED
      cpuregs_reg[14][26]/SE f                   -0.221     VIOLATED
      cpuregs_reg[14][25]/SE f                   -0.221     VIOLATED
      cpuregs_reg[14][24]/SE f                   -0.221     VIOLATED
      cpuregs_reg[14][23]/SE f                   -0.221     VIOLATED
      cpuregs_reg[14][22]/SE f                   -0.221     VIOLATED
      cpuregs_reg[14][21]/SE f                   -0.221     VIOLATED
      cpuregs_reg[14][20]/SE f                   -0.221     VIOLATED
      cpuregs_reg[14][19]/SE f                   -0.221     VIOLATED
      cpuregs_reg[14][18]/SE f                   -0.221     VIOLATED
      cpuregs_reg[14][17]/SE f                   -0.221     VIOLATED
      cpuregs_reg[14][16]/SE f                   -0.221     VIOLATED
      cpuregs_reg[14][15]/SE f                   -0.221     VIOLATED
      cpuregs_reg[14][14]/SE f                   -0.221     VIOLATED
      cpuregs_reg[14][13]/SE f                   -0.221     VIOLATED
      cpuregs_reg[14][12]/SE f                   -0.221     VIOLATED
      cpuregs_reg[14][11]/SE f                   -0.221     VIOLATED
      cpuregs_reg[14][10]/SE f                   -0.221     VIOLATED
      cpuregs_reg[14][9]/SE f                    -0.221     VIOLATED
      cpuregs_reg[14][8]/SE f                    -0.221     VIOLATED
      cpuregs_reg[14][7]/SE f                    -0.221     VIOLATED
      cpuregs_reg[14][6]/SE f                    -0.221     VIOLATED
      cpuregs_reg[14][5]/SE f                    -0.221     VIOLATED
      cpuregs_reg[14][4]/SE f                    -0.221     VIOLATED
      cpuregs_reg[14][3]/SE f                    -0.221     VIOLATED
      cpuregs_reg[14][2]/SE f                    -0.221     VIOLATED
      cpuregs_reg[14][1]/SE f                    -0.221     VIOLATED
      cpuregs_reg[14][0]/SE f                    -0.221     VIOLATED
      cpuregs_reg[13][31]/SE f                   -0.221     VIOLATED
      cpuregs_reg[13][30]/SE f                   -0.221     VIOLATED
      cpuregs_reg[13][29]/SE f                   -0.221     VIOLATED
      cpuregs_reg[13][28]/SE f                   -0.221     VIOLATED
      cpuregs_reg[13][27]/SE f                   -0.221     VIOLATED
      cpuregs_reg[13][26]/SE f                   -0.221     VIOLATED
      cpuregs_reg[13][25]/SE f                   -0.221     VIOLATED
      cpuregs_reg[13][24]/SE f                   -0.221     VIOLATED
      cpuregs_reg[13][23]/SE f                   -0.221     VIOLATED
      cpuregs_reg[13][22]/SE f                   -0.221     VIOLATED
      cpuregs_reg[13][21]/SE f                   -0.221     VIOLATED
      cpuregs_reg[13][20]/SE f                   -0.221     VIOLATED
      cpuregs_reg[13][19]/SE f                   -0.221     VIOLATED
      cpuregs_reg[13][18]/SE f                   -0.221     VIOLATED
      cpuregs_reg[13][17]/SE f                   -0.221     VIOLATED
      cpuregs_reg[13][16]/SE f                   -0.221     VIOLATED
      cpuregs_reg[13][15]/SE f                   -0.221     VIOLATED
      cpuregs_reg[13][14]/SE f                   -0.221     VIOLATED
      cpuregs_reg[13][13]/SE f                   -0.221     VIOLATED
      cpuregs_reg[13][12]/SE f                   -0.221     VIOLATED
      cpuregs_reg[13][11]/SE f                   -0.221     VIOLATED
      cpuregs_reg[13][10]/SE f                   -0.221     VIOLATED
      cpuregs_reg[13][9]/SE f                    -0.221     VIOLATED
      cpuregs_reg[13][8]/SE f                    -0.221     VIOLATED
      cpuregs_reg[13][7]/SE f                    -0.221     VIOLATED
      cpuregs_reg[13][6]/SE f                    -0.221     VIOLATED
      cpuregs_reg[13][5]/SE f                    -0.221     VIOLATED
      cpuregs_reg[13][4]/SE f                    -0.221     VIOLATED
      cpuregs_reg[13][3]/SE f                    -0.221     VIOLATED
      cpuregs_reg[13][2]/SE f                    -0.221     VIOLATED
      cpuregs_reg[13][1]/SE f                    -0.221     VIOLATED
      cpuregs_reg[13][0]/SE f                    -0.221     VIOLATED
      cpuregs_reg[12][31]/SE f                   -0.221     VIOLATED
      cpuregs_reg[12][30]/SE f                   -0.221     VIOLATED
      cpuregs_reg[12][29]/SE f                   -0.221     VIOLATED
      cpuregs_reg[12][28]/SE f                   -0.221     VIOLATED
      cpuregs_reg[12][27]/SE f                   -0.221     VIOLATED
      cpuregs_reg[12][26]/SE f                   -0.221     VIOLATED
      cpuregs_reg[12][25]/SE f                   -0.221     VIOLATED
      cpuregs_reg[12][24]/SE f                   -0.221     VIOLATED
      cpuregs_reg[12][23]/SE f                   -0.221     VIOLATED
      cpuregs_reg[12][22]/SE f                   -0.221     VIOLATED
      cpuregs_reg[12][21]/SE f                   -0.221     VIOLATED
      cpuregs_reg[12][20]/SE f                   -0.221     VIOLATED
      cpuregs_reg[12][19]/SE f                   -0.221     VIOLATED
      cpuregs_reg[12][18]/SE f                   -0.221     VIOLATED
      cpuregs_reg[12][17]/SE f                   -0.221     VIOLATED
      cpuregs_reg[12][16]/SE f                   -0.221     VIOLATED
      cpuregs_reg[12][15]/SE f                   -0.221     VIOLATED
      cpuregs_reg[12][14]/SE f                   -0.221     VIOLATED
      cpuregs_reg[12][13]/SE f                   -0.221     VIOLATED
      cpuregs_reg[12][12]/SE f                   -0.221     VIOLATED
      cpuregs_reg[12][11]/SE f                   -0.221     VIOLATED
      cpuregs_reg[12][10]/SE f                   -0.221     VIOLATED
      cpuregs_reg[12][9]/SE f                    -0.221     VIOLATED
      cpuregs_reg[12][8]/SE f                    -0.221     VIOLATED
      cpuregs_reg[12][7]/SE f                    -0.221     VIOLATED
      cpuregs_reg[12][6]/SE f                    -0.221     VIOLATED
      cpuregs_reg[12][5]/SE f                    -0.221     VIOLATED
      cpuregs_reg[12][4]/SE f                    -0.221     VIOLATED
      cpuregs_reg[12][3]/SE f                    -0.221     VIOLATED
      cpuregs_reg[12][2]/SE f                    -0.221     VIOLATED
      cpuregs_reg[12][1]/SE f                    -0.221     VIOLATED
      cpuregs_reg[12][0]/SE f                    -0.221     VIOLATED
      cpuregs_reg[11][31]/SE f                   -0.221     VIOLATED
      cpuregs_reg[11][30]/SE f                   -0.221     VIOLATED
      cpuregs_reg[11][29]/SE f                   -0.221     VIOLATED
      cpuregs_reg[11][28]/SE f                   -0.221     VIOLATED
      cpuregs_reg[11][27]/SE f                   -0.221     VIOLATED
      cpuregs_reg[11][26]/SE f                   -0.221     VIOLATED
      cpuregs_reg[11][25]/SE f                   -0.221     VIOLATED
      cpuregs_reg[11][24]/SE f                   -0.221     VIOLATED
      cpuregs_reg[11][23]/SE f                   -0.221     VIOLATED
      cpuregs_reg[11][22]/SE f                   -0.221     VIOLATED
      cpuregs_reg[11][21]/SE f                   -0.221     VIOLATED
      cpuregs_reg[11][20]/SE f                   -0.221     VIOLATED
      cpuregs_reg[11][19]/SE f                   -0.221     VIOLATED
      cpuregs_reg[11][18]/SE f                   -0.221     VIOLATED
      cpuregs_reg[11][17]/SE f                   -0.221     VIOLATED
      cpuregs_reg[11][16]/SE f                   -0.221     VIOLATED
      cpuregs_reg[11][15]/SE f                   -0.221     VIOLATED
      cpuregs_reg[11][14]/SE f                   -0.221     VIOLATED
      cpuregs_reg[11][13]/SE f                   -0.221     VIOLATED
      cpuregs_reg[11][12]/SE f                   -0.221     VIOLATED
      cpuregs_reg[11][11]/SE f                   -0.221     VIOLATED
      cpuregs_reg[11][10]/SE f                   -0.221     VIOLATED
      cpuregs_reg[11][9]/SE f                    -0.221     VIOLATED
      cpuregs_reg[11][8]/SE f                    -0.221     VIOLATED
      cpuregs_reg[11][7]/SE f                    -0.221     VIOLATED
      cpuregs_reg[11][6]/SE f                    -0.221     VIOLATED
      cpuregs_reg[11][5]/SE f                    -0.221     VIOLATED
      cpuregs_reg[11][4]/SE f                    -0.221     VIOLATED
      cpuregs_reg[11][3]/SE f                    -0.221     VIOLATED
      cpuregs_reg[11][2]/SE f                    -0.221     VIOLATED
      cpuregs_reg[11][1]/SE f                    -0.221     VIOLATED
      cpuregs_reg[11][0]/SE f                    -0.221     VIOLATED
      cpuregs_reg[10][31]/SE f                   -0.221     VIOLATED
      cpuregs_reg[10][30]/SE f                   -0.221     VIOLATED
      cpuregs_reg[10][29]/SE f                   -0.221     VIOLATED
      cpuregs_reg[10][28]/SE f                   -0.221     VIOLATED
      cpuregs_reg[10][27]/SE f                   -0.221     VIOLATED
      cpuregs_reg[10][26]/SE f                   -0.221     VIOLATED
      cpuregs_reg[10][25]/SE f                   -0.221     VIOLATED
      cpuregs_reg[10][24]/SE f                   -0.221     VIOLATED
      cpuregs_reg[10][23]/SE f                   -0.221     VIOLATED
      cpuregs_reg[10][22]/SE f                   -0.221     VIOLATED
      cpuregs_reg[10][21]/SE f                   -0.221     VIOLATED
      cpuregs_reg[10][20]/SE f                   -0.221     VIOLATED
      cpuregs_reg[10][19]/SE f                   -0.221     VIOLATED
      cpuregs_reg[10][18]/SE f                   -0.221     VIOLATED
      cpuregs_reg[10][17]/SE f                   -0.221     VIOLATED
      cpuregs_reg[10][16]/SE f                   -0.221     VIOLATED
      cpuregs_reg[10][15]/SE f                   -0.221     VIOLATED
      cpuregs_reg[10][14]/SE f                   -0.221     VIOLATED
      cpuregs_reg[10][13]/SE f                   -0.221     VIOLATED
      cpuregs_reg[10][12]/SE f                   -0.221     VIOLATED
      cpuregs_reg[10][11]/SE f                   -0.221     VIOLATED
      cpuregs_reg[10][10]/SE f                   -0.221     VIOLATED
      cpuregs_reg[10][9]/SE f                    -0.221     VIOLATED
      cpuregs_reg[10][8]/SE f                    -0.221     VIOLATED
      cpuregs_reg[10][7]/SE f                    -0.221     VIOLATED
      cpuregs_reg[10][6]/SE f                    -0.221     VIOLATED
      cpuregs_reg[10][5]/SE f                    -0.221     VIOLATED
      cpuregs_reg[10][4]/SE f                    -0.221     VIOLATED
      cpuregs_reg[10][3]/SE f                    -0.221     VIOLATED
      cpuregs_reg[10][2]/SE f                    -0.221     VIOLATED
      cpuregs_reg[10][1]/SE f                    -0.221     VIOLATED
      cpuregs_reg[10][0]/SE f                    -0.221     VIOLATED
      cpuregs_reg[9][31]/SE f                    -0.221     VIOLATED
      cpuregs_reg[9][30]/SE f                    -0.221     VIOLATED
      cpuregs_reg[9][29]/SE f                    -0.221     VIOLATED
      cpuregs_reg[9][28]/SE f                    -0.221     VIOLATED
      cpuregs_reg[9][27]/SE f                    -0.221     VIOLATED
      cpuregs_reg[9][26]/SE f                    -0.221     VIOLATED
      cpuregs_reg[9][25]/SE f                    -0.221     VIOLATED
      cpuregs_reg[9][24]/SE f                    -0.221     VIOLATED
      cpuregs_reg[9][23]/SE f                    -0.221     VIOLATED
      cpuregs_reg[9][22]/SE f                    -0.221     VIOLATED
      cpuregs_reg[9][21]/SE f                    -0.221     VIOLATED
      cpuregs_reg[9][20]/SE f                    -0.221     VIOLATED
      cpuregs_reg[9][19]/SE f                    -0.221     VIOLATED
      cpuregs_reg[9][18]/SE f                    -0.221     VIOLATED
      cpuregs_reg[9][17]/SE f                    -0.221     VIOLATED
      cpuregs_reg[9][16]/SE f                    -0.221     VIOLATED
      cpuregs_reg[9][15]/SE f                    -0.221     VIOLATED
      cpuregs_reg[9][14]/SE f                    -0.221     VIOLATED
      cpuregs_reg[9][13]/SE f                    -0.221     VIOLATED
      cpuregs_reg[9][12]/SE f                    -0.221     VIOLATED
      cpuregs_reg[9][11]/SE f                    -0.221     VIOLATED
      cpuregs_reg[9][10]/SE f                    -0.221     VIOLATED
      cpuregs_reg[9][9]/SE f                     -0.221     VIOLATED
      cpuregs_reg[9][8]/SE f                     -0.221     VIOLATED
      cpuregs_reg[9][7]/SE f                     -0.221     VIOLATED
      cpuregs_reg[9][6]/SE f                     -0.221     VIOLATED
      cpuregs_reg[9][5]/SE f                     -0.221     VIOLATED
      cpuregs_reg[9][4]/SE f                     -0.221     VIOLATED
      cpuregs_reg[9][3]/SE f                     -0.221     VIOLATED
      cpuregs_reg[9][2]/SE f                     -0.221     VIOLATED
      cpuregs_reg[9][1]/SE f                     -0.221     VIOLATED
      cpuregs_reg[9][0]/SE f                     -0.221     VIOLATED
      cpuregs_reg[8][31]/SE f                    -0.221     VIOLATED
      cpuregs_reg[8][30]/SE f                    -0.221     VIOLATED
      cpuregs_reg[8][29]/SE f                    -0.221     VIOLATED
      cpuregs_reg[8][28]/SE f                    -0.221     VIOLATED
      cpuregs_reg[8][27]/SE f                    -0.221     VIOLATED
      cpuregs_reg[8][26]/SE f                    -0.221     VIOLATED
      cpuregs_reg[8][25]/SE f                    -0.221     VIOLATED
      cpuregs_reg[8][24]/SE f                    -0.221     VIOLATED
      cpuregs_reg[8][23]/SE f                    -0.221     VIOLATED
      cpuregs_reg[8][22]/SE f                    -0.221     VIOLATED
      cpuregs_reg[8][21]/SE f                    -0.221     VIOLATED
      cpuregs_reg[8][20]/SE f                    -0.221     VIOLATED
      cpuregs_reg[8][19]/SE f                    -0.221     VIOLATED
      cpuregs_reg[8][18]/SE f                    -0.221     VIOLATED
      cpuregs_reg[8][17]/SE f                    -0.221     VIOLATED
      cpuregs_reg[8][16]/SE f                    -0.221     VIOLATED
      cpuregs_reg[8][15]/SE f                    -0.221     VIOLATED
      cpuregs_reg[8][14]/SE f                    -0.221     VIOLATED
      cpuregs_reg[8][13]/SE f                    -0.221     VIOLATED
      cpuregs_reg[8][12]/SE f                    -0.221     VIOLATED
      cpuregs_reg[8][11]/SE f                    -0.221     VIOLATED
      cpuregs_reg[8][10]/SE f                    -0.221     VIOLATED
      cpuregs_reg[8][9]/SE f                     -0.221     VIOLATED
      cpuregs_reg[8][8]/SE f                     -0.221     VIOLATED
      cpuregs_reg[8][7]/SE f                     -0.221     VIOLATED
      cpuregs_reg[8][6]/SE f                     -0.221     VIOLATED
      cpuregs_reg[8][5]/SE f                     -0.221     VIOLATED
      cpuregs_reg[8][4]/SE f                     -0.221     VIOLATED
      cpuregs_reg[8][3]/SE f                     -0.221     VIOLATED
      cpuregs_reg[8][2]/SE f                     -0.221     VIOLATED
      cpuregs_reg[8][1]/SE f                     -0.221     VIOLATED
      cpuregs_reg[8][0]/SE f                     -0.221     VIOLATED
      cpuregs_reg[7][31]/SE f                    -0.221     VIOLATED
      cpuregs_reg[7][30]/SE f                    -0.221     VIOLATED
      cpuregs_reg[7][29]/SE f                    -0.221     VIOLATED
      cpuregs_reg[7][28]/SE f                    -0.221     VIOLATED
      cpuregs_reg[7][27]/SE f                    -0.221     VIOLATED
      cpuregs_reg[7][26]/SE f                    -0.221     VIOLATED
      cpuregs_reg[7][25]/SE f                    -0.221     VIOLATED
      cpuregs_reg[7][24]/SE f                    -0.221     VIOLATED
      cpuregs_reg[7][23]/SE f                    -0.221     VIOLATED
      cpuregs_reg[7][22]/SE f                    -0.221     VIOLATED
      cpuregs_reg[7][21]/SE f                    -0.221     VIOLATED
      cpuregs_reg[7][20]/SE f                    -0.221     VIOLATED
      cpuregs_reg[7][19]/SE f                    -0.221     VIOLATED
      cpuregs_reg[7][18]/SE f                    -0.221     VIOLATED
      cpuregs_reg[7][17]/SE f                    -0.221     VIOLATED
      cpuregs_reg[7][16]/SE f                    -0.221     VIOLATED
      cpuregs_reg[7][15]/SE f                    -0.221     VIOLATED
      cpuregs_reg[7][14]/SE f                    -0.221     VIOLATED
      cpuregs_reg[7][13]/SE f                    -0.221     VIOLATED
      cpuregs_reg[7][12]/SE f                    -0.221     VIOLATED
      cpuregs_reg[7][11]/SE f                    -0.221     VIOLATED
      cpuregs_reg[7][10]/SE f                    -0.221     VIOLATED
      cpuregs_reg[7][9]/SE f                     -0.221     VIOLATED
      cpuregs_reg[7][8]/SE f                     -0.221     VIOLATED
      cpuregs_reg[7][7]/SE f                     -0.221     VIOLATED
      cpuregs_reg[7][6]/SE f                     -0.221     VIOLATED
      cpuregs_reg[7][5]/SE f                     -0.221     VIOLATED
      cpuregs_reg[7][4]/SE f                     -0.221     VIOLATED
      cpuregs_reg[7][3]/SE f                     -0.221     VIOLATED
      cpuregs_reg[7][2]/SE f                     -0.221     VIOLATED
      cpuregs_reg[7][1]/SE f                     -0.221     VIOLATED
      cpuregs_reg[7][0]/SE f                     -0.221     VIOLATED
      cpuregs_reg[6][31]/SE f                    -0.221     VIOLATED
      cpuregs_reg[6][30]/SE f                    -0.221     VIOLATED
      cpuregs_reg[6][29]/SE f                    -0.221     VIOLATED
      cpuregs_reg[6][28]/SE f                    -0.221     VIOLATED
      cpuregs_reg[6][27]/SE f                    -0.221     VIOLATED
      cpuregs_reg[6][26]/SE f                    -0.221     VIOLATED
      cpuregs_reg[6][25]/SE f                    -0.221     VIOLATED
      cpuregs_reg[6][24]/SE f                    -0.221     VIOLATED
      cpuregs_reg[6][23]/SE f                    -0.221     VIOLATED
      cpuregs_reg[6][22]/SE f                    -0.221     VIOLATED
      cpuregs_reg[6][21]/SE f                    -0.221     VIOLATED
      cpuregs_reg[6][20]/SE f                    -0.221     VIOLATED
      cpuregs_reg[6][19]/SE f                    -0.221     VIOLATED
      cpuregs_reg[6][18]/SE f                    -0.221     VIOLATED
      cpuregs_reg[6][17]/SE f                    -0.221     VIOLATED
      cpuregs_reg[6][16]/SE f                    -0.221     VIOLATED
      cpuregs_reg[6][15]/SE f                    -0.221     VIOLATED
      cpuregs_reg[6][14]/SE f                    -0.221     VIOLATED
      cpuregs_reg[6][13]/SE f                    -0.221     VIOLATED
      cpuregs_reg[6][12]/SE f                    -0.221     VIOLATED
      cpuregs_reg[6][11]/SE f                    -0.221     VIOLATED
      cpuregs_reg[6][10]/SE f                    -0.221     VIOLATED
      cpuregs_reg[6][9]/SE f                     -0.221     VIOLATED
      cpuregs_reg[6][8]/SE f                     -0.221     VIOLATED
      cpuregs_reg[6][7]/SE f                     -0.221     VIOLATED
      cpuregs_reg[6][6]/SE f                     -0.221     VIOLATED
      cpuregs_reg[6][5]/SE f                     -0.221     VIOLATED
      cpuregs_reg[6][4]/SE f                     -0.221     VIOLATED
      cpuregs_reg[6][3]/SE f                     -0.221     VIOLATED
      cpuregs_reg[6][2]/SE f                     -0.221     VIOLATED
      cpuregs_reg[6][1]/SE f                     -0.221     VIOLATED
      cpuregs_reg[6][0]/SE f                     -0.221     VIOLATED
      cpuregs_reg[5][31]/SE f                    -0.221     VIOLATED
      cpuregs_reg[5][30]/SE f                    -0.221     VIOLATED
      cpuregs_reg[5][29]/SE f                    -0.221     VIOLATED
      cpuregs_reg[5][28]/SE f                    -0.221     VIOLATED
      cpuregs_reg[5][27]/SE f                    -0.221     VIOLATED
      cpuregs_reg[5][26]/SE f                    -0.221     VIOLATED
      cpuregs_reg[5][25]/SE f                    -0.221     VIOLATED
      cpuregs_reg[5][24]/SE f                    -0.221     VIOLATED
      cpuregs_reg[5][23]/SE f                    -0.221     VIOLATED
      cpuregs_reg[5][22]/SE f                    -0.221     VIOLATED
      cpuregs_reg[5][21]/SE f                    -0.221     VIOLATED
      cpuregs_reg[5][20]/SE f                    -0.221     VIOLATED
      cpuregs_reg[5][19]/SE f                    -0.221     VIOLATED
      cpuregs_reg[5][18]/SE f                    -0.221     VIOLATED
      cpuregs_reg[5][17]/SE f                    -0.221     VIOLATED
      cpuregs_reg[5][16]/SE f                    -0.221     VIOLATED
      cpuregs_reg[5][15]/SE f                    -0.221     VIOLATED
      cpuregs_reg[5][14]/SE f                    -0.221     VIOLATED
      cpuregs_reg[5][13]/SE f                    -0.221     VIOLATED
      cpuregs_reg[5][12]/SE f                    -0.221     VIOLATED
      cpuregs_reg[5][11]/SE f                    -0.221     VIOLATED
      cpuregs_reg[5][10]/SE f                    -0.221     VIOLATED
      cpuregs_reg[5][9]/SE f                     -0.221     VIOLATED
      cpuregs_reg[5][8]/SE f                     -0.221     VIOLATED
      cpuregs_reg[5][7]/SE f                     -0.221     VIOLATED
      cpuregs_reg[5][6]/SE f                     -0.221     VIOLATED
      cpuregs_reg[5][5]/SE f                     -0.221     VIOLATED
      cpuregs_reg[5][4]/SE f                     -0.221     VIOLATED
      cpuregs_reg[5][3]/SE f                     -0.221     VIOLATED
      cpuregs_reg[5][2]/SE f                     -0.221     VIOLATED
      cpuregs_reg[5][1]/SE f                     -0.221     VIOLATED
      cpuregs_reg[5][0]/SE f                     -0.221     VIOLATED
      cpuregs_reg[4][31]/SE f                    -0.221     VIOLATED
      cpuregs_reg[4][30]/SE f                    -0.221     VIOLATED
      cpuregs_reg[4][29]/SE f                    -0.221     VIOLATED
      cpuregs_reg[4][28]/SE f                    -0.221     VIOLATED
      cpuregs_reg[4][27]/SE f                    -0.221     VIOLATED
      cpuregs_reg[4][26]/SE f                    -0.221     VIOLATED
      cpuregs_reg[4][25]/SE f                    -0.221     VIOLATED
      cpuregs_reg[4][24]/SE f                    -0.221     VIOLATED
      cpuregs_reg[4][23]/SE f                    -0.221     VIOLATED
      cpuregs_reg[4][22]/SE f                    -0.221     VIOLATED
      cpuregs_reg[4][21]/SE f                    -0.221     VIOLATED
      cpuregs_reg[4][20]/SE f                    -0.221     VIOLATED
      cpuregs_reg[4][19]/SE f                    -0.221     VIOLATED
      cpuregs_reg[4][18]/SE f                    -0.221     VIOLATED
      cpuregs_reg[4][17]/SE f                    -0.221     VIOLATED
      cpuregs_reg[4][16]/SE f                    -0.221     VIOLATED
      cpuregs_reg[4][15]/SE f                    -0.221     VIOLATED
      cpuregs_reg[4][14]/SE f                    -0.221     VIOLATED
      cpuregs_reg[4][13]/SE f                    -0.221     VIOLATED
      cpuregs_reg[4][12]/SE f                    -0.221     VIOLATED
      cpuregs_reg[4][11]/SE f                    -0.221     VIOLATED
      cpuregs_reg[4][10]/SE f                    -0.221     VIOLATED
      cpuregs_reg[4][9]/SE f                     -0.221     VIOLATED
      cpuregs_reg[4][8]/SE f                     -0.221     VIOLATED
      cpuregs_reg[4][7]/SE f                     -0.221     VIOLATED
      cpuregs_reg[4][6]/SE f                     -0.221     VIOLATED
      cpuregs_reg[4][5]/SE f                     -0.221     VIOLATED
      cpuregs_reg[4][4]/SE f                     -0.221     VIOLATED
      cpuregs_reg[4][3]/SE f                     -0.221     VIOLATED
      cpuregs_reg[4][2]/SE f                     -0.221     VIOLATED
      cpuregs_reg[4][1]/SE f                     -0.221     VIOLATED
      cpuregs_reg[4][0]/SE f                     -0.221     VIOLATED
      cpuregs_reg[3][31]/SE f                    -0.221     VIOLATED
      cpuregs_reg[3][30]/SE f                    -0.221     VIOLATED
      cpuregs_reg[3][29]/SE f                    -0.221     VIOLATED
      cpuregs_reg[3][28]/SE f                    -0.221     VIOLATED
      cpuregs_reg[3][27]/SE f                    -0.221     VIOLATED
      cpuregs_reg[3][26]/SE f                    -0.221     VIOLATED
      cpuregs_reg[3][25]/SE f                    -0.221     VIOLATED
      cpuregs_reg[3][24]/SE f                    -0.221     VIOLATED
      cpuregs_reg[3][23]/SE f                    -0.221     VIOLATED
      cpuregs_reg[3][22]/SE f                    -0.221     VIOLATED
      cpuregs_reg[3][21]/SE f                    -0.221     VIOLATED
      cpuregs_reg[3][20]/SE f                    -0.221     VIOLATED
      cpuregs_reg[3][19]/SE f                    -0.221     VIOLATED
      cpuregs_reg[3][18]/SE f                    -0.221     VIOLATED
      cpuregs_reg[3][17]/SE f                    -0.221     VIOLATED
      cpuregs_reg[3][16]/SE f                    -0.221     VIOLATED
      cpuregs_reg[3][15]/SE f                    -0.221     VIOLATED
      cpuregs_reg[3][14]/SE f                    -0.221     VIOLATED
      cpuregs_reg[3][13]/SE f                    -0.221     VIOLATED
      cpuregs_reg[3][12]/SE f                    -0.221     VIOLATED
      cpuregs_reg[3][11]/SE f                    -0.221     VIOLATED
      cpuregs_reg[3][10]/SE f                    -0.221     VIOLATED
      cpuregs_reg[3][9]/SE f                     -0.221     VIOLATED
      cpuregs_reg[3][8]/SE f                     -0.221     VIOLATED
      cpuregs_reg[3][7]/SE f                     -0.221     VIOLATED
      cpuregs_reg[3][6]/SE f                     -0.221     VIOLATED
      cpuregs_reg[3][5]/SE f                     -0.221     VIOLATED
      cpuregs_reg[3][4]/SE f                     -0.221     VIOLATED
      cpuregs_reg[3][3]/SE f                     -0.221     VIOLATED
      cpuregs_reg[3][2]/SE f                     -0.221     VIOLATED
      cpuregs_reg[3][1]/SE f                     -0.221     VIOLATED
      cpuregs_reg[3][0]/SE f                     -0.221     VIOLATED
      cpuregs_reg[2][31]/SE f                    -0.221     VIOLATED
      cpuregs_reg[2][30]/SE f                    -0.221     VIOLATED
      cpuregs_reg[2][29]/SE f                    -0.221     VIOLATED
      cpuregs_reg[2][28]/SE f                    -0.221     VIOLATED
      cpuregs_reg[2][27]/SE f                    -0.221     VIOLATED
      cpuregs_reg[2][26]/SE f                    -0.221     VIOLATED
      cpuregs_reg[2][25]/SE f                    -0.221     VIOLATED
      cpuregs_reg[2][24]/SE f                    -0.221     VIOLATED
      cpuregs_reg[2][23]/SE f                    -0.221     VIOLATED
      cpuregs_reg[2][22]/SE f                    -0.221     VIOLATED
      cpuregs_reg[2][21]/SE f                    -0.221     VIOLATED
      cpuregs_reg[2][20]/SE f                    -0.221     VIOLATED
      cpuregs_reg[2][19]/SE f                    -0.221     VIOLATED
      cpuregs_reg[2][18]/SE f                    -0.221     VIOLATED
      cpuregs_reg[2][17]/SE f                    -0.221     VIOLATED
      cpuregs_reg[2][16]/SE f                    -0.221     VIOLATED
      cpuregs_reg[2][15]/SE f                    -0.221     VIOLATED
      cpuregs_reg[2][14]/SE f                    -0.221     VIOLATED
      cpuregs_reg[2][13]/SE f                    -0.221     VIOLATED
      cpuregs_reg[2][12]/SE f                    -0.221     VIOLATED
      cpuregs_reg[2][11]/SE f                    -0.221     VIOLATED
      cpuregs_reg[2][10]/SE f                    -0.221     VIOLATED
      cpuregs_reg[2][9]/SE f                     -0.221     VIOLATED
      cpuregs_reg[2][8]/SE f                     -0.221     VIOLATED
      cpuregs_reg[2][7]/SE f                     -0.221     VIOLATED
      cpuregs_reg[2][6]/SE f                     -0.221     VIOLATED
      cpuregs_reg[2][5]/SE f                     -0.221     VIOLATED
      cpuregs_reg[2][4]/SE f                     -0.221     VIOLATED
      cpuregs_reg[2][3]/SE f                     -0.221     VIOLATED
      cpuregs_reg[2][2]/SE f                     -0.221     VIOLATED
      cpuregs_reg[2][1]/SE f                     -0.221     VIOLATED
      cpuregs_reg[2][0]/SE f                     -0.221     VIOLATED
      cpuregs_reg[1][31]/SE f                    -0.221     VIOLATED
      cpuregs_reg[1][30]/SE f                    -0.221     VIOLATED
      cpuregs_reg[1][29]/SE f                    -0.221     VIOLATED
      cpuregs_reg[1][28]/SE f                    -0.221     VIOLATED
      cpuregs_reg[1][27]/SE f                    -0.221     VIOLATED
      cpuregs_reg[1][26]/SE f                    -0.221     VIOLATED
      cpuregs_reg[1][25]/SE f                    -0.221     VIOLATED
      cpuregs_reg[1][24]/SE f                    -0.221     VIOLATED
      cpuregs_reg[1][23]/SE f                    -0.221     VIOLATED
      cpuregs_reg[1][22]/SE f                    -0.221     VIOLATED
      cpuregs_reg[1][21]/SE f                    -0.221     VIOLATED
      cpuregs_reg[1][20]/SE f                    -0.221     VIOLATED
      cpuregs_reg[1][19]/SE f                    -0.221     VIOLATED
      cpuregs_reg[1][18]/SE f                    -0.221     VIOLATED
      cpuregs_reg[1][17]/SE f                    -0.221     VIOLATED
      cpuregs_reg[1][16]/SE f                    -0.221     VIOLATED
      cpuregs_reg[1][15]/SE f                    -0.221     VIOLATED
      cpuregs_reg[1][14]/SE f                    -0.221     VIOLATED
      cpuregs_reg[1][13]/SE f                    -0.221     VIOLATED
      cpuregs_reg[1][12]/SE f                    -0.221     VIOLATED
      cpuregs_reg[1][11]/SE f                    -0.221     VIOLATED
      cpuregs_reg[1][10]/SE f                    -0.221     VIOLATED
      cpuregs_reg[1][9]/SE f                     -0.221     VIOLATED
      cpuregs_reg[1][8]/SE f                     -0.221     VIOLATED
      cpuregs_reg[1][7]/SE f                     -0.221     VIOLATED
      cpuregs_reg[1][6]/SE f                     -0.221     VIOLATED
      cpuregs_reg[1][5]/SE f                     -0.221     VIOLATED
      cpuregs_reg[1][4]/SE f                     -0.221     VIOLATED
      cpuregs_reg[1][3]/SE f                     -0.221     VIOLATED
      cpuregs_reg[1][2]/SE f                     -0.221     VIOLATED
      cpuregs_reg[1][1]/SE f                     -0.221     VIOLATED
      cpuregs_reg[1][0]/SE f                     -0.221     VIOLATED
      reg_sh_reg[4]/SE f                         -0.221     VIOLATED
      reg_sh_reg[2]/SE f                         -0.221     VIOLATED
      reg_sh_reg[0]/SE f                         -0.221     VIOLATED
      count_cycle_reg[63]/SE f                   -0.221     VIOLATED
      count_cycle_reg[62]/SE f                   -0.221     VIOLATED
      count_cycle_reg[61]/SE f                   -0.221     VIOLATED
      count_cycle_reg[60]/SE f                   -0.221     VIOLATED
      count_cycle_reg[59]/SE f                   -0.221     VIOLATED
      count_cycle_reg[58]/SE f                   -0.221     VIOLATED
      count_cycle_reg[57]/SE f                   -0.221     VIOLATED
      count_cycle_reg[56]/SE f                   -0.221     VIOLATED
      count_cycle_reg[55]/SE f                   -0.221     VIOLATED
      count_cycle_reg[54]/SE f                   -0.221     VIOLATED
      count_cycle_reg[53]/SE f                   -0.221     VIOLATED
      count_cycle_reg[52]/SE f                   -0.221     VIOLATED
      count_cycle_reg[51]/SE f                   -0.221     VIOLATED
      count_cycle_reg[50]/SE f                   -0.221     VIOLATED
      count_cycle_reg[48]/SE f                   -0.221     VIOLATED
      count_cycle_reg[47]/SE f                   -0.221     VIOLATED
      count_cycle_reg[46]/SE f                   -0.221     VIOLATED
      count_cycle_reg[45]/SE f                   -0.221     VIOLATED
      count_cycle_reg[44]/SE f                   -0.221     VIOLATED
      count_cycle_reg[43]/SE f                   -0.221     VIOLATED
      count_cycle_reg[42]/SE f                   -0.221     VIOLATED
      count_cycle_reg[41]/SE f                   -0.221     VIOLATED
      count_cycle_reg[40]/SE f                   -0.221     VIOLATED
      count_cycle_reg[39]/SE f                   -0.221     VIOLATED
      count_cycle_reg[38]/SE f                   -0.221     VIOLATED
      count_cycle_reg[36]/SE f                   -0.221     VIOLATED
      count_cycle_reg[35]/SE f                   -0.221     VIOLATED
      count_cycle_reg[34]/SE f                   -0.221     VIOLATED
      count_cycle_reg[33]/SE f                   -0.221     VIOLATED
      count_cycle_reg[32]/SE f                   -0.221     VIOLATED
      count_cycle_reg[31]/SE f                   -0.221     VIOLATED
      count_cycle_reg[30]/SE f                   -0.221     VIOLATED
      count_cycle_reg[28]/SE f                   -0.221     VIOLATED
      count_cycle_reg[27]/SE f                   -0.221     VIOLATED
      count_cycle_reg[26]/SE f                   -0.221     VIOLATED
      count_cycle_reg[25]/SE f                   -0.221     VIOLATED
      count_cycle_reg[24]/SE f                   -0.221     VIOLATED
      count_cycle_reg[23]/SE f                   -0.221     VIOLATED
      count_cycle_reg[22]/SE f                   -0.221     VIOLATED
      count_cycle_reg[21]/SE f                   -0.221     VIOLATED
      count_cycle_reg[20]/SE f                   -0.221     VIOLATED
      count_cycle_reg[19]/SE f                   -0.221     VIOLATED
      count_cycle_reg[15]/SE f                   -0.221     VIOLATED
      count_cycle_reg[13]/SE f                   -0.221     VIOLATED
      count_cycle_reg[12]/SE f                   -0.221     VIOLATED
      count_cycle_reg[49]/SE f                   -0.221     VIOLATED
      count_cycle_reg[37]/SE f                   -0.221     VIOLATED
      count_cycle_reg[29]/SE f                   -0.221     VIOLATED
      trap_reg/SE f                              -0.221     VIOLATED
      is_lui_auipc_jal_jalr_addi_add_sub_reg/SE f
                                                 -0.079     VIOLATED
      ------------------------------------------------------------------------------------------------

Check type : clock_period
---------------------------
No paths found

Check type : skew
---------------------------
No paths found

Check type : pulse_width
---------------------------
 No violating Checks with given description found

Check type : max_transition
---------------------------
 No Violations found

Check type : min_transition
---------------------------
 No Violations found

Check type : max_capacitance
---------------------------
     ----------------------------------------------------------------------------  
      Pin Name               Required          Actual            Slack             
     ----------------------------------------------------------------------------  
     g75984__5526/Y        0.183             0.195             -0.012
     g133628/Y             0.075             0.087             -0.012
     g132412/Y             0.144             0.155             -0.011
     g132393/Y             0.144             0.155             -0.011
     g132392/Y             0.144             0.155             -0.011
     g132422/Y             0.144             0.155             -0.011
     g132420/Y             0.144             0.155             -0.011
     g132419/Y             0.144             0.155             -0.011
     g132413/Y             0.144             0.155             -0.011
     g132391/Y             0.144             0.155             -0.011
     g132389/Y             0.144             0.155             -0.011
     g132425/Y             0.144             0.155             -0.011
     g132423/Y             0.144             0.155             -0.011
     g132383/Y             0.144             0.155             -0.011
     g132427/Y             0.144             0.155             -0.011
     g132426/Y             0.144             0.155             -0.011
     g132379/Y             0.144             0.155             -0.011
     g132930/Y             0.077             0.087             -0.010
     g132416/Y             0.146             0.155             -0.009
     g132415/Y             0.146             0.155             -0.009
     g132414/Y             0.146             0.155             -0.009
     g132418/Y             0.146             0.155             -0.009
     g132417/Y             0.146             0.155             -0.009
     g132394/Y             0.146             0.155             -0.009
     g132387/Y             0.146             0.155             -0.009
     g132386/Y             0.146             0.155             -0.009
     g132424/Y             0.146             0.155             -0.009
     g132421/Y             0.146             0.155             -0.009
     g132385/Y             0.146             0.155             -0.009
     g134391/Y             0.150             0.155             -0.005
     g132384/Y             0.152             0.155             -0.003
     g132381/Y             0.152             0.155             -0.003
     g132380/Y             0.152             0.155             -0.003
     g132390/Y             0.152             0.155             -0.003

Check type : min_capacitance
---------------------------
 No Violations found

Check type : max_fanout
---------------------------
 No Violations found

Check type : min_fanout
---------------------------
 No Violations found
