###############################################################
#  Generated by:      Cadence Innovus 20.10-p004_1
#  OS:                Linux x86_64(Host ID edatools-server2.iiitd.edu.in)
#  Generated on:      Sun Jan 11 16:35:22 2026
#  Design:            picorv32
#  Command:           checkDesign -netlist
###############################################################
Design: picorv32

------ Design Summary:
Total Standard Cell Number   (cells) : 6221
Total Block Cell Number      (cells) : 0
Total I/O Pad Cell Number    (cells) : 0
Total Standard Cell Area     ( um^2) : 63391.89
Total Block Cell Area        ( um^2) : 0.00
Total I/O Pad Cell Area      ( um^2) : 0.00

------ Design Statistics:

Number of Instances            : 6221
Number of Non-uniquified Insts : 6200
Number of Nets                 : 6501
Average number of Pins per Net : 4.53
Maximum number of Pins in Net  : 1578

------ I/O Port summary

Number of Primary I/O Ports    : 413
Number of Input Ports          : 105
Number of Output Ports         : 308
Number of Bidirectional Ports  : 0
Number of Power/Ground Ports   : 0



------------------------------------------------------------
Detail report:


------ I/O Pad/Port Checking

WARN : Port mem_addr[1] is floating in the top design.
WARN : Port mem_addr[0] is floating in the top design.
WARN : Port mem_la_addr[1] is floating in the top design.
WARN : Port mem_la_addr[0] is floating in the top design.
WARN : Port pcpi_valid is floating in the top design.
WARN : Port pcpi_insn[31] is floating in the top design.
WARN : Port pcpi_insn[30] is floating in the top design.
WARN : Port pcpi_insn[29] is floating in the top design.
WARN : Port pcpi_insn[28] is floating in the top design.
WARN : Port pcpi_insn[27] is floating in the top design.
WARN : Port pcpi_insn[26] is floating in the top design.
WARN : Port pcpi_insn[25] is floating in the top design.
WARN : Port pcpi_insn[24] is floating in the top design.
WARN : Port pcpi_insn[23] is floating in the top design.
WARN : Port pcpi_insn[22] is floating in the top design.
WARN : Port pcpi_insn[21] is floating in the top design.
WARN : Port pcpi_insn[20] is floating in the top design.
WARN : Port pcpi_insn[19] is floating in the top design.
WARN : Port pcpi_insn[18] is floating in the top design.
WARN : Port pcpi_insn[17] is floating in the top design.
WARN : Port pcpi_insn[16] is floating in the top design.
WARN : Port pcpi_insn[15] is floating in the top design.
WARN : Port pcpi_insn[14] is floating in the top design.
WARN : Port pcpi_insn[13] is floating in the top design.
WARN : Port pcpi_insn[12] is floating in the top design.
WARN : Port pcpi_insn[11] is floating in the top design.
WARN : Port pcpi_insn[10] is floating in the top design.
WARN : Port pcpi_insn[9] is floating in the top design.
WARN : Port pcpi_insn[8] is floating in the top design.
WARN : Port pcpi_insn[7] is floating in the top design.
WARN : Port pcpi_insn[6] is floating in the top design.
WARN : Port pcpi_insn[5] is floating in the top design.
WARN : Port pcpi_insn[4] is floating in the top design.
WARN : Port pcpi_insn[3] is floating in the top design.
WARN : Port pcpi_insn[2] is floating in the top design.
WARN : Port pcpi_insn[1] is floating in the top design.
WARN : Port pcpi_insn[0] is floating in the top design.
WARN : Port pcpi_wr is floating in the top design.
WARN : Port pcpi_rd[31] is floating in the top design.
WARN : Port pcpi_rd[30] is floating in the top design.
WARN : Port pcpi_rd[29] is floating in the top design.
WARN : Port pcpi_rd[28] is floating in the top design.
WARN : Port pcpi_rd[27] is floating in the top design.
WARN : Port pcpi_rd[26] is floating in the top design.
WARN : Port pcpi_rd[25] is floating in the top design.
WARN : Port pcpi_rd[24] is floating in the top design.
WARN : Port pcpi_rd[23] is floating in the top design.
WARN : Port pcpi_rd[22] is floating in the top design.
WARN : Port pcpi_rd[21] is floating in the top design.
WARN : Port pcpi_rd[20] is floating in the top design.
WARN : Port pcpi_rd[19] is floating in the top design.
WARN : Port pcpi_rd[18] is floating in the top design.
WARN : Port pcpi_rd[17] is floating in the top design.
WARN : Port pcpi_rd[16] is floating in the top design.
WARN : Port pcpi_rd[15] is floating in the top design.
WARN : Port pcpi_rd[14] is floating in the top design.
WARN : Port pcpi_rd[13] is floating in the top design.
WARN : Port pcpi_rd[12] is floating in the top design.
WARN : Port pcpi_rd[11] is floating in the top design.
WARN : Port pcpi_rd[10] is floating in the top design.
WARN : Port pcpi_rd[9] is floating in the top design.
WARN : Port pcpi_rd[8] is floating in the top design.
WARN : Port pcpi_rd[7] is floating in the top design.
WARN : Port pcpi_rd[6] is floating in the top design.
WARN : Port pcpi_rd[5] is floating in the top design.
WARN : Port pcpi_rd[4] is floating in the top design.
WARN : Port pcpi_rd[3] is floating in the top design.
WARN : Port pcpi_rd[2] is floating in the top design.
WARN : Port pcpi_rd[1] is floating in the top design.
WARN : Port pcpi_rd[0] is floating in the top design.
WARN : Port pcpi_wait is floating in the top design.
WARN : Port pcpi_ready is floating in the top design.
WARN : Port irq[31] is floating in the top design.
WARN : Port irq[30] is floating in the top design.
WARN : Port irq[29] is floating in the top design.
WARN : Port irq[28] is floating in the top design.
WARN : Port irq[27] is floating in the top design.
WARN : Port irq[26] is floating in the top design.
WARN : Port irq[25] is floating in the top design.
WARN : Port irq[24] is floating in the top design.
WARN : Port irq[23] is floating in the top design.
WARN : Port irq[22] is floating in the top design.
WARN : Port irq[21] is floating in the top design.
WARN : Port irq[20] is floating in the top design.
WARN : Port irq[19] is floating in the top design.
WARN : Port irq[18] is floating in the top design.
WARN : Port irq[17] is floating in the top design.
WARN : Port irq[16] is floating in the top design.
WARN : Port irq[15] is floating in the top design.
WARN : Port irq[14] is floating in the top design.
WARN : Port irq[13] is floating in the top design.
WARN : Port irq[12] is floating in the top design.
WARN : Port irq[11] is floating in the top design.
WARN : Port irq[10] is floating in the top design.
WARN : Port irq[9] is floating in the top design.
WARN : Port irq[8] is floating in the top design.
WARN : Port irq[7] is floating in the top design.
WARN : Port irq[6] is floating in the top design.
WARN : Port irq[5] is floating in the top design.
WARN : Port irq[4] is floating in the top design.
WARN : Port irq[3] is floating in the top design.
WARN : Port irq[2] is floating in the top design.
WARN : Port irq[1] is floating in the top design.
WARN : Port irq[0] is floating in the top design.
WARN : Port eoi[31] is floating in the top design.
WARN : Port eoi[30] is floating in the top design.
WARN : Port eoi[29] is floating in the top design.
WARN : Port eoi[28] is floating in the top design.
WARN : Port eoi[27] is floating in the top design.
WARN : Port eoi[26] is floating in the top design.
WARN : Port eoi[25] is floating in the top design.
WARN : Port eoi[24] is floating in the top design.
WARN : Port eoi[23] is floating in the top design.
WARN : Port eoi[22] is floating in the top design.
WARN : Port eoi[21] is floating in the top design.
WARN : Port eoi[20] is floating in the top design.
WARN : Port eoi[19] is floating in the top design.
WARN : Port eoi[18] is floating in the top design.
WARN : Port eoi[17] is floating in the top design.
WARN : Port eoi[16] is floating in the top design.
WARN : Port eoi[15] is floating in the top design.
WARN : Port eoi[14] is floating in the top design.
WARN : Port eoi[13] is floating in the top design.
WARN : Port eoi[12] is floating in the top design.
WARN : Port eoi[11] is floating in the top design.
WARN : Port eoi[10] is floating in the top design.
WARN : Port eoi[9] is floating in the top design.
WARN : Port eoi[8] is floating in the top design.
WARN : Port eoi[7] is floating in the top design.
WARN : Port eoi[6] is floating in the top design.
WARN : Port eoi[5] is floating in the top design.
WARN : Port eoi[4] is floating in the top design.
WARN : Port eoi[3] is floating in the top design.
WARN : Port eoi[2] is floating in the top design.
WARN : Port eoi[1] is floating in the top design.
WARN : Port eoi[0] is floating in the top design.
WARN : Port trace_valid is floating in the top design.
WARN : Port trace_data[35] is floating in the top design.
WARN : Port trace_data[34] is floating in the top design.
WARN : Port trace_data[33] is floating in the top design.
WARN : Port trace_data[32] is floating in the top design.
WARN : Port trace_data[31] is floating in the top design.
WARN : Port trace_data[30] is floating in the top design.
WARN : Port trace_data[29] is floating in the top design.
WARN : Port trace_data[28] is floating in the top design.
WARN : Port trace_data[27] is floating in the top design.
WARN : Port trace_data[26] is floating in the top design.
WARN : Port trace_data[25] is floating in the top design.
WARN : Port trace_data[24] is floating in the top design.
WARN : Port trace_data[23] is floating in the top design.
WARN : Port trace_data[22] is floating in the top design.
WARN : Port trace_data[21] is floating in the top design.
WARN : Port trace_data[20] is floating in the top design.
WARN : Port trace_data[19] is floating in the top design.
WARN : Port trace_data[18] is floating in the top design.
WARN : Port trace_data[17] is floating in the top design.
WARN : Port trace_data[16] is floating in the top design.
WARN : Port trace_data[15] is floating in the top design.
WARN : Port trace_data[14] is floating in the top design.
WARN : Port trace_data[13] is floating in the top design.
WARN : Port trace_data[12] is floating in the top design.
WARN : Port trace_data[11] is floating in the top design.
WARN : Port trace_data[10] is floating in the top design.
WARN : Port trace_data[9] is floating in the top design.
WARN : Port trace_data[8] is floating in the top design.
WARN : Port trace_data[7] is floating in the top design.
WARN : Port trace_data[6] is floating in the top design.
WARN : Port trace_data[5] is floating in the top design.
WARN : Port trace_data[4] is floating in the top design.
WARN : Port trace_data[3] is floating in the top design.
WARN : Port trace_data[2] is floating in the top design.
WARN : Port trace_data[1] is floating in the top design.
WARN : Port trace_data[0] is floating in the top design.
WARN : Port test_mode is floating in the top design.

------ Primitive Pins DRC Checking


------ Primitive Net DRC Check

WARNING : Net reg_pc[0] has no FanOut pin
WARNING : Net decoded_imm_j[0] has no FanOut pin
WARNING : Net decoded_imm_j[13] has no FanOut pin
WARNING : Net decoded_imm_j[14] has no FanOut pin
WARNING : Net cpu_state[4] has no FanOut pin
WARNING : Net current_pc[0] has no FanOut pin
WARNING : Net reg_next_pc[0] has no FanOut pin
WARNING : Net irq[0] has no FanOut pin
WARNING : Net irq[1] has no FanOut pin
WARNING : Net irq[2] has no FanOut pin
WARNING : Net irq[3] has no FanOut pin
WARNING : Net irq[4] has no FanOut pin
WARNING : Net irq[5] has no FanOut pin
WARNING : Net irq[6] has no FanOut pin
WARNING : Net irq[7] has no FanOut pin
WARNING : Net irq[8] has no FanOut pin
WARNING : Net irq[9] has no FanOut pin
WARNING : Net irq[10] has no FanOut pin
WARNING : Net irq[11] has no FanOut pin
WARNING : Net irq[12] has no FanOut pin
WARNING : Net irq[13] has no FanOut pin
WARNING : Net irq[14] has no FanOut pin
WARNING : Net irq[15] has no FanOut pin
WARNING : Net irq[16] has no FanOut pin
WARNING : Net irq[17] has no FanOut pin
WARNING : Net irq[18] has no FanOut pin
WARNING : Net irq[19] has no FanOut pin
WARNING : Net irq[20] has no FanOut pin
WARNING : Net irq[21] has no FanOut pin
WARNING : Net irq[22] has no FanOut pin
WARNING : Net irq[23] has no FanOut pin
WARNING : Net irq[24] has no FanOut pin
WARNING : Net irq[25] has no FanOut pin
WARNING : Net irq[26] has no FanOut pin
WARNING : Net irq[27] has no FanOut pin
WARNING : Net irq[28] has no FanOut pin
WARNING : Net irq[29] has no FanOut pin
WARNING : Net irq[30] has no FanOut pin
WARNING : Net irq[31] has no FanOut pin
WARNING : Net pcpi_rd[0] has no FanOut pin
WARNING : Net pcpi_rd[1] has no FanOut pin
WARNING : Net pcpi_rd[2] has no FanOut pin
WARNING : Net pcpi_rd[3] has no FanOut pin
WARNING : Net pcpi_rd[4] has no FanOut pin
WARNING : Net pcpi_rd[5] has no FanOut pin
WARNING : Net pcpi_rd[6] has no FanOut pin
WARNING : Net pcpi_rd[7] has no FanOut pin
WARNING : Net pcpi_rd[8] has no FanOut pin
WARNING : Net pcpi_rd[9] has no FanOut pin
WARNING : Net pcpi_rd[10] has no FanOut pin
WARNING : Net pcpi_rd[11] has no FanOut pin
WARNING : Net pcpi_rd[12] has no FanOut pin
WARNING : Net pcpi_rd[13] has no FanOut pin
WARNING : Net pcpi_rd[14] has no FanOut pin
WARNING : Net pcpi_rd[15] has no FanOut pin
WARNING : Net pcpi_rd[16] has no FanOut pin
WARNING : Net pcpi_rd[17] has no FanOut pin
WARNING : Net pcpi_rd[18] has no FanOut pin
WARNING : Net pcpi_rd[19] has no FanOut pin
WARNING : Net pcpi_rd[20] has no FanOut pin
WARNING : Net pcpi_rd[21] has no FanOut pin
WARNING : Net pcpi_rd[22] has no FanOut pin
WARNING : Net pcpi_rd[23] has no FanOut pin
WARNING : Net pcpi_rd[24] has no FanOut pin
WARNING : Net pcpi_rd[25] has no FanOut pin
WARNING : Net pcpi_rd[26] has no FanOut pin
WARNING : Net pcpi_rd[27] has no FanOut pin
WARNING : Net pcpi_rd[28] has no FanOut pin
WARNING : Net pcpi_rd[29] has no FanOut pin
WARNING : Net pcpi_rd[30] has no FanOut pin
WARNING : Net pcpi_rd[31] has no FanOut pin
WARNING : Net test_mode has no FanOut pin
WARNING : Net pcpi_ready has no FanOut pin
WARNING : Net pcpi_wait has no FanOut pin
WARNING : Net pcpi_wr has no FanOut pin
WARNING : Net n_3182 has 76 fanout
WARNING : Net n_239 has 67 fanout
WARNING : Net n_67 has 115 fanout
WARNING : Net n_40 has 53 fanout
WARNING : Net shift_en has 1577 fanout
WARNING : Net resetn has 75 fanout
WARNING : Net clk has 1577 fanout

