*** Statistics for net list picorv32 ***
Number of cells      = 6382
Number of nets       = 6479
Number of tri-nets   = 0
Number of degen nets = 0
Number of pins       = 29623
Number of i/os       = 413

Number of nets with    2 terms = 3240 (50.0%)
Number of nets with    3 terms = 842 (13.0%)
Number of nets with    4 terms = 502 (7.7%)
Number of nets with    5 terms = 1254 (19.4%)
Number of nets with    6 terms = 116 (1.8%)
Number of nets with    7 terms = 102 (1.6%)
Number of nets with    8 terms = 78 (1.2%)
Number of nets with    9 terms = 26 (0.4%)
Number of nets with >=10 terms = 319 (4.9%)

*** 136 Primitives used:
Primitive MXI2XL (116 insts)
Primitive INVX2 (2 insts)
Primitive CLKAND2X3 (1 insts)
Primitive NAND4XL (285 insts)
Primitive OAI31X2 (2 insts)
Primitive AOI221XL (10 insts)
Primitive OAI21X2 (18 insts)
Primitive DLY1X1 (1 insts)
Primitive AOI31XL (1 insts)
Primitive OAI2BB1XL (9 insts)
Primitive NAND2X2 (17 insts)
Primitive AO22XL (57 insts)
Primitive NAND4BX1 (5 insts)
Primitive AOI32X1 (25 insts)
Primitive NAND2X4 (1 insts)
Primitive NOR3BXL (3 insts)
Primitive OR3X1 (1 insts)
Primitive NAND2BX2 (4 insts)
Primitive AOI21XL (14 insts)
Primitive AOI211X2 (1 insts)
Primitive NOR3XL (1 insts)
Primitive OAI32XL (1 insts)
Primitive AOI22X1 (351 insts)
Primitive SDFFQX2 (9 insts)
Primitive CLKINVX2 (11 insts)
Primitive NOR4BBX1 (2 insts)
Primitive NOR2BXL (3 insts)
Primitive SDFFTRX4 (4 insts)
Primitive SDFFQX4 (38 insts)
Primitive NAND2X8 (1 insts)
Primitive NOR2XL (416 insts)
Primitive OAI22XL (4 insts)
Primitive SDFFTRX1 (48 insts)
Primitive INVX1 (108 insts)
Primitive NAND3XL (30 insts)
Primitive AND3X2 (2 insts)
Primitive NAND2BXL (14 insts)
Primitive NAND4X1 (15 insts)
Primitive OR2X4 (16 insts)
Primitive AOI211XL (6 insts)
Primitive NOR4X1 (15 insts)
Primitive AO22X1 (12 insts)
Primitive CLKBUFX4 (1 insts)
Primitive OR3XL (5 insts)
Primitive AND2X2 (17 insts)
Primitive NOR4BX1 (11 insts)
Primitive AND2X4 (15 insts)
Primitive NOR3X1 (11 insts)
Primitive OAI221XL (1 insts)
Primitive AO21X1 (4 insts)
Primitive NAND3BX1 (7 insts)
Primitive AOI31X1 (15 insts)
Primitive AOI221X1 (37 insts)
Primitive AND2X6 (3 insts)
Primitive INVXL (101 insts)
Primitive NOR3BX1 (7 insts)
Primitive NOR2X1 (27 insts)
Primitive OAI31XL (3 insts)
Primitive AOI21X1 (70 insts)
Primitive OAI32X1 (8 insts)
Primitive OAI21XL (42 insts)
Primitive OAI22X1 (1 insts)
Primitive CLKAND2X2 (1 insts)
Primitive NOR2BX1 (112 insts)
Primitive ADDHX1 (1 insts)
Primitive OAI211X2 (5 insts)
Primitive OA21XL (80 insts)
Primitive CLKMX2X3 (2 insts)
Primitive NAND2XL (608 insts)
Primitive NAND3X1 (36 insts)
Primitive AOI2BB1X2 (1 insts)
Primitive XNOR2XL (15 insts)
Primitive SDFFQXL (20 insts)
Primitive NAND2BX1 (106 insts)
Primitive AOI211X1 (11 insts)
Primitive BUFX4 (8 insts)
Primitive CLKINVX1 (138 insts)
Primitive OA21X1 (5 insts)
Primitive OAI31X1 (28 insts)
Primitive CLKBUFX16 (4 insts)
Primitive NAND4BBXL (1 insts)
Primitive AND3XL (2 insts)
Primitive OAI21X1 (193 insts)
Primitive AOI222XL (218 insts)
Primitive CLKBUFX6 (9 insts)
Primitive NAND2X1 (16 insts)
Primitive XOR2XL (19 insts)
Primitive OR2X2 (5 insts)
Primitive CLKBUFX3 (19 insts)
Primitive AND2XL (23 insts)
Primitive OR4XL (31 insts)
Primitive MX2X1 (37 insts)
Primitive SMDFFHQX1 (1144 insts)
Primitive DLY1X4 (2 insts)
Primitive SDFFQX1 (301 insts)
Primitive OAI2BB1X2 (1 insts)
Primitive BUFX3 (10 insts)
Primitive SMDFFHQX4 (2 insts)
Primitive AND4X1 (1 insts)
Primitive AND3X1 (4 insts)
Primitive OAI211X1 (34 insts)
Primitive CLKMX2X2 (1 insts)
Primitive NOR4X2 (2 insts)
Primitive NAND4X2 (1 insts)
Primitive AND2X1 (74 insts)
Primitive AOI2BB1X1 (9 insts)
Primitive AO22X2 (24 insts)
Primitive OR2X1 (22 insts)
Primitive CLKINVX6 (1 insts)
Primitive OAI222XL (6 insts)
Primitive AO22X4 (2 insts)
Primitive NOR3X2 (1 insts)
Primitive AOI31X2 (2 insts)
Primitive SDFFHQX4 (1 insts)
Primitive CLKINVX3 (10 insts)
Primitive AOI222X1 (15 insts)
Primitive CLKXOR2X1 (1 insts)
Primitive NOR3BX2 (1 insts)
Primitive SDFFHQX1 (3 insts)
Primitive NOR2X2 (15 insts)
Primitive AOI21X2 (10 insts)
Primitive BUFX2 (71 insts)
Primitive NOR2X4 (2 insts)
Primitive SDFFX4 (7 insts)
Primitive CLKBUFX12 (13 insts)
Primitive NOR2BX2 (3 insts)
Primitive NAND4BXL (30 insts)
Primitive AOI2BB1XL (1 insts)
Primitive NOR2BX4 (2 insts)
Primitive OR2XL (16 insts)
Primitive AOI32XL (1 insts)
Primitive CLKBUFX2 (13 insts)
Primitive AOI22XL (654 insts)
Primitive MX3X1 (1 insts)
Primitive DLY4X1 (1 insts)
Primitive OAI2BB1X1 (47 insts)
************
*** Net length and connection length statistics (cell picorv32) ***

Total net length = 2.290e+05 (1.174e+05 1.116e+05)

Avg net length = 3.534e+01 (sigma = 6.511e+01)
Sqrt of avg square net length = 7.408e+01

Avg connection length = 9.893e+00 (sigma = 1.446e+01)
Sqrt of avg square connection length = 1.752e+01

Net and connection length distribution:

[length   range   ]      #net #connection
[0.00e+00 5.80e+00]:     1472     2743
[5.80e+00 1.16e+01]:     1478     2169
[1.16e+01 1.74e+01]:      697      593
[1.74e+01 2.32e+01]:      627      299
[2.32e+01 2.90e+01]:      498      156
[2.90e+01 3.48e+01]:      327       81
[3.48e+01 4.06e+01]:      217       61
[4.06e+01 4.64e+01]:      131       49
[4.64e+01 5.22e+01]:       97       43
[5.22e+01 5.80e+01]:       78       40
[5.80e+01 6.38e+01]:       68       20
[6.38e+01 6.96e+01]:       65       25
[6.96e+01 7.54e+01]:       54       23
[7.54e+01 8.12e+01]:       45       24
[8.12e+01 8.70e+01]:       39       23
[8.70e+01 9.28e+01]:       37       23
[9.28e+01 9.86e+01]:       28        9
[9.86e+01 1.04e+02]:       28        7
[1.04e+02 1.10e+02]:       24       22
[1.10e+02 1.16e+02]:       28       11
[1.16e+02 1.22e+02]:       13        7
[1.22e+02 1.28e+02]:       23       10
[1.28e+02 1.33e+02]:       16        8
[1.33e+02 1.39e+02]:       13        4
[1.39e+02 1.45e+02]:       11        4
[1.45e+02 1.51e+02]:        9        1
[1.51e+02 1.57e+02]:       10        3
[1.57e+02 1.62e+02]:       15        3
[1.62e+02 1.68e+02]:       14        2
[1.68e+02 1.74e+02]:       15        0
[1.74e+02 1.80e+02]:        8        1
[1.80e+02 1.86e+02]:        7        2
[1.86e+02 1.91e+02]:        7        2
[1.91e+02 1.97e+02]:        8        2
[1.97e+02 2.03e+02]:        8        2
[2.03e+02 2.09e+02]:       11        2
[2.09e+02 2.15e+02]:        7        1
[2.15e+02 2.20e+02]:        6        1
[2.20e+02 2.26e+02]:        6        1
[2.26e+02 2.32e+02]:        7        0
[2.32e+02 2.38e+02]:        8        0
[2.38e+02 2.44e+02]:       11        1
[2.44e+02 2.49e+02]:       10        0
[2.49e+02 2.55e+02]:        8        0
[2.55e+02 2.61e+02]:        9        0
[2.61e+02 2.67e+02]:       10        0
[2.67e+02 2.73e+02]:        9        0
[2.73e+02 2.78e+02]:        9        0
[2.78e+02 2.84e+02]:        8        0
[2.84e+02 2.90e+02]:       10        0
[2.90e+02 2.96e+02]:        8        0
[2.96e+02 3.02e+02]:       11        0
[3.02e+02 3.07e+02]:        9        0
[3.07e+02 3.13e+02]:        7        0
[3.13e+02 3.19e+02]:       10        0
[3.19e+02 3.25e+02]:        8        0
[3.25e+02 3.31e+02]:        7        0
[3.31e+02 3.36e+02]:        6        0
[3.36e+02 3.42e+02]:       11        0
[3.42e+02 3.48e+02]:        3        0
[3.48e+02 3.54e+02]:        6        0
[3.54e+02 3.60e+02]:        2        0
[3.60e+02 3.65e+02]:        2        0
[3.65e+02 3.71e+02]:        1        0
[3.71e+02 3.77e+02]:        3        0
[3.83e+02 3.89e+02]:        1        0
[4.00e+02 4.06e+02]:        1        0
[4.12e+02 4.18e+02]:        1        0
[4.18e+02 4.23e+02]:        5        0
[4.23e+02 4.29e+02]:        8        0
[4.29e+02 4.35e+02]:        2        0
[4.35e+02 4.41e+02]:        2        0
[4.41e+02 4.47e+02]:        3        0
[4.52e+02 4.58e+02]:        4        0
[4.58e+02 4.64e+02]:        3        0
[4.70e+02 4.76e+02]:        4        0
[4.76e+02 4.81e+02]:        4        0
[5.34e+02 5.39e+02]:        1        0
[5.45e+02 5.51e+02]:        1        1
[5.63e+02 5.68e+02]:        1        0


Total number of long connections = 0
Io: nrCon=0


Total length: 3.028e+05um, number of vias: 63230
M1(H) length: 1.106e+04um, number of vias: 29827
M2(V) length: 7.989e+04um, number of vias: 23932
M3(H) length: 9.031e+04um, number of vias: 7347
M4(V) length: 7.292e+04um, number of vias: 1932
M5(H) length: 4.141e+04um, number of vias: 136
M6(V) length: 3.642e+03um, number of vias: 56
M7(H) length: 3.555e+03um, number of vias: 0
M8(V) length: 0.000e+00um, number of vias: 0
M9(H) length: 0.000e+00um

