*----------------------------------------------------------------------------------------
*	Innovus 20.10-p004_1 (64bit) 05/07/2020 20:02 (Linux 2.6.32-431.11.2.el6.x86_64)
*	
*
* 	Date & Time:	2026-Jan-11 16:41:32 (2026-Jan-11 11:11:32 GMT)
*
*----------------------------------------------------------------------------------------
*
*	Design: picorv32
*
*	Liberty Libraries used: 
*	        view_1: /home/arpit23132/Desktop/RISCV_Final/slow.lib
*
*	Power Domain used: 
*              Rail:        VDD      Voltage:        0.9 
*
*       Power View : view_1
*
*       User-Defined Activity : N.A.
*
*       Activity File: N.A.
*
*       Hierarchical Global Activity: N.A.
*
*       Global Activity: N.A.
*
*       Sequential Element Activity: N.A.
*
*       Primary Input Activity: 0.200000
*
*       Default icg ratio: N.A.
*
*       Global Comb ClockGate Ratio: N.A.
*
*	Power Units = 1mW
*
*	Time Units = 1e-09 secs 
*
*       report_power -outfile placement_reports_1/routing_report/power_report.rpt
*
-----------------------------------------------------------------------------------------


Total Power 
-----------------------------------------------------------------------------------------
Total Internal Power:       15.59612219 	   76.1341%
Total Switching Power:       4.50152927 	   21.9747%
Total Leakage Power:         0.38740700 	    1.8912%
Total Power:                20.48505810 
-----------------------------------------------------------------------------------------


Group                           Internal   Switching     Leakage       Total  Percentage 
                                Power      Power         Power         Power  (%)        
-----------------------------------------------------------------------------------------
Sequential                         13.19       1.532      0.2923       15.01        73.3 
Macro                                  0           0           0           0           0 
IO                                     0           0           0           0           0 
Combinational                       2.07       2.291     0.09155       4.453       21.74 
Clock (Combinational)             0.3354      0.6783    0.003604       1.017       4.966 
Clock (Sequential)                     0           0           0           0           0 
-----------------------------------------------------------------------------------------
Total                               15.6       4.502      0.3874       20.49         100 
-----------------------------------------------------------------------------------------


Rail                  Voltage   Internal   Switching     Leakage       Total  Percentage 
                                Power      Power         Power         Power  (%)        
-----------------------------------------------------------------------------------------
VDD                       0.9       15.6       4.502      0.3874       20.49         100 


Clock                           Internal   Switching     Leakage       Total  Percentage 
                                Power      Power         Power         Power  (%)        
-----------------------------------------------------------------------------------------
clk                               0.3354      0.6783    0.003604       1.017       4.966 
-----------------------------------------------------------------------------------------
Total (excluding duplicates)      0.3354      0.6783    0.003604       1.017       4.966 
-----------------------------------------------------------------------------------------
Clock: clk
Clock Period: 0.004000 usec 
Clock Toggle Rate:   400.0000 Mhz 
Clock Static Probability:  0.5000



-----------------------------------------------------------------------------------------
*	Power Distribution Summary: 
*                Highest Average Power:       CTS_ccl_a_buf_00018 (CLKBUFX16):          0.07188 
*                Highest Leakage Power:          cpu_state_reg[2] (SDFFX4):        0.0002929 
*          Total Cap:      1.02173e-10 F
*          Total instances in design:  6382
*          Total instances in design with no power:     0
*          Total instances in design with no activity:     0
*          Total Fillers and Decap:     0
-----------------------------------------------------------------------------------------

