###############################################################
#  Generated by:      Cadence Innovus 20.10-p004_1
#  OS:                Linux x86_64(Host ID edatools-server2.iiitd.edu.in)
#  Generated on:      Sun Jan 11 16:41:13 2026
#  Design:            picorv32
#  Command:           report_timing -retime path_slew_propagation -max_path 100 -nworst 100 -early -format retime_slew > $report_dir/routing_report/timing_hold_report_PBA.rpt
###############################################################
Path 1: MET Hold Check with Pin trap_reg/CK 
Endpoint:   trap_reg/RN (v) checked with  leading edge of 'clk'
Beginpoint: resetn      (v) triggered by  leading edge of '@'
Path Groups: {clk}
Analysis View: view_1
Retime Analysis { Data Path-Slew }
Other End Arrival Time         -0.024
+ Hold                          0.032
+ Phase Shift                   0.000
= Required Time                 0.008
  Arrival Time                  0.010
  Slack Time                    0.002
= Slack Time(original)          0.002
     Clock Rise Edge                      0.000
     + Input Delay                        0.000
     = Beginpoint Arrival Time            0.000
     +--------+ 
     | Retime | 
     |  Slew  | 
     |--------| 
     |  0.003 | 
     |  0.029 | 
     +--------+ 
Path 2: MET Hold Check with Pin count_cycle_reg[62]/CK 
Endpoint:   count_cycle_reg[62]/RN (v) checked with  leading edge of 'clk'
Beginpoint: resetn                 (v) triggered by  leading edge of '@'
Path Groups: {clk}
Analysis View: view_1
Retime Analysis { Data Path-Slew }
Other End Arrival Time         -0.024
+ Hold                          0.034
+ Phase Shift                   0.000
= Required Time                 0.009
  Arrival Time                  0.014
  Slack Time                    0.005
= Slack Time(original)          0.005
     Clock Rise Edge                      0.000
     + Input Delay                        0.000
     = Beginpoint Arrival Time            0.000
     +--------+ 
     | Retime | 
     |  Slew  | 
     |--------| 
     |  0.003 | 
     |  0.031 | 
     +--------+ 
Path 3: MET Hold Check with Pin count_cycle_reg[31]/CK 
Endpoint:   count_cycle_reg[31]/RN (v) checked with  leading edge of 'clk'
Beginpoint: resetn                 (v) triggered by  leading edge of '@'
Path Groups: {clk}
Analysis View: view_1
Retime Analysis { Data Path-Slew }
Other End Arrival Time         -0.025
+ Hold                          0.034
+ Phase Shift                   0.000
= Required Time                 0.009
  Arrival Time                  0.014
  Slack Time                    0.006
= Slack Time(original)          0.006
     Clock Rise Edge                      0.000
     + Input Delay                        0.000
     = Beginpoint Arrival Time            0.000
     +--------+ 
     | Retime | 
     |  Slew  | 
     |--------| 
     |  0.003 | 
     |  0.031 | 
     +--------+ 
Path 4: MET Hold Check with Pin mem_rdata_q_reg[20]/CK 
Endpoint:   mem_rdata_q_reg[20]/D0 (v) checked with  leading edge of 'clk'
Beginpoint: mem_rdata[20]          (v) triggered by  leading edge of '@'
Path Groups: {clk}
Analysis View: view_1
Retime Analysis { Data Path-Slew }
Other End Arrival Time         -0.027
+ Hold                          0.016
+ Phase Shift                   0.000
= Required Time                -0.011
  Arrival Time                  0.007
  Slack Time                    0.017
= Slack Time(original)          0.017
     Clock Rise Edge                      0.000
     + Input Delay                        0.000
     = Beginpoint Arrival Time            0.000
     +--------+ 
     | Retime | 
     |  Slew  | 
     |--------| 
     |  0.003 | 
     |  0.010 | 
     +--------+ 
Path 5: MET Hold Check with Pin mem_rdata_q_reg[22]/CK 
Endpoint:   mem_rdata_q_reg[22]/D0 (v) checked with  leading edge of 'clk'
Beginpoint: mem_rdata[22]          (v) triggered by  leading edge of '@'
Path Groups: {clk}
Analysis View: view_1
Retime Analysis { Data Path-Slew }
Other End Arrival Time         -0.028
+ Hold                          0.016
+ Phase Shift                   0.000
= Required Time                -0.011
  Arrival Time                  0.006
  Slack Time                    0.018
= Slack Time(original)          0.018
     Clock Rise Edge                      0.000
     + Input Delay                        0.000
     = Beginpoint Arrival Time            0.000
     +--------+ 
     | Retime | 
     |  Slew  | 
     |--------| 
     |  0.003 | 
     |  0.011 | 
     +--------+ 
Path 6: MET Hold Check with Pin mem_rdata_q_reg[27]/CK 
Endpoint:   mem_rdata_q_reg[27]/D0 (v) checked with  leading edge of 'clk'
Beginpoint: mem_rdata[27]          (v) triggered by  leading edge of '@'
Path Groups: {clk}
Analysis View: view_1
Retime Analysis { Data Path-Slew }
Other End Arrival Time         -0.027
+ Hold                          0.015
+ Phase Shift                   0.000
= Required Time                -0.012
  Arrival Time                  0.006
  Slack Time                    0.018
= Slack Time(original)          0.018
     Clock Rise Edge                      0.000
     + Input Delay                        0.000
     = Beginpoint Arrival Time            0.000
     +--------+ 
     | Retime | 
     |  Slew  | 
     |--------| 
     |  0.003 | 
     |  0.009 | 
     +--------+ 
Path 7: MET Hold Check with Pin mem_rdata_q_reg[31]/CK 
Endpoint:   mem_rdata_q_reg[31]/D0 (v) checked with  leading edge of 'clk'
Beginpoint: mem_rdata[31]          (v) triggered by  leading edge of '@'
Path Groups: {clk}
Analysis View: view_1
Retime Analysis { Data Path-Slew }
Other End Arrival Time         -0.027
+ Hold                          0.014
+ Phase Shift                   0.000
= Required Time                -0.013
  Arrival Time                  0.005
  Slack Time                    0.018
= Slack Time(original)          0.018
     Clock Rise Edge                      0.000
     + Input Delay                        0.000
     = Beginpoint Arrival Time            0.000
     +--------+ 
     | Retime | 
     |  Slew  | 
     |--------| 
     |  0.003 | 
     |  0.008 | 
     +--------+ 
Path 8: MET Hold Check with Pin mem_rdata_q_reg[21]/CK 
Endpoint:   mem_rdata_q_reg[21]/D0 (v) checked with  leading edge of 'clk'
Beginpoint: mem_rdata[21]          (v) triggered by  leading edge of '@'
Path Groups: {clk}
Analysis View: view_1
Retime Analysis { Data Path-Slew }
Other End Arrival Time         -0.028
+ Hold                          0.016
+ Phase Shift                   0.000
= Required Time                -0.012
  Arrival Time                  0.006
  Slack Time                    0.018
= Slack Time(original)          0.018
     Clock Rise Edge                      0.000
     + Input Delay                        0.000
     = Beginpoint Arrival Time            0.000
     +--------+ 
     | Retime | 
     |  Slew  | 
     |--------| 
     |  0.003 | 
     |  0.010 | 
     +--------+ 
Path 9: MET Hold Check with Pin mem_rdata_q_reg[13]/CK 
Endpoint:   mem_rdata_q_reg[13]/D0 (v) checked with  leading edge of 'clk'
Beginpoint: mem_rdata[13]          (v) triggered by  leading edge of '@'
Path Groups: {clk}
Analysis View: view_1
Retime Analysis { Data Path-Slew }
Other End Arrival Time         -0.027
+ Hold                          0.014
+ Phase Shift                   0.000
= Required Time                -0.013
  Arrival Time                  0.006
  Slack Time                    0.018
= Slack Time(original)          0.018
     Clock Rise Edge                      0.000
     + Input Delay                        0.000
     = Beginpoint Arrival Time            0.000
     +--------+ 
     | Retime | 
     |  Slew  | 
     |--------| 
     |  0.003 | 
     |  0.008 | 
     +--------+ 
Path 10: MET Hold Check with Pin mem_rdata_q_reg[23]/CK 
Endpoint:   mem_rdata_q_reg[23]/D0 (v) checked with  leading edge of 'clk'
Beginpoint: mem_rdata[23]          (v) triggered by  leading edge of '@'
Path Groups: {clk}
Analysis View: view_1
Retime Analysis { Data Path-Slew }
Other End Arrival Time         -0.028
+ Hold                          0.016
+ Phase Shift                   0.000
= Required Time                -0.012
  Arrival Time                  0.006
  Slack Time                    0.018
= Slack Time(original)          0.018
     Clock Rise Edge                      0.000
     + Input Delay                        0.000
     = Beginpoint Arrival Time            0.000
     +--------+ 
     | Retime | 
     |  Slew  | 
     |--------| 
     |  0.003 | 
     |  0.011 | 
     +--------+ 
Path 11: MET Hold Check with Pin mem_rdata_q_reg[10]/CK 
Endpoint:   mem_rdata_q_reg[10]/D0 (v) checked with  leading edge of 'clk'
Beginpoint: mem_rdata[10]          (v) triggered by  leading edge of '@'
Path Groups: {clk}
Analysis View: view_1
Retime Analysis { Data Path-Slew }
Other End Arrival Time         -0.027
+ Hold                          0.013
+ Phase Shift                   0.000
= Required Time                -0.014
  Arrival Time                  0.004
  Slack Time                    0.018
= Slack Time(original)          0.018
     Clock Rise Edge                      0.000
     + Input Delay                        0.000
     = Beginpoint Arrival Time            0.000
     +--------+ 
     | Retime | 
     |  Slew  | 
     |--------| 
     |  0.003 | 
     |  0.007 | 
     +--------+ 
Path 12: MET Hold Check with Pin mem_rdata_q_reg[28]/CK 
Endpoint:   mem_rdata_q_reg[28]/D0 (v) checked with  leading edge of 'clk'
Beginpoint: mem_rdata[28]          (v) triggered by  leading edge of '@'
Path Groups: {clk}
Analysis View: view_1
Retime Analysis { Data Path-Slew }
Other End Arrival Time         -0.027
+ Hold                          0.014
+ Phase Shift                   0.000
= Required Time                -0.013
  Arrival Time                  0.005
  Slack Time                    0.018
= Slack Time(original)          0.018
     Clock Rise Edge                      0.000
     + Input Delay                        0.000
     = Beginpoint Arrival Time            0.000
     +--------+ 
     | Retime | 
     |  Slew  | 
     |--------| 
     |  0.003 | 
     |  0.008 | 
     +--------+ 
Path 13: MET Hold Check with Pin mem_rdata_q_reg[8]/CK 
Endpoint:   mem_rdata_q_reg[8]/D0 (v) checked with  leading edge of 'clk'
Beginpoint: mem_rdata[8]          (v) triggered by  leading edge of '@'
Path Groups: {clk}
Analysis View: view_1
Retime Analysis { Data Path-Slew }
Other End Arrival Time         -0.027
+ Hold                          0.013
+ Phase Shift                   0.000
= Required Time                -0.014
  Arrival Time                  0.004
  Slack Time                    0.018
= Slack Time(original)          0.018
     Clock Rise Edge                      0.000
     + Input Delay                        0.000
     = Beginpoint Arrival Time            0.000
     +--------+ 
     | Retime | 
     |  Slew  | 
     |--------| 
     |  0.003 | 
     |  0.007 | 
     +--------+ 
Path 14: MET Hold Check with Pin mem_rdata_q_reg[24]/CK 
Endpoint:   mem_rdata_q_reg[24]/D0 (v) checked with  leading edge of 'clk'
Beginpoint: mem_rdata[24]          (v) triggered by  leading edge of '@'
Path Groups: {clk}
Analysis View: view_1
Retime Analysis { Data Path-Slew }
Other End Arrival Time         -0.028
+ Hold                          0.015
+ Phase Shift                   0.000
= Required Time                -0.012
  Arrival Time                  0.006
  Slack Time                    0.018
= Slack Time(original)          0.018
     Clock Rise Edge                      0.000
     + Input Delay                        0.000
     = Beginpoint Arrival Time            0.000
     +--------+ 
     | Retime | 
     |  Slew  | 
     |--------| 
     |  0.003 | 
     |  0.010 | 
     +--------+ 
Path 15: MET Hold Check with Pin mem_rdata_q_reg[11]/CK 
Endpoint:   mem_rdata_q_reg[11]/D0 (v) checked with  leading edge of 'clk'
Beginpoint: mem_rdata[11]          (v) triggered by  leading edge of '@'
Path Groups: {clk}
Analysis View: view_1
Retime Analysis { Data Path-Slew }
Other End Arrival Time         -0.027
+ Hold                          0.012
+ Phase Shift                   0.000
= Required Time                -0.014
  Arrival Time                  0.004
  Slack Time                    0.018
= Slack Time(original)          0.018
     Clock Rise Edge                      0.000
     + Input Delay                        0.000
     = Beginpoint Arrival Time            0.000
     +--------+ 
     | Retime | 
     |  Slew  | 
     |--------| 
     |  0.003 | 
     |  0.006 | 
     +--------+ 
Path 16: MET Hold Check with Pin mem_rdata_q_reg[3]/CK 
Endpoint:   mem_rdata_q_reg[3]/D0 (v) checked with  leading edge of 'clk'
Beginpoint: mem_rdata[3]          (v) triggered by  leading edge of '@'
Path Groups: {clk}
Analysis View: view_1
Retime Analysis { Data Path-Slew }
Other End Arrival Time         -0.027
+ Hold                          0.013
+ Phase Shift                   0.000
= Required Time                -0.014
  Arrival Time                  0.004
  Slack Time                    0.018
= Slack Time(original)          0.018
     Clock Rise Edge                      0.000
     + Input Delay                        0.000
     = Beginpoint Arrival Time            0.000
     +--------+ 
     | Retime | 
     |  Slew  | 
     |--------| 
     |  0.003 | 
     |  0.007 | 
     +--------+ 
Path 17: MET Hold Check with Pin mem_rdata_q_reg[6]/CK 
Endpoint:   mem_rdata_q_reg[6]/D0 (v) checked with  leading edge of 'clk'
Beginpoint: mem_rdata[6]          (v) triggered by  leading edge of '@'
Path Groups: {clk}
Analysis View: view_1
Retime Analysis { Data Path-Slew }
Other End Arrival Time         -0.027
+ Hold                          0.013
+ Phase Shift                   0.000
= Required Time                -0.014
  Arrival Time                  0.004
  Slack Time                    0.019
= Slack Time(original)          0.019
     Clock Rise Edge                      0.000
     + Input Delay                        0.000
     = Beginpoint Arrival Time            0.000
     +--------+ 
     | Retime | 
     |  Slew  | 
     |--------| 
     |  0.003 | 
     |  0.007 | 
     +--------+ 
Path 18: MET Hold Check with Pin mem_rdata_q_reg[2]/CK 
Endpoint:   mem_rdata_q_reg[2]/D0 (v) checked with  leading edge of 'clk'
Beginpoint: mem_rdata[2]          (v) triggered by  leading edge of '@'
Path Groups: {clk}
Analysis View: view_1
Retime Analysis { Data Path-Slew }
Other End Arrival Time         -0.027
+ Hold                          0.013
+ Phase Shift                   0.000
= Required Time                -0.015
  Arrival Time                  0.004
  Slack Time                    0.019
= Slack Time(original)          0.019
     Clock Rise Edge                      0.000
     + Input Delay                        0.000
     = Beginpoint Arrival Time            0.000
     +--------+ 
     | Retime | 
     |  Slew  | 
     |--------| 
     |  0.003 | 
     |  0.007 | 
     +--------+ 
Path 19: MET Hold Check with Pin mem_rdata_q_reg[0]/CK 
Endpoint:   mem_rdata_q_reg[0]/D0 (v) checked with  leading edge of 'clk'
Beginpoint: mem_rdata[0]          (v) triggered by  leading edge of '@'
Path Groups: {clk}
Analysis View: view_1
Retime Analysis { Data Path-Slew }
Other End Arrival Time         -0.027
+ Hold                          0.012
+ Phase Shift                   0.000
= Required Time                -0.015
  Arrival Time                  0.004
  Slack Time                    0.019
= Slack Time(original)          0.019
     Clock Rise Edge                      0.000
     + Input Delay                        0.000
     = Beginpoint Arrival Time            0.000
     +--------+ 
     | Retime | 
     |  Slew  | 
     |--------| 
     |  0.003 | 
     |  0.006 | 
     +--------+ 
Path 20: MET Hold Check with Pin mem_rdata_q_reg[15]/CK 
Endpoint:   mem_rdata_q_reg[15]/D0 (v) checked with  leading edge of 'clk'
Beginpoint: mem_rdata[15]          (v) triggered by  leading edge of '@'
Path Groups: {clk}
Analysis View: view_1
Retime Analysis { Data Path-Slew }
Other End Arrival Time         -0.028
+ Hold                          0.014
+ Phase Shift                   0.000
= Required Time                -0.013
  Arrival Time                  0.005
  Slack Time                    0.019
= Slack Time(original)          0.019
     Clock Rise Edge                      0.000
     + Input Delay                        0.000
     = Beginpoint Arrival Time            0.000
     +--------+ 
     | Retime | 
     |  Slew  | 
     |--------| 
     |  0.003 | 
     |  0.009 | 
     +--------+ 
Path 21: MET Hold Check with Pin mem_rdata_q_reg[1]/CK 
Endpoint:   mem_rdata_q_reg[1]/D0 (v) checked with  leading edge of 'clk'
Beginpoint: mem_rdata[1]          (v) triggered by  leading edge of '@'
Path Groups: {clk}
Analysis View: view_1
Retime Analysis { Data Path-Slew }
Other End Arrival Time         -0.027
+ Hold                          0.012
+ Phase Shift                   0.000
= Required Time                -0.015
  Arrival Time                  0.004
  Slack Time                    0.019
= Slack Time(original)          0.019
     Clock Rise Edge                      0.000
     + Input Delay                        0.000
     = Beginpoint Arrival Time            0.000
     +--------+ 
     | Retime | 
     |  Slew  | 
     |--------| 
     |  0.003 | 
     |  0.006 | 
     +--------+ 
Path 22: MET Hold Check with Pin mem_rdata_q_reg[7]/CK 
Endpoint:   mem_rdata_q_reg[7]/D0 (v) checked with  leading edge of 'clk'
Beginpoint: mem_rdata[7]          (v) triggered by  leading edge of '@'
Path Groups: {clk}
Analysis View: view_1
Retime Analysis { Data Path-Slew }
Other End Arrival Time         -0.027
+ Hold                          0.012
+ Phase Shift                   0.000
= Required Time                -0.015
  Arrival Time                  0.004
  Slack Time                    0.019
= Slack Time(original)          0.019
     Clock Rise Edge                      0.000
     + Input Delay                        0.000
     = Beginpoint Arrival Time            0.000
     +--------+ 
     | Retime | 
     |  Slew  | 
     |--------| 
     |  0.003 | 
     |  0.006 | 
     +--------+ 
Path 23: MET Hold Check with Pin mem_rdata_q_reg[5]/CK 
Endpoint:   mem_rdata_q_reg[5]/D0 (v) checked with  leading edge of 'clk'
Beginpoint: mem_rdata[5]          (v) triggered by  leading edge of '@'
Path Groups: {clk}
Analysis View: view_1
Retime Analysis { Data Path-Slew }
Other End Arrival Time         -0.028
+ Hold                          0.013
+ Phase Shift                   0.000
= Required Time                -0.015
  Arrival Time                  0.004
  Slack Time                    0.019
= Slack Time(original)          0.019
     Clock Rise Edge                      0.000
     + Input Delay                        0.000
     = Beginpoint Arrival Time            0.000
     +--------+ 
     | Retime | 
     |  Slew  | 
     |--------| 
     |  0.003 | 
     |  0.007 | 
     +--------+ 
Path 24: MET Hold Check with Pin mem_rdata_q_reg[4]/CK 
Endpoint:   mem_rdata_q_reg[4]/D0 (v) checked with  leading edge of 'clk'
Beginpoint: mem_rdata[4]          (v) triggered by  leading edge of '@'
Path Groups: {clk}
Analysis View: view_1
Retime Analysis { Data Path-Slew }
Other End Arrival Time         -0.028
+ Hold                          0.013
+ Phase Shift                   0.000
= Required Time                -0.015
  Arrival Time                  0.004
  Slack Time                    0.019
= Slack Time(original)          0.019
     Clock Rise Edge                      0.000
     + Input Delay                        0.000
     = Beginpoint Arrival Time            0.000
     +--------+ 
     | Retime | 
     |  Slew  | 
     |--------| 
     |  0.003 | 
     |  0.007 | 
     +--------+ 
Path 25: MET Hold Check with Pin mem_rdata_q_reg[18]/CK 
Endpoint:   mem_rdata_q_reg[18]/D0 (v) checked with  leading edge of 'clk'
Beginpoint: mem_rdata[18]          (v) triggered by  leading edge of '@'
Path Groups: {clk}
Analysis View: view_1
Retime Analysis { Data Path-Slew }
Other End Arrival Time         -0.031
+ Hold                          0.017
+ Phase Shift                   0.000
= Required Time                -0.013
  Arrival Time                  0.008
  Slack Time                    0.021
= Slack Time(original)          0.021
     Clock Rise Edge                      0.000
     + Input Delay                        0.000
     = Beginpoint Arrival Time            0.000
     +--------+ 
     | Retime | 
     |  Slew  | 
     |--------| 
     |  0.003 | 
     |  0.012 | 
     +--------+ 
Path 26: MET Hold Check with Pin mem_rdata_q_reg[16]/CK 
Endpoint:   mem_rdata_q_reg[16]/D0 (v) checked with  leading edge of 'clk'
Beginpoint: mem_rdata[16]          (v) triggered by  leading edge of '@'
Path Groups: {clk}
Analysis View: view_1
Retime Analysis { Data Path-Slew }
Other End Arrival Time         -0.030
+ Hold                          0.017
+ Phase Shift                   0.000
= Required Time                -0.014
  Arrival Time                  0.008
  Slack Time                    0.021
= Slack Time(original)          0.021
     Clock Rise Edge                      0.000
     + Input Delay                        0.000
     = Beginpoint Arrival Time            0.000
     +--------+ 
     | Retime | 
     |  Slew  | 
     |--------| 
     |  0.003 | 
     |  0.012 | 
     +--------+ 
Path 27: MET Hold Check with Pin mem_rdata_q_reg[17]/CK 
Endpoint:   mem_rdata_q_reg[17]/D0 (v) checked with  leading edge of 'clk'
Beginpoint: mem_rdata[17]          (v) triggered by  leading edge of '@'
Path Groups: {clk}
Analysis View: view_1
Retime Analysis { Data Path-Slew }
Other End Arrival Time         -0.031
+ Hold                          0.017
+ Phase Shift                   0.000
= Required Time                -0.014
  Arrival Time                  0.008
  Slack Time                    0.022
= Slack Time(original)          0.022
     Clock Rise Edge                      0.000
     + Input Delay                        0.000
     = Beginpoint Arrival Time            0.000
     +--------+ 
     | Retime | 
     |  Slew  | 
     |--------| 
     |  0.003 | 
     |  0.012 | 
     +--------+ 
Path 28: MET Hold Check with Pin mem_rdata_q_reg[19]/CK 
Endpoint:   mem_rdata_q_reg[19]/D0 (v) checked with  leading edge of 'clk'
Beginpoint: mem_rdata[19]          (v) triggered by  leading edge of '@'
Path Groups: {clk}
Analysis View: view_1
Retime Analysis { Data Path-Slew }
Other End Arrival Time         -0.032
+ Hold                          0.016
+ Phase Shift                   0.000
= Required Time                -0.016
  Arrival Time                  0.007
  Slack Time                    0.023
= Slack Time(original)          0.023
     Clock Rise Edge                      0.000
     + Input Delay                        0.000
     = Beginpoint Arrival Time            0.000
     +--------+ 
     | Retime | 
     |  Slew  | 
     |--------| 
     |  0.003 | 
     |  0.011 | 
     +--------+ 
Path 29: MET Hold Check with Pin mem_rdata_q_reg[9]/CK 
Endpoint:   mem_rdata_q_reg[9]/D0 (v) checked with  leading edge of 'clk'
Beginpoint: mem_rdata[9]          (v) triggered by  leading edge of '@'
Path Groups: {clk}
Analysis View: view_1
Retime Analysis { Data Path-Slew }
Other End Arrival Time          0.002
+ Hold                          0.046
+ Phase Shift                   0.000
= Required Time                 0.049
  Arrival Time                  0.105
  Slack Time                    0.056
= Slack Time(original)          0.056
     Clock Rise Edge                      0.000
     + Input Delay                        0.000
     = Beginpoint Arrival Time            0.000
     +--------+ 
     | Retime | 
     |  Slew  | 
     |--------| 
     |  0.003 | 
     |  0.006 | 
     |  0.041 | 
     |  0.041 | 
     +--------+ 
Path 30: MET Hold Check with Pin mem_rdata_q_reg[30]/CK 
Endpoint:   mem_rdata_q_reg[30]/D0 (v) checked with  leading edge of 'clk'
Beginpoint: mem_rdata[30]          (v) triggered by  leading edge of '@'
Path Groups: {clk}
Analysis View: view_1
Retime Analysis { Data Path-Slew }
Other End Arrival Time          0.003
+ Hold                          0.047
+ Phase Shift                   0.000
= Required Time                 0.051
  Arrival Time                  0.108
  Slack Time                    0.057
= Slack Time(original)          0.057
     Clock Rise Edge                      0.000
     + Input Delay                        0.000
     = Beginpoint Arrival Time            0.000
     +--------+ 
     | Retime | 
     |  Slew  | 
     |--------| 
     |  0.003 | 
     |  0.009 | 
     |  0.042 | 
     |  0.042 | 
     +--------+ 
Path 31: MET Hold Check with Pin mem_rdata_q_reg[29]/CK 
Endpoint:   mem_rdata_q_reg[29]/D0 (v) checked with  leading edge of 'clk'
Beginpoint: mem_rdata[29]          (v) triggered by  leading edge of '@'
Path Groups: {clk}
Analysis View: view_1
Retime Analysis { Data Path-Slew }
Other End Arrival Time          0.003
+ Hold                          0.049
+ Phase Shift                   0.000
= Required Time                 0.053
  Arrival Time                  0.110
  Slack Time                    0.057
= Slack Time(original)          0.057
     Clock Rise Edge                      0.000
     + Input Delay                        0.000
     = Beginpoint Arrival Time            0.000
     +--------+ 
     | Retime | 
     |  Slew  | 
     |--------| 
     |  0.003 | 
     |  0.008 | 
     |  0.044 | 
     |  0.044 | 
     +--------+ 
Path 32: MET Hold Check with Pin count_cycle_reg[7]/CK 
Endpoint:   count_cycle_reg[7]/D (v) checked with  leading edge of 'clk'
Beginpoint: resetn               (v) triggered by  leading edge of '@'
Path Groups: {clk}
Analysis View: view_1
Retime Analysis { Data Path-Slew }
Other End Arrival Time          0.004
+ Hold                          0.050
+ Phase Shift                   0.000
= Required Time                 0.055
  Arrival Time                  0.112
  Slack Time                    0.057
= Slack Time(original)          0.058
     Clock Rise Edge                      0.000
     + Input Delay                        0.000
     = Beginpoint Arrival Time            0.000
     +--------+ 
     | Retime | 
     |  Slew  | 
     |--------| 
     |  0.003 | 
     |  0.032 | 
     |  0.045 | 
     |  0.045 | 
     +--------+ 
Path 33: MET Hold Check with Pin count_cycle_reg[14]/CK 
Endpoint:   count_cycle_reg[14]/D (v) checked with  leading edge of 'clk'
Beginpoint: resetn                (v) triggered by  leading edge of '@'
Path Groups: {clk}
Analysis View: view_1
Retime Analysis { Data Path-Slew }
Other End Arrival Time          0.003
+ Hold                          0.050
+ Phase Shift                   0.000
= Required Time                 0.053
  Arrival Time                  0.111
  Slack Time                    0.059
= Slack Time(original)          0.059
     Clock Rise Edge                      0.000
     + Input Delay                        0.000
     = Beginpoint Arrival Time            0.000
     +--------+ 
     | Retime | 
     |  Slew  | 
     |--------| 
     |  0.003 | 
     |  0.032 | 
     |  0.045 | 
     |  0.045 | 
     +--------+ 
Path 34: MET Hold Check with Pin count_cycle_reg[11]/CK 
Endpoint:   count_cycle_reg[11]/D (v) checked with  leading edge of 'clk'
Beginpoint: resetn                (v) triggered by  leading edge of '@'
Path Groups: {clk}
Analysis View: view_1
Retime Analysis { Data Path-Slew }
Other End Arrival Time          0.004
+ Hold                          0.049
+ Phase Shift                   0.000
= Required Time                 0.053
  Arrival Time                  0.113
  Slack Time                    0.061
= Slack Time(original)          0.060
     Clock Rise Edge                      0.000
     + Input Delay                        0.000
     = Beginpoint Arrival Time            0.000
     +--------+ 
     | Retime | 
     |  Slew  | 
     |--------| 
     |  0.003 | 
     |  0.032 | 
     |  0.047 | 
     |  0.047 | 
     +--------+ 
Path 35: MET Hold Check with Pin count_cycle_reg[18]/CK 
Endpoint:   count_cycle_reg[18]/D (v) checked with  leading edge of 'clk'
Beginpoint: resetn                (v) triggered by  leading edge of '@'
Path Groups: {clk}
Analysis View: view_1
Retime Analysis { Data Path-Slew }
Other End Arrival Time          0.002
+ Hold                          0.049
+ Phase Shift                   0.000
= Required Time                 0.050
  Arrival Time                  0.111
  Slack Time                    0.061
= Slack Time(original)          0.060
     Clock Rise Edge                      0.000
     + Input Delay                        0.000
     = Beginpoint Arrival Time            0.000
     +--------+ 
     | Retime | 
     |  Slew  | 
     |--------| 
     |  0.003 | 
     |  0.032 | 
     |  0.046 | 
     |  0.046 | 
     +--------+ 
Path 36: MET Hold Check with Pin count_cycle_reg[6]/CK 
Endpoint:   count_cycle_reg[6]/D (v) checked with  leading edge of 'clk'
Beginpoint: resetn               (v) triggered by  leading edge of '@'
Path Groups: {clk}
Analysis View: view_1
Retime Analysis { Data Path-Slew }
Other End Arrival Time          0.003
+ Hold                          0.049
+ Phase Shift                   0.000
= Required Time                 0.052
  Arrival Time                  0.113
  Slack Time                    0.061
= Slack Time(original)          0.060
     Clock Rise Edge                      0.000
     + Input Delay                        0.000
     = Beginpoint Arrival Time            0.000
     +--------+ 
     | Retime | 
     |  Slew  | 
     |--------| 
     |  0.003 | 
     |  0.032 | 
     |  0.047 | 
     |  0.047 | 
     +--------+ 
Path 37: MET Hold Check with Pin count_cycle_reg[16]/CK 
Endpoint:   count_cycle_reg[16]/D (v) checked with  leading edge of 'clk'
Beginpoint: resetn                (v) triggered by  leading edge of '@'
Path Groups: {clk}
Analysis View: view_1
Retime Analysis { Data Path-Slew }
Other End Arrival Time          0.001
+ Hold                          0.048
+ Phase Shift                   0.000
= Required Time                 0.049
  Arrival Time                  0.112
  Slack Time                    0.062
= Slack Time(original)          0.061
     Clock Rise Edge                      0.000
     + Input Delay                        0.000
     = Beginpoint Arrival Time            0.000
     +--------+ 
     | Retime | 
     |  Slew  | 
     |--------| 
     |  0.003 | 
     |  0.032 | 
     |  0.047 | 
     |  0.047 | 
     +--------+ 
Path 38: MET Hold Check with Pin mem_rdata_q_reg[11]/CK 
Endpoint:   mem_rdata_q_reg[11]/D0 (^) checked with  leading edge of 'clk'
Beginpoint: mem_rdata[11]          (^) triggered by  leading edge of '@'
Path Groups: {clk}
Analysis View: view_1
Retime Analysis { Data Path-Slew }
Other End Arrival Time         -0.027
+ Hold                         -0.031
+ Phase Shift                   0.000
= Required Time                -0.058
  Arrival Time                  0.004
  Slack Time                    0.062
= Slack Time(original)          0.062
     Clock Rise Edge                      0.000
     + Input Delay                        0.000
     = Beginpoint Arrival Time            0.000
     +--------+ 
     | Retime | 
     |  Slew  | 
     |--------| 
     |  0.003 | 
     |  0.006 | 
     +--------+ 
Path 39: MET Hold Check with Pin count_cycle_reg[4]/CK 
Endpoint:   count_cycle_reg[4]/D (v) checked with  leading edge of 'clk'
Beginpoint: resetn               (v) triggered by  leading edge of '@'
Path Groups: {clk}
Analysis View: view_1
Retime Analysis { Data Path-Slew }
Other End Arrival Time          0.001
+ Hold                          0.049
+ Phase Shift                   0.000
= Required Time                 0.050
  Arrival Time                  0.113
  Slack Time                    0.063
= Slack Time(original)          0.063
     Clock Rise Edge                      0.000
     + Input Delay                        0.000
     = Beginpoint Arrival Time            0.000
     +--------+ 
     | Retime | 
     |  Slew  | 
     |--------| 
     |  0.003 | 
     |  0.032 | 
     |  0.047 | 
     |  0.047 | 
     +--------+ 
Path 40: MET Hold Check with Pin mem_rdata_q_reg[1]/CK 
Endpoint:   mem_rdata_q_reg[1]/D0 (^) checked with  leading edge of 'clk'
Beginpoint: mem_rdata[1]          (^) triggered by  leading edge of '@'
Path Groups: {clk}
Analysis View: view_1
Retime Analysis { Data Path-Slew }
Other End Arrival Time         -0.027
+ Hold                         -0.032
+ Phase Shift                   0.000
= Required Time                -0.059
  Arrival Time                  0.004
  Slack Time                    0.063
= Slack Time(original)          0.063
     Clock Rise Edge                      0.000
     + Input Delay                        0.000
     = Beginpoint Arrival Time            0.000
     +--------+ 
     | Retime | 
     |  Slew  | 
     |--------| 
     |  0.003 | 
     |  0.006 | 
     +--------+ 
Path 41: MET Hold Check with Pin mem_rdata_q_reg[7]/CK 
Endpoint:   mem_rdata_q_reg[7]/D0 (^) checked with  leading edge of 'clk'
Beginpoint: mem_rdata[7]          (^) triggered by  leading edge of '@'
Path Groups: {clk}
Analysis View: view_1
Retime Analysis { Data Path-Slew }
Other End Arrival Time         -0.027
+ Hold                         -0.032
+ Phase Shift                   0.000
= Required Time                -0.060
  Arrival Time                  0.004
  Slack Time                    0.064
= Slack Time(original)          0.064
     Clock Rise Edge                      0.000
     + Input Delay                        0.000
     = Beginpoint Arrival Time            0.000
     +--------+ 
     | Retime | 
     |  Slew  | 
     |--------| 
     |  0.003 | 
     |  0.006 | 
     +--------+ 
Path 42: MET Hold Check with Pin count_cycle_reg[25]/CK 
Endpoint:   count_cycle_reg[25]/RN (v) checked with  leading edge of 'clk'
Beginpoint: resetn                 (v) triggered by  leading edge of '@'
Path Groups: {clk}
Analysis View: view_1
Retime Analysis { Data Path-Slew }
Other End Arrival Time          0.002
+ Hold                          0.035
+ Phase Shift                   0.000
= Required Time                 0.037
  Arrival Time                  0.101
  Slack Time                    0.064
= Slack Time(original)          0.064
     Clock Rise Edge                      0.000
     + Input Delay                        0.000
     = Beginpoint Arrival Time            0.000
     +--------+ 
     | Retime | 
     |  Slew  | 
     |--------| 
     |  0.003 | 
     |  0.032 | 
     |  0.027 | 
     |  0.027 | 
     +--------+ 
Path 43: MET Hold Check with Pin mem_rdata_q_reg[6]/CK 
Endpoint:   mem_rdata_q_reg[6]/D0 (^) checked with  leading edge of 'clk'
Beginpoint: mem_rdata[6]          (^) triggered by  leading edge of '@'
Path Groups: {clk}
Analysis View: view_1
Retime Analysis { Data Path-Slew }
Other End Arrival Time         -0.027
+ Hold                         -0.033
+ Phase Shift                   0.000
= Required Time                -0.060
  Arrival Time                  0.004
  Slack Time                    0.064
= Slack Time(original)          0.064
     Clock Rise Edge                      0.000
     + Input Delay                        0.000
     = Beginpoint Arrival Time            0.000
     +--------+ 
     | Retime | 
     |  Slew  | 
     |--------| 
     |  0.003 | 
     |  0.007 | 
     +--------+ 
Path 44: MET Hold Check with Pin mem_rdata_q_reg[8]/CK 
Endpoint:   mem_rdata_q_reg[8]/D0 (^) checked with  leading edge of 'clk'
Beginpoint: mem_rdata[8]          (^) triggered by  leading edge of '@'
Path Groups: {clk}
Analysis View: view_1
Retime Analysis { Data Path-Slew }
Other End Arrival Time         -0.027
+ Hold                         -0.033
+ Phase Shift                   0.000
= Required Time                -0.060
  Arrival Time                  0.004
  Slack Time                    0.064
= Slack Time(original)          0.064
     Clock Rise Edge                      0.000
     + Input Delay                        0.000
     = Beginpoint Arrival Time            0.000
     +--------+ 
     | Retime | 
     |  Slew  | 
     |--------| 
     |  0.003 | 
     |  0.007 | 
     +--------+ 
Path 45: MET Hold Check with Pin mem_rdata_q_reg[0]/CK 
Endpoint:   mem_rdata_q_reg[0]/D0 (^) checked with  leading edge of 'clk'
Beginpoint: mem_rdata[0]          (^) triggered by  leading edge of '@'
Path Groups: {clk}
Analysis View: view_1
Retime Analysis { Data Path-Slew }
Other End Arrival Time         -0.027
+ Hold                         -0.033
+ Phase Shift                   0.000
= Required Time                -0.060
  Arrival Time                  0.004
  Slack Time                    0.064
= Slack Time(original)          0.064
     Clock Rise Edge                      0.000
     + Input Delay                        0.000
     = Beginpoint Arrival Time            0.000
     +--------+ 
     | Retime | 
     |  Slew  | 
     |--------| 
     |  0.003 | 
     |  0.006 | 
     +--------+ 
Path 46: MET Hold Check with Pin mem_rdata_q_reg[3]/CK 
Endpoint:   mem_rdata_q_reg[3]/D0 (^) checked with  leading edge of 'clk'
Beginpoint: mem_rdata[3]          (^) triggered by  leading edge of '@'
Path Groups: {clk}
Analysis View: view_1
Retime Analysis { Data Path-Slew }
Other End Arrival Time         -0.027
+ Hold                         -0.033
+ Phase Shift                   0.000
= Required Time                -0.060
  Arrival Time                  0.004
  Slack Time                    0.065
= Slack Time(original)          0.065
     Clock Rise Edge                      0.000
     + Input Delay                        0.000
     = Beginpoint Arrival Time            0.000
     +--------+ 
     | Retime | 
     |  Slew  | 
     |--------| 
     |  0.003 | 
     |  0.007 | 
     +--------+ 
Path 47: MET Hold Check with Pin count_cycle_reg[8]/CK 
Endpoint:   count_cycle_reg[8]/D (v) checked with  leading edge of 'clk'
Beginpoint: resetn               (v) triggered by  leading edge of '@'
Path Groups: {clk}
Analysis View: view_1
Retime Analysis { Data Path-Slew }
Other End Arrival Time          0.004
+ Hold                          0.045
+ Phase Shift                   0.000
= Required Time                 0.049
  Arrival Time                  0.115
  Slack Time                    0.066
= Slack Time(original)          0.065
     Clock Rise Edge                      0.000
     + Input Delay                        0.000
     = Beginpoint Arrival Time            0.000
     +--------+ 
     | Retime | 
     |  Slew  | 
     |--------| 
     |  0.003 | 
     |  0.032 | 
     |  0.049 | 
     |  0.049 | 
     +--------+ 
Path 48: MET Hold Check with Pin mem_rdata_q_reg[10]/CK 
Endpoint:   mem_rdata_q_reg[10]/D0 (^) checked with  leading edge of 'clk'
Beginpoint: mem_rdata[10]          (^) triggered by  leading edge of '@'
Path Groups: {clk}
Analysis View: view_1
Retime Analysis { Data Path-Slew }
Other End Arrival Time         -0.027
+ Hold                         -0.034
+ Phase Shift                   0.000
= Required Time                -0.061
  Arrival Time                  0.004
  Slack Time                    0.065
= Slack Time(original)          0.065
     Clock Rise Edge                      0.000
     + Input Delay                        0.000
     = Beginpoint Arrival Time            0.000
     +--------+ 
     | Retime | 
     |  Slew  | 
     |--------| 
     |  0.003 | 
     |  0.007 | 
     +--------+ 
Path 49: MET Hold Check with Pin mem_rdata_q_reg[2]/CK 
Endpoint:   mem_rdata_q_reg[2]/D0 (^) checked with  leading edge of 'clk'
Beginpoint: mem_rdata[2]          (^) triggered by  leading edge of '@'
Path Groups: {clk}
Analysis View: view_1
Retime Analysis { Data Path-Slew }
Other End Arrival Time         -0.027
+ Hold                         -0.035
+ Phase Shift                   0.000
= Required Time                -0.062
  Arrival Time                  0.004
  Slack Time                    0.066
= Slack Time(original)          0.066
     Clock Rise Edge                      0.000
     + Input Delay                        0.000
     = Beginpoint Arrival Time            0.000
     +--------+ 
     | Retime | 
     |  Slew  | 
     |--------| 
     |  0.003 | 
     |  0.007 | 
     +--------+ 
Path 50: MET Hold Check with Pin cpuregs_reg[23][19]/CK 
Endpoint:   cpuregs_reg[23][19]/SI (v) checked with  leading edge of 'clk'
Beginpoint: DFT_sdi_1              (v) triggered by  leading edge of '@'
Path Groups: {clk}
Analysis View: view_1
Retime Analysis { Data Path-Slew }
Other End Arrival Time         -0.001
+ Hold                          0.046
+ Phase Shift                   0.000
= Required Time                 0.045
  Arrival Time                  0.112
  Slack Time                    0.067
= Slack Time(original)          0.067
     Clock Rise Edge                      0.000
     + Input Delay                        0.000
     = Beginpoint Arrival Time            0.000
     +--------+ 
     | Retime | 
     |  Slew  | 
     |--------| 
     |  0.003 | 
     |  0.014 | 
     |  0.042 | 
     |  0.042 | 
     +--------+ 
Path 51: MET Hold Check with Pin mem_rdata_q_reg[4]/CK 
Endpoint:   mem_rdata_q_reg[4]/D0 (^) checked with  leading edge of 'clk'
Beginpoint: mem_rdata[4]          (^) triggered by  leading edge of '@'
Path Groups: {clk}
Analysis View: view_1
Retime Analysis { Data Path-Slew }
Other End Arrival Time         -0.028
+ Hold                         -0.035
+ Phase Shift                   0.000
= Required Time                -0.063
  Arrival Time                  0.004
  Slack Time                    0.067
= Slack Time(original)          0.067
     Clock Rise Edge                      0.000
     + Input Delay                        0.000
     = Beginpoint Arrival Time            0.000
     +--------+ 
     | Retime | 
     |  Slew  | 
     |--------| 
     |  0.003 | 
     |  0.007 | 
     +--------+ 
Path 52: MET Hold Check with Pin mem_rdata_q_reg[5]/CK 
Endpoint:   mem_rdata_q_reg[5]/D0 (^) checked with  leading edge of 'clk'
Beginpoint: mem_rdata[5]          (^) triggered by  leading edge of '@'
Path Groups: {clk}
Analysis View: view_1
Retime Analysis { Data Path-Slew }
Other End Arrival Time         -0.028
+ Hold                         -0.036
+ Phase Shift                   0.000
= Required Time                -0.063
  Arrival Time                  0.004
  Slack Time                    0.068
= Slack Time(original)          0.068
     Clock Rise Edge                      0.000
     + Input Delay                        0.000
     = Beginpoint Arrival Time            0.000
     +--------+ 
     | Retime | 
     |  Slew  | 
     |--------| 
     |  0.003 | 
     |  0.007 | 
     +--------+ 
Path 53: MET Hold Check with Pin mem_rdata_q_reg[28]/CK 
Endpoint:   mem_rdata_q_reg[28]/D0 (^) checked with  leading edge of 'clk'
Beginpoint: mem_rdata[28]          (^) triggered by  leading edge of '@'
Path Groups: {clk}
Analysis View: view_1
Retime Analysis { Data Path-Slew }
Other End Arrival Time         -0.027
+ Hold                         -0.037
+ Phase Shift                   0.000
= Required Time                -0.064
  Arrival Time                  0.005
  Slack Time                    0.069
= Slack Time(original)          0.069
     Clock Rise Edge                      0.000
     + Input Delay                        0.000
     = Beginpoint Arrival Time            0.000
     +--------+ 
     | Retime | 
     |  Slew  | 
     |--------| 
     |  0.003 | 
     |  0.008 | 
     +--------+ 
Path 54: MET Hold Check with Pin mem_rdata_q_reg[31]/CK 
Endpoint:   mem_rdata_q_reg[31]/D0 (^) checked with  leading edge of 'clk'
Beginpoint: mem_rdata[31]          (^) triggered by  leading edge of '@'
Path Groups: {clk}
Analysis View: view_1
Retime Analysis { Data Path-Slew }
Other End Arrival Time         -0.027
+ Hold                         -0.038
+ Phase Shift                   0.000
= Required Time                -0.065
  Arrival Time                  0.005
  Slack Time                    0.070
= Slack Time(original)          0.070
     Clock Rise Edge                      0.000
     + Input Delay                        0.000
     = Beginpoint Arrival Time            0.000
     +--------+ 
     | Retime | 
     |  Slew  | 
     |--------| 
     |  0.003 | 
     |  0.008 | 
     +--------+ 
Path 55: MET Hold Check with Pin count_cycle_reg[10]/CK 
Endpoint:   count_cycle_reg[10]/D (v) checked with  leading edge of 'clk'
Beginpoint: resetn                (v) triggered by  leading edge of '@'
Path Groups: {clk}
Analysis View: view_1
Retime Analysis { Data Path-Slew }
Other End Arrival Time          0.004
+ Hold                          0.041
+ Phase Shift                   0.000
= Required Time                 0.046
  Arrival Time                  0.117
  Slack Time                    0.071
= Slack Time(original)          0.070
     Clock Rise Edge                      0.000
     + Input Delay                        0.000
     = Beginpoint Arrival Time            0.000
     +--------+ 
     | Retime | 
     |  Slew  | 
     |--------| 
     |  0.003 | 
     |  0.032 | 
     |  0.051 | 
     |  0.051 | 
     +--------+ 
Path 56: MET Hold Check with Pin count_cycle_reg[17]/CK 
Endpoint:   count_cycle_reg[17]/D (v) checked with  leading edge of 'clk'
Beginpoint: resetn                (v) triggered by  leading edge of '@'
Path Groups: {clk}
Analysis View: view_1
Retime Analysis { Data Path-Slew }
Other End Arrival Time          0.001
+ Hold                          0.043
+ Phase Shift                   0.000
= Required Time                 0.043
  Arrival Time                  0.115
  Slack Time                    0.071
= Slack Time(original)          0.070
     Clock Rise Edge                      0.000
     + Input Delay                        0.000
     = Beginpoint Arrival Time            0.000
     +--------+ 
     | Retime | 
     |  Slew  | 
     |--------| 
     |  0.003 | 
     |  0.032 | 
     |  0.050 | 
     |  0.050 | 
     +--------+ 
Path 57: MET Hold Check with Pin mem_rdata_q_reg[13]/CK 
Endpoint:   mem_rdata_q_reg[13]/D0 (^) checked with  leading edge of 'clk'
Beginpoint: mem_rdata[13]          (^) triggered by  leading edge of '@'
Path Groups: {clk}
Analysis View: view_1
Retime Analysis { Data Path-Slew }
Other End Arrival Time         -0.027
+ Hold                         -0.040
+ Phase Shift                   0.000
= Required Time                -0.066
  Arrival Time                  0.006
  Slack Time                    0.072
= Slack Time(original)          0.072
     Clock Rise Edge                      0.000
     + Input Delay                        0.000
     = Beginpoint Arrival Time            0.000
     +--------+ 
     | Retime | 
     |  Slew  | 
     |--------| 
     |  0.003 | 
     |  0.008 | 
     +--------+ 
Path 58: MET Hold Check with Pin count_cycle_reg[61]/CK 
Endpoint:   count_cycle_reg[61]/RN (v) checked with  leading edge of 'clk'
Beginpoint: resetn                 (v) triggered by  leading edge of '@'
Path Groups: {clk}
Analysis View: view_1
Retime Analysis { Data Path-Slew }
Other End Arrival Time          0.003
+ Hold                          0.042
+ Phase Shift                   0.000
= Required Time                 0.045
  Arrival Time                  0.118
  Slack Time                    0.072
= Slack Time(original)          0.072
     Clock Rise Edge                      0.000
     + Input Delay                        0.000
     = Beginpoint Arrival Time            0.000
     +--------+ 
     | Retime | 
     |  Slew  | 
     |--------| 
     |  0.003 | 
     |  0.032 | 
     |  0.036 | 
     |  0.036 | 
     +--------+ 
Path 59: MET Hold Check with Pin count_cycle_reg[59]/CK 
Endpoint:   count_cycle_reg[59]/RN (v) checked with  leading edge of 'clk'
Beginpoint: resetn                 (v) triggered by  leading edge of '@'
Path Groups: {clk}
Analysis View: view_1
Retime Analysis { Data Path-Slew }
Other End Arrival Time          0.003
+ Hold                          0.049
+ Phase Shift                   0.000
= Required Time                 0.052
  Arrival Time                  0.127
  Slack Time                    0.075
= Slack Time(original)          0.075
     Clock Rise Edge                      0.000
     + Input Delay                        0.000
     = Beginpoint Arrival Time            0.000
     +--------+ 
     | Retime | 
     |  Slew  | 
     |--------| 
     |  0.003 | 
     |  0.032 | 
     |  0.044 | 
     |  0.044 | 
     +--------+ 
Path 60: MET Hold Check with Pin mem_rdata_q_reg[27]/CK 
Endpoint:   mem_rdata_q_reg[27]/D0 (^) checked with  leading edge of 'clk'
Beginpoint: mem_rdata[27]          (^) triggered by  leading edge of '@'
Path Groups: {clk}
Analysis View: view_1
Retime Analysis { Data Path-Slew }
Other End Arrival Time         -0.027
+ Hold                         -0.042
+ Phase Shift                   0.000
= Required Time                -0.069
  Arrival Time                  0.006
  Slack Time                    0.075
= Slack Time(original)          0.075
     Clock Rise Edge                      0.000
     + Input Delay                        0.000
     = Beginpoint Arrival Time            0.000
     +--------+ 
     | Retime | 
     |  Slew  | 
     |--------| 
     |  0.003 | 
     |  0.009 | 
     +--------+ 
Path 61: MET Hold Check with Pin count_cycle_reg[27]/CK 
Endpoint:   count_cycle_reg[27]/RN (v) checked with  leading edge of 'clk'
Beginpoint: resetn                 (v) triggered by  leading edge of '@'
Path Groups: {clk}
Analysis View: view_1
Retime Analysis { Data Path-Slew }
Other End Arrival Time          0.003
+ Hold                          0.049
+ Phase Shift                   0.000
= Required Time                 0.052
  Arrival Time                  0.127
  Slack Time                    0.075
= Slack Time(original)          0.075
     Clock Rise Edge                      0.000
     + Input Delay                        0.000
     = Beginpoint Arrival Time            0.000
     +--------+ 
     | Retime | 
     |  Slew  | 
     |--------| 
     |  0.003 | 
     |  0.032 | 
     |  0.044 | 
     |  0.044 | 
     +--------+ 
Path 62: MET Hold Check with Pin count_cycle_reg[30]/CK 
Endpoint:   count_cycle_reg[30]/RN (v) checked with  leading edge of 'clk'
Beginpoint: resetn                 (v) triggered by  leading edge of '@'
Path Groups: {clk}
Analysis View: view_1
Retime Analysis { Data Path-Slew }
Other End Arrival Time          0.002
+ Hold                          0.042
+ Phase Shift                   0.000
= Required Time                 0.043
  Arrival Time                  0.119
  Slack Time                    0.075
= Slack Time(original)          0.075
     Clock Rise Edge                      0.000
     + Input Delay                        0.000
     = Beginpoint Arrival Time            0.000
     +--------+ 
     | Retime | 
     |  Slew  | 
     |--------| 
     |  0.003 | 
     |  0.032 | 
     |  0.035 | 
     |  0.035 | 
     +--------+ 
Path 63: MET Hold Check with Pin mem_rdata_q_reg[15]/CK 
Endpoint:   mem_rdata_q_reg[15]/D0 (^) checked with  leading edge of 'clk'
Beginpoint: mem_rdata[15]          (^) triggered by  leading edge of '@'
Path Groups: {clk}
Analysis View: view_1
Retime Analysis { Data Path-Slew }
Other End Arrival Time         -0.028
+ Hold                         -0.043
+ Phase Shift                   0.000
= Required Time                -0.070
  Arrival Time                  0.005
  Slack Time                    0.076
= Slack Time(original)          0.076
     Clock Rise Edge                      0.000
     + Input Delay                        0.000
     = Beginpoint Arrival Time            0.000
     +--------+ 
     | Retime | 
     |  Slew  | 
     |--------| 
     |  0.003 | 
     |  0.009 | 
     +--------+ 
Path 64: MET Hold Check with Pin count_cycle_reg[5]/CK 
Endpoint:   count_cycle_reg[5]/D (v) checked with  leading edge of 'clk'
Beginpoint: resetn               (v) triggered by  leading edge of '@'
Path Groups: {clk}
Analysis View: view_1
Retime Analysis { Data Path-Slew }
Other End Arrival Time          0.002
+ Hold                          0.037
+ Phase Shift                   0.000
= Required Time                 0.039
  Arrival Time                  0.119
  Slack Time                    0.080
= Slack Time(original)          0.079
     Clock Rise Edge                      0.000
     + Input Delay                        0.000
     = Beginpoint Arrival Time            0.000
     +--------+ 
     | Retime | 
     |  Slew  | 
     |--------| 
     |  0.003 | 
     |  0.032 | 
     |  0.054 | 
     |  0.054 | 
     +--------+ 
Path 65: MET Hold Check with Pin mem_rdata_q_reg[24]/CK 
Endpoint:   mem_rdata_q_reg[24]/D0 (^) checked with  leading edge of 'clk'
Beginpoint: mem_rdata[24]          (^) triggered by  leading edge of '@'
Path Groups: {clk}
Analysis View: view_1
Retime Analysis { Data Path-Slew }
Other End Arrival Time         -0.028
+ Hold                         -0.046
+ Phase Shift                   0.000
= Required Time                -0.074
  Arrival Time                  0.006
  Slack Time                    0.080
= Slack Time(original)          0.080
     Clock Rise Edge                      0.000
     + Input Delay                        0.000
     = Beginpoint Arrival Time            0.000
     +--------+ 
     | Retime | 
     |  Slew  | 
     |--------| 
     |  0.003 | 
     |  0.010 | 
     +--------+ 
Path 66: MET Hold Check with Pin count_cycle_reg[9]/CK 
Endpoint:   count_cycle_reg[9]/D (v) checked with  leading edge of 'clk'
Beginpoint: resetn               (v) triggered by  leading edge of '@'
Path Groups: {clk}
Analysis View: view_1
Retime Analysis { Data Path-Slew }
Other End Arrival Time          0.004
+ Hold                          0.035
+ Phase Shift                   0.000
= Required Time                 0.039
  Arrival Time                  0.120
  Slack Time                    0.081
= Slack Time(original)          0.080
     Clock Rise Edge                      0.000
     + Input Delay                        0.000
     = Beginpoint Arrival Time            0.000
     +--------+ 
     | Retime | 
     |  Slew  | 
     |--------| 
     |  0.003 | 
     |  0.032 | 
     |  0.055 | 
     |  0.055 | 
     +--------+ 
Path 67: MET Hold Check with Pin mem_rdata_q_reg[20]/CK 
Endpoint:   mem_rdata_q_reg[20]/D0 (^) checked with  leading edge of 'clk'
Beginpoint: mem_rdata[20]          (^) triggered by  leading edge of '@'
Path Groups: {clk}
Analysis View: view_1
Retime Analysis { Data Path-Slew }
Other End Arrival Time         -0.027
+ Hold                         -0.048
+ Phase Shift                   0.000
= Required Time                -0.074
  Arrival Time                  0.007
  Slack Time                    0.081
= Slack Time(original)          0.081
     Clock Rise Edge                      0.000
     + Input Delay                        0.000
     = Beginpoint Arrival Time            0.000
     +--------+ 
     | Retime | 
     |  Slew  | 
     |--------| 
     |  0.003 | 
     |  0.010 | 
     +--------+ 
Path 68: MET Hold Check with Pin mem_rdata_q_reg[21]/CK 
Endpoint:   mem_rdata_q_reg[21]/D0 (^) checked with  leading edge of 'clk'
Beginpoint: mem_rdata[21]          (^) triggered by  leading edge of '@'
Path Groups: {clk}
Analysis View: view_1
Retime Analysis { Data Path-Slew }
Other End Arrival Time         -0.028
+ Hold                         -0.048
+ Phase Shift                   0.000
= Required Time                -0.076
  Arrival Time                  0.006
  Slack Time                    0.082
= Slack Time(original)          0.082
     Clock Rise Edge                      0.000
     + Input Delay                        0.000
     = Beginpoint Arrival Time            0.000
     +--------+ 
     | Retime | 
     |  Slew  | 
     |--------| 
     |  0.003 | 
     |  0.010 | 
     +--------+ 
Path 69: MET Hold Check with Pin mem_rdata_q_reg[23]/CK 
Endpoint:   mem_rdata_q_reg[23]/D0 (^) checked with  leading edge of 'clk'
Beginpoint: mem_rdata[23]          (^) triggered by  leading edge of '@'
Path Groups: {clk}
Analysis View: view_1
Retime Analysis { Data Path-Slew }
Other End Arrival Time         -0.028
+ Hold                         -0.050
+ Phase Shift                   0.000
= Required Time                -0.078
  Arrival Time                  0.006
  Slack Time                    0.084
= Slack Time(original)          0.084
     Clock Rise Edge                      0.000
     + Input Delay                        0.000
     = Beginpoint Arrival Time            0.000
     +--------+ 
     | Retime | 
     |  Slew  | 
     |--------| 
     |  0.003 | 
     |  0.011 | 
     +--------+ 
Path 70: MET Hold Check with Pin mem_rdata_q_reg[22]/CK 
Endpoint:   mem_rdata_q_reg[22]/D0 (^) checked with  leading edge of 'clk'
Beginpoint: mem_rdata[22]          (^) triggered by  leading edge of '@'
Path Groups: {clk}
Analysis View: view_1
Retime Analysis { Data Path-Slew }
Other End Arrival Time         -0.028
+ Hold                         -0.051
+ Phase Shift                   0.000
= Required Time                -0.079
  Arrival Time                  0.006
  Slack Time                    0.085
= Slack Time(original)          0.085
     Clock Rise Edge                      0.000
     + Input Delay                        0.000
     = Beginpoint Arrival Time            0.000
     +--------+ 
     | Retime | 
     |  Slew  | 
     |--------| 
     |  0.003 | 
     |  0.011 | 
     +--------+ 
Path 71: MET Hold Check with Pin mem_rdata_q_reg[19]/CK 
Endpoint:   mem_rdata_q_reg[19]/D0 (^) checked with  leading edge of 'clk'
Beginpoint: mem_rdata[19]          (^) triggered by  leading edge of '@'
Path Groups: {clk}
Analysis View: view_1
Retime Analysis { Data Path-Slew }
Other End Arrival Time         -0.032
+ Hold                         -0.049
+ Phase Shift                   0.000
= Required Time                -0.081
  Arrival Time                  0.007
  Slack Time                    0.089
= Slack Time(original)          0.089
     Clock Rise Edge                      0.000
     + Input Delay                        0.000
     = Beginpoint Arrival Time            0.000
     +--------+ 
     | Retime | 
     |  Slew  | 
     |--------| 
     |  0.003 | 
     |  0.011 | 
     +--------+ 
Path 72: MET Hold Check with Pin mem_rdata_q_reg[16]/CK 
Endpoint:   mem_rdata_q_reg[16]/D0 (^) checked with  leading edge of 'clk'
Beginpoint: mem_rdata[16]          (^) triggered by  leading edge of '@'
Path Groups: {clk}
Analysis View: view_1
Retime Analysis { Data Path-Slew }
Other End Arrival Time         -0.030
+ Hold                         -0.054
+ Phase Shift                   0.000
= Required Time                -0.084
  Arrival Time                  0.008
  Slack Time                    0.092
= Slack Time(original)          0.092
     Clock Rise Edge                      0.000
     + Input Delay                        0.000
     = Beginpoint Arrival Time            0.000
     +--------+ 
     | Retime | 
     |  Slew  | 
     |--------| 
     |  0.003 | 
     |  0.012 | 
     +--------+ 
Path 73: MET Hold Check with Pin count_cycle_reg[3]/CK 
Endpoint:   count_cycle_reg[3]/D (v) checked with  leading edge of 'clk'
Beginpoint: resetn               (v) triggered by  leading edge of '@'
Path Groups: {clk}
Analysis View: view_1
Retime Analysis { Data Path-Slew }
Other End Arrival Time         -0.026
+ Hold                          0.045
+ Phase Shift                   0.000
= Required Time                 0.019
  Arrival Time                  0.111
  Slack Time                    0.092
= Slack Time(original)          0.092
     Clock Rise Edge                      0.000
     + Input Delay                        0.000
     = Beginpoint Arrival Time            0.000
     +--------+ 
     | Retime | 
     |  Slew  | 
     |--------| 
     |  0.003 | 
     |  0.032 | 
     |  0.045 | 
     |  0.045 | 
     +--------+ 
Path 74: MET Hold Check with Pin count_cycle_reg[1]/CK 
Endpoint:   count_cycle_reg[1]/D (v) checked with  leading edge of 'clk'
Beginpoint: resetn               (v) triggered by  leading edge of '@'
Path Groups: {clk}
Analysis View: view_1
Retime Analysis { Data Path-Slew }
Other End Arrival Time         -0.026
+ Hold                          0.044
+ Phase Shift                   0.000
= Required Time                 0.018
  Arrival Time                  0.112
  Slack Time                    0.094
= Slack Time(original)          0.093
     Clock Rise Edge                      0.000
     + Input Delay                        0.000
     = Beginpoint Arrival Time            0.000
     +--------+ 
     | Retime | 
     |  Slew  | 
     |--------| 
     |  0.003 | 
     |  0.032 | 
     |  0.047 | 
     |  0.047 | 
     +--------+ 
Path 75: MET Hold Check with Pin mem_rdata_q_reg[17]/CK 
Endpoint:   mem_rdata_q_reg[17]/D0 (^) checked with  leading edge of 'clk'
Beginpoint: mem_rdata[17]          (^) triggered by  leading edge of '@'
Path Groups: {clk}
Analysis View: view_1
Retime Analysis { Data Path-Slew }
Other End Arrival Time         -0.031
+ Hold                         -0.055
+ Phase Shift                   0.000
= Required Time                -0.085
  Arrival Time                  0.008
  Slack Time                    0.094
= Slack Time(original)          0.094
     Clock Rise Edge                      0.000
     + Input Delay                        0.000
     = Beginpoint Arrival Time            0.000
     +--------+ 
     | Retime | 
     |  Slew  | 
     |--------| 
     |  0.003 | 
     |  0.012 | 
     +--------+ 
Path 76: MET Hold Check with Pin mem_rdata_q_reg[18]/CK 
Endpoint:   mem_rdata_q_reg[18]/D0 (^) checked with  leading edge of 'clk'
Beginpoint: mem_rdata[18]          (^) triggered by  leading edge of '@'
Path Groups: {clk}
Analysis View: view_1
Retime Analysis { Data Path-Slew }
Other End Arrival Time         -0.031
+ Hold                         -0.056
+ Phase Shift                   0.000
= Required Time                -0.087
  Arrival Time                  0.008
  Slack Time                    0.095
= Slack Time(original)          0.095
     Clock Rise Edge                      0.000
     + Input Delay                        0.000
     = Beginpoint Arrival Time            0.000
     +--------+ 
     | Retime | 
     |  Slew  | 
     |--------| 
     |  0.003 | 
     |  0.012 | 
     +--------+ 
Path 77: MET Hold Check with Pin count_cycle_reg[2]/CK 
Endpoint:   count_cycle_reg[2]/D (v) checked with  leading edge of 'clk'
Beginpoint: resetn               (v) triggered by  leading edge of '@'
Path Groups: {clk}
Analysis View: view_1
Retime Analysis { Data Path-Slew }
Other End Arrival Time         -0.027
+ Hold                          0.035
+ Phase Shift                   0.000
= Required Time                 0.008
  Arrival Time                  0.117
  Slack Time                    0.109
= Slack Time(original)          0.108
     Clock Rise Edge                      0.000
     + Input Delay                        0.000
     = Beginpoint Arrival Time            0.000
     +--------+ 
     | Retime | 
     |  Slew  | 
     |--------| 
     |  0.003 | 
     |  0.032 | 
     |  0.052 | 
     |  0.052 | 
     +--------+ 
Path 78: MET Hold Check with Pin trap_reg/CK 
Endpoint:   trap_reg/RN (^) checked with  leading edge of 'clk'
Beginpoint: resetn      (^) triggered by  leading edge of '@'
Path Groups: {clk}
Analysis View: view_1
Retime Analysis { Data Path-Slew }
Other End Arrival Time         -0.024
+ Hold                         -0.107
+ Phase Shift                   0.000
= Required Time                -0.131
  Arrival Time                  0.010
  Slack Time                    0.141
= Slack Time(original)          0.141
     Clock Rise Edge                      0.000
     + Input Delay                        0.000
     = Beginpoint Arrival Time            0.000
     +--------+ 
     | Retime | 
     |  Slew  | 
     |--------| 
     |  0.003 | 
     |  0.029 | 
     +--------+ 
Path 79: MET Hold Check with Pin count_cycle_reg[62]/CK 
Endpoint:   count_cycle_reg[62]/RN (^) checked with  leading edge of 'clk'
Beginpoint: resetn                 (^) triggered by  leading edge of '@'
Path Groups: {clk}
Analysis View: view_1
Retime Analysis { Data Path-Slew }
Other End Arrival Time         -0.024
+ Hold                         -0.105
+ Phase Shift                   0.000
= Required Time                -0.130
  Arrival Time                  0.014
  Slack Time                    0.144
= Slack Time(original)          0.144
     Clock Rise Edge                      0.000
     + Input Delay                        0.000
     = Beginpoint Arrival Time            0.000
     +--------+ 
     | Retime | 
     |  Slew  | 
     |--------| 
     |  0.003 | 
     |  0.031 | 
     +--------+ 
Path 80: MET Hold Check with Pin cpuregs_reg[23][19]/CK 
Endpoint:   cpuregs_reg[23][19]/SI (^) checked with  leading edge of 'clk'
Beginpoint: DFT_sdi_1              (^) triggered by  leading edge of '@'
Path Groups: {clk}
Analysis View: view_1
Retime Analysis { Data Path-Slew }
Other End Arrival Time         -0.001
+ Hold                         -0.039
+ Phase Shift                   0.000
= Required Time                -0.040
  Arrival Time                  0.105
  Slack Time                    0.144
= Slack Time(original)          0.144
     Clock Rise Edge                      0.000
     + Input Delay                        0.000
     = Beginpoint Arrival Time            0.000
     +--------+ 
     | Retime | 
     |  Slew  | 
     |--------| 
     |  0.003 | 
     |  0.014 | 
     |  0.041 | 
     |  0.041 | 
     +--------+ 
Path 81: MET Hold Check with Pin count_cycle_reg[31]/CK 
Endpoint:   count_cycle_reg[31]/RN (^) checked with  leading edge of 'clk'
Beginpoint: resetn                 (^) triggered by  leading edge of '@'
Path Groups: {clk}
Analysis View: view_1
Retime Analysis { Data Path-Slew }
Other End Arrival Time         -0.025
+ Hold                         -0.105
+ Phase Shift                   0.000
= Required Time                -0.130
  Arrival Time                  0.014
  Slack Time                    0.145
= Slack Time(original)          0.145
     Clock Rise Edge                      0.000
     + Input Delay                        0.000
     = Beginpoint Arrival Time            0.000
     +--------+ 
     | Retime | 
     |  Slew  | 
     |--------| 
     |  0.003 | 
     |  0.031 | 
     +--------+ 
Path 82: MET Hold Check with Pin alu_out_q_reg[31]/CK 
Endpoint:   alu_out_q_reg[31]/SE (v) checked with  leading edge of 'clk'
Beginpoint: shift_en             (v) triggered by  leading edge of '@'
Path Groups: {clk}
Analysis View: view_1
Retime Analysis { Data Path-Slew }
Other End Arrival Time          0.004
+ Hold                          0.049
+ Phase Shift                   0.000
= Required Time                 0.053
  Arrival Time                  0.248
  Slack Time                    0.195
= Slack Time(original)          0.156
     Clock Rise Edge                      0.000
     + Input Delay                        0.000
     = Beginpoint Arrival Time            0.000
     +--------+ 
     | Retime | 
     |  Slew  | 
     |--------| 
     |  0.003 | 
     |  0.020 | 
     |  0.215 | 
     |  0.215 | 
     +--------+ 
Path 83: MET Hold Check with Pin reg_next_pc_reg[31]/CK 
Endpoint:   reg_next_pc_reg[31]/SE (v) checked with  leading edge of 'clk'
Beginpoint: shift_en               (v) triggered by  leading edge of '@'
Path Groups: {clk}
Analysis View: view_1
Retime Analysis { Data Path-Slew }
Other End Arrival Time          0.002
+ Hold                          0.049
+ Phase Shift                   0.000
= Required Time                 0.051
  Arrival Time                  0.248
  Slack Time                    0.197
= Slack Time(original)          0.158
     Clock Rise Edge                      0.000
     + Input Delay                        0.000
     = Beginpoint Arrival Time            0.000
     +--------+ 
     | Retime | 
     |  Slew  | 
     |--------| 
     |  0.003 | 
     |  0.020 | 
     |  0.215 | 
     |  0.215 | 
     +--------+ 
Path 84: MET Hold Check with Pin alu_out_q_reg[30]/CK 
Endpoint:   alu_out_q_reg[30]/SE (v) checked with  leading edge of 'clk'
Beginpoint: shift_en             (v) triggered by  leading edge of '@'
Path Groups: {clk}
Analysis View: view_1
Retime Analysis { Data Path-Slew }
Other End Arrival Time          0.002
+ Hold                          0.049
+ Phase Shift                   0.000
= Required Time                 0.051
  Arrival Time                  0.248
  Slack Time                    0.197
= Slack Time(original)          0.158
     Clock Rise Edge                      0.000
     + Input Delay                        0.000
     = Beginpoint Arrival Time            0.000
     +--------+ 
     | Retime | 
     |  Slew  | 
     |--------| 
     |  0.003 | 
     |  0.020 | 
     |  0.215 | 
     |  0.215 | 
     +--------+ 
Path 85: MET Hold Check with Pin alu_out_q_reg[4]/CK 
Endpoint:   alu_out_q_reg[4]/SE (v) checked with  leading edge of 'clk'
Beginpoint: shift_en            (v) triggered by  leading edge of '@'
Path Groups: {clk}
Analysis View: view_1
Retime Analysis { Data Path-Slew }
Other End Arrival Time          0.004
+ Hold                          0.028
+ Phase Shift                   0.000
= Required Time                 0.032
  Arrival Time                  0.248
  Slack Time                    0.216
= Slack Time(original)          0.158
     Clock Rise Edge                      0.000
     + Input Delay                        0.000
     = Beginpoint Arrival Time            0.000
     +--------+ 
     | Retime | 
     |  Slew  | 
     |--------| 
     |  0.003 | 
     |  0.020 | 
     |  0.215 | 
     |  0.215 | 
     +--------+ 
Path 86: MET Hold Check with Pin alu_out_q_reg[3]/CK 
Endpoint:   alu_out_q_reg[3]/SE (v) checked with  leading edge of 'clk'
Beginpoint: shift_en            (v) triggered by  leading edge of '@'
Path Groups: {clk}
Analysis View: view_1
Retime Analysis { Data Path-Slew }
Other End Arrival Time          0.004
+ Hold                          0.028
+ Phase Shift                   0.000
= Required Time                 0.032
  Arrival Time                  0.248
  Slack Time                    0.216
= Slack Time(original)          0.158
     Clock Rise Edge                      0.000
     + Input Delay                        0.000
     = Beginpoint Arrival Time            0.000
     +--------+ 
     | Retime | 
     |  Slew  | 
     |--------| 
     |  0.003 | 
     |  0.020 | 
     |  0.215 | 
     |  0.215 | 
     +--------+ 
Path 87: MET Hold Check with Pin alu_out_q_reg[1]/CK 
Endpoint:   alu_out_q_reg[1]/SE (v) checked with  leading edge of 'clk'
Beginpoint: shift_en            (v) triggered by  leading edge of '@'
Path Groups: {clk}
Analysis View: view_1
Retime Analysis { Data Path-Slew }
Other End Arrival Time          0.004
+ Hold                          0.028
+ Phase Shift                   0.000
= Required Time                 0.032
  Arrival Time                  0.248
  Slack Time                    0.216
= Slack Time(original)          0.158
     Clock Rise Edge                      0.000
     + Input Delay                        0.000
     = Beginpoint Arrival Time            0.000
     +--------+ 
     | Retime | 
     |  Slew  | 
     |--------| 
     |  0.003 | 
     |  0.020 | 
     |  0.215 | 
     |  0.215 | 
     +--------+ 
Path 88: MET Hold Check with Pin alu_out_q_reg[2]/CK 
Endpoint:   alu_out_q_reg[2]/SE (v) checked with  leading edge of 'clk'
Beginpoint: shift_en            (v) triggered by  leading edge of '@'
Path Groups: {clk}
Analysis View: view_1
Retime Analysis { Data Path-Slew }
Other End Arrival Time          0.004
+ Hold                          0.028
+ Phase Shift                   0.000
= Required Time                 0.032
  Arrival Time                  0.248
  Slack Time                    0.216
= Slack Time(original)          0.158
     Clock Rise Edge                      0.000
     + Input Delay                        0.000
     = Beginpoint Arrival Time            0.000
     +--------+ 
     | Retime | 
     |  Slew  | 
     |--------| 
     |  0.003 | 
     |  0.020 | 
     |  0.215 | 
     |  0.215 | 
     +--------+ 
Path 89: MET Hold Check with Pin reg_pc_reg[30]/CK 
Endpoint:   reg_pc_reg[30]/SE (v) checked with  leading edge of 'clk'
Beginpoint: shift_en          (v) triggered by  leading edge of '@'
Path Groups: {clk}
Analysis View: view_1
Retime Analysis { Data Path-Slew }
Other End Arrival Time          0.002
+ Hold                          0.028
+ Phase Shift                   0.000
= Required Time                 0.030
  Arrival Time                  0.248
  Slack Time                    0.218
= Slack Time(original)          0.160
     Clock Rise Edge                      0.000
     + Input Delay                        0.000
     = Beginpoint Arrival Time            0.000
     +--------+ 
     | Retime | 
     |  Slew  | 
     |--------| 
     |  0.003 | 
     |  0.020 | 
     |  0.215 | 
     |  0.215 | 
     +--------+ 
Path 90: MET Hold Check with Pin reg_out_reg[30]/CK 
Endpoint:   reg_out_reg[30]/SE (v) checked with  leading edge of 'clk'
Beginpoint: shift_en           (v) triggered by  leading edge of '@'
Path Groups: {clk}
Analysis View: view_1
Retime Analysis { Data Path-Slew }
Other End Arrival Time          0.002
+ Hold                          0.028
+ Phase Shift                   0.000
= Required Time                 0.030
  Arrival Time                  0.248
  Slack Time                    0.218
= Slack Time(original)          0.160
     Clock Rise Edge                      0.000
     + Input Delay                        0.000
     = Beginpoint Arrival Time            0.000
     +--------+ 
     | Retime | 
     |  Slew  | 
     |--------| 
     |  0.003 | 
     |  0.020 | 
     |  0.215 | 
     |  0.215 | 
     +--------+ 
Path 91: MET Hold Check with Pin alu_out_q_reg[31]/CK 
Endpoint:   alu_out_q_reg[31]/SE (^) checked with  leading edge of 'clk'
Beginpoint: shift_en             (^) triggered by  leading edge of '@'
Path Groups: {clk}
Analysis View: view_1
Retime Analysis { Data Path-Slew }
Other End Arrival Time          0.004
+ Hold                          0.013
+ Phase Shift                   0.000
= Required Time                 0.017
  Arrival Time                  0.264
  Slack Time                    0.247
= Slack Time(original)          0.176
     Clock Rise Edge                      0.000
     + Input Delay                        0.000
     = Beginpoint Arrival Time            0.000
     +--------+ 
     | Retime | 
     |  Slew  | 
     |--------| 
     |  0.003 | 
     |  0.020 | 
     |  0.251 | 
     |  0.251 | 
     +--------+ 
Path 92: MET Hold Check with Pin reg_next_pc_reg[31]/CK 
Endpoint:   reg_next_pc_reg[31]/SE (^) checked with  leading edge of 'clk'
Beginpoint: shift_en               (^) triggered by  leading edge of '@'
Path Groups: {clk}
Analysis View: view_1
Retime Analysis { Data Path-Slew }
Other End Arrival Time          0.002
+ Hold                          0.013
+ Phase Shift                   0.000
= Required Time                 0.016
  Arrival Time                  0.264
  Slack Time                    0.248
= Slack Time(original)          0.178
     Clock Rise Edge                      0.000
     + Input Delay                        0.000
     = Beginpoint Arrival Time            0.000
     +--------+ 
     | Retime | 
     |  Slew  | 
     |--------| 
     |  0.003 | 
     |  0.020 | 
     |  0.251 | 
     |  0.251 | 
     +--------+ 
Path 93: MET Hold Check with Pin alu_out_q_reg[30]/CK 
Endpoint:   alu_out_q_reg[30]/SE (^) checked with  leading edge of 'clk'
Beginpoint: shift_en             (^) triggered by  leading edge of '@'
Path Groups: {clk}
Analysis View: view_1
Retime Analysis { Data Path-Slew }
Other End Arrival Time          0.002
+ Hold                          0.013
+ Phase Shift                   0.000
= Required Time                 0.016
  Arrival Time                  0.264
  Slack Time                    0.248
= Slack Time(original)          0.178
     Clock Rise Edge                      0.000
     + Input Delay                        0.000
     = Beginpoint Arrival Time            0.000
     +--------+ 
     | Retime | 
     |  Slew  | 
     |--------| 
     |  0.003 | 
     |  0.020 | 
     |  0.251 | 
     |  0.251 | 
     +--------+ 
Path 94: MET Hold Check with Pin count_cycle_reg[7]/CK 
Endpoint:   count_cycle_reg[7]/D (^) checked with  leading edge of 'clk'
Beginpoint: resetn               (^) triggered by  leading edge of '@'
Path Groups: {clk}
Analysis View: view_1
Retime Analysis { Data Path-Slew }
Other End Arrival Time          0.004
+ Hold                         -0.053
+ Phase Shift                   0.000
= Required Time                -0.048
  Arrival Time                  0.143
  Slack Time                    0.192
= Slack Time(original)          0.191
     Clock Rise Edge                      0.000
     + Input Delay                        0.000
     = Beginpoint Arrival Time            0.000
     +--------+ 
     | Retime | 
     |  Slew  | 
     |--------| 
     |  0.003 | 
     |  0.032 | 
     |  0.060 | 
     |  0.060 | 
     +--------+ 
Path 95: MET Hold Check with Pin count_cycle_reg[14]/CK 
Endpoint:   count_cycle_reg[14]/D (^) checked with  leading edge of 'clk'
Beginpoint: resetn                (^) triggered by  leading edge of '@'
Path Groups: {clk}
Analysis View: view_1
Retime Analysis { Data Path-Slew }
Other End Arrival Time          0.003
+ Hold                         -0.052
+ Phase Shift                   0.000
= Required Time                -0.050
  Arrival Time                  0.142
  Slack Time                    0.192
= Slack Time(original)          0.192
     Clock Rise Edge                      0.000
     + Input Delay                        0.000
     = Beginpoint Arrival Time            0.000
     +--------+ 
     | Retime | 
     |  Slew  | 
     |--------| 
     |  0.003 | 
     |  0.032 | 
     |  0.059 | 
     |  0.059 | 
     +--------+ 
Path 96: MET Hold Check with Pin count_cycle_reg[11]/CK 
Endpoint:   count_cycle_reg[11]/D (^) checked with  leading edge of 'clk'
Beginpoint: resetn                (^) triggered by  leading edge of '@'
Path Groups: {clk}
Analysis View: view_1
Retime Analysis { Data Path-Slew }
Other End Arrival Time          0.004
+ Hold                         -0.054
+ Phase Shift                   0.000
= Required Time                -0.049
  Arrival Time                  0.145
  Slack Time                    0.194
= Slack Time(original)          0.194
     Clock Rise Edge                      0.000
     + Input Delay                        0.000
     = Beginpoint Arrival Time            0.000
     +--------+ 
     | Retime | 
     |  Slew  | 
     |--------| 
     |  0.003 | 
     |  0.032 | 
     |  0.061 | 
     |  0.061 | 
     +--------+ 
Path 97: MET Hold Check with Pin count_cycle_reg[18]/CK 
Endpoint:   count_cycle_reg[18]/D (^) checked with  leading edge of 'clk'
Beginpoint: resetn                (^) triggered by  leading edge of '@'
Path Groups: {clk}
Analysis View: view_1
Retime Analysis { Data Path-Slew }
Other End Arrival Time          0.002
+ Hold                         -0.054
+ Phase Shift                   0.000
= Required Time                -0.052
  Arrival Time                  0.143
  Slack Time                    0.195
= Slack Time(original)          0.195
     Clock Rise Edge                      0.000
     + Input Delay                        0.000
     = Beginpoint Arrival Time            0.000
     +--------+ 
     | Retime | 
     |  Slew  | 
     |--------| 
     |  0.003 | 
     |  0.032 | 
     |  0.061 | 
     |  0.061 | 
     +--------+ 
Path 98: MET Hold Check with Pin count_cycle_reg[6]/CK 
Endpoint:   count_cycle_reg[6]/D (^) checked with  leading edge of 'clk'
Beginpoint: resetn               (^) triggered by  leading edge of '@'
Path Groups: {clk}
Analysis View: view_1
Retime Analysis { Data Path-Slew }
Other End Arrival Time          0.003
+ Hold                         -0.054
+ Phase Shift                   0.000
= Required Time                -0.051
  Arrival Time                  0.144
  Slack Time                    0.195
= Slack Time(original)          0.195
     Clock Rise Edge                      0.000
     + Input Delay                        0.000
     = Beginpoint Arrival Time            0.000
     +--------+ 
     | Retime | 
     |  Slew  | 
     |--------| 
     |  0.003 | 
     |  0.032 | 
     |  0.061 | 
     |  0.061 | 
     +--------+ 
Path 99: MET Hold Check with Pin count_cycle_reg[16]/CK 
Endpoint:   count_cycle_reg[16]/D (^) checked with  leading edge of 'clk'
Beginpoint: resetn                (^) triggered by  leading edge of '@'
Path Groups: {clk}
Analysis View: view_1
Retime Analysis { Data Path-Slew }
Other End Arrival Time          0.001
+ Hold                         -0.054
+ Phase Shift                   0.000
= Required Time                -0.053
  Arrival Time                  0.143
  Slack Time                    0.196
= Slack Time(original)          0.195
     Clock Rise Edge                      0.000
     + Input Delay                        0.000
     = Beginpoint Arrival Time            0.000
     +--------+ 
     | Retime | 
     |  Slew  | 
     |--------| 
     |  0.003 | 
     |  0.032 | 
     |  0.062 | 
     |  0.062 | 
     +--------+ 
Path 100: MET Hold Check with Pin count_cycle_reg[4]/CK 
Endpoint:   count_cycle_reg[4]/D (^) checked with  leading edge of 'clk'
Beginpoint: resetn               (^) triggered by  leading edge of '@'
Path Groups: {clk}
Analysis View: view_1
Retime Analysis { Data Path-Slew }
Other End Arrival Time          0.001
+ Hold                         -0.054
+ Phase Shift                   0.000
= Required Time                -0.053
  Arrival Time                  0.144
  Slack Time                    0.197
= Slack Time(original)          0.197
     Clock Rise Edge                      0.000
     + Input Delay                        0.000
     = Beginpoint Arrival Time            0.000
     +--------+ 
     | Retime | 
     |  Slew  | 
     |--------| 
     |  0.003 | 
     |  0.032 | 
     |  0.061 | 
     |  0.061 | 
     +--------+ 

