###############################################################
#  Generated by:      Cadence Innovus 20.10-p004_1
#  OS:                Linux x86_64(Host ID edatools-server2.iiitd.edu.in)
#  Generated on:      Sun Jan 11 16:41:16 2026
#  Design:            picorv32
#  Command:           report_timing > $report_dir/routing_report/timing_report.rpt
###############################################################
Path 1: VIOLATED Setup Check with Pin reg_op1_reg[11]/CK 
Endpoint:   reg_op1_reg[11]/D0 (v) checked with  leading edge of 'clk'
Beginpoint: instr_jal_reg/Q    (v) triggered by  leading edge of 'clk'
Path Groups: {clk}
Analysis View: view_1
Other End Arrival Time          0.003
- Setup                         0.292
+ Phase Shift                   5.000
= Required Time                 4.711
- Arrival Time                  4.725
= Slack Time                   -0.015
     Clock Rise Edge                 0.000
     + Clock Network Latency (Prop)  -0.022
     = Beginpoint Arrival Time       -0.022
     +-------------------------------------------------------------------------+ 
     |     Instance     |     Arc     |   Cell    | Delay | Arrival | Required | 
     |                  |             |           |       |  Time   |   Time   | 
     |------------------+-------------+-----------+-------+---------+----------| 
     | instr_jal_reg    | CK ^        |           |       |  -0.022 |   -0.036 | 
     | instr_jal_reg    | CK ^ -> Q v | SMDFFHQX1 | 0.550 |   0.528 |    0.513 | 
     | FE_OFC172_n_5305 | A v -> Y ^  | INVX1     | 0.186 |   0.714 |    0.700 | 
     | g75862__8246     | A ^ -> Y v  | NAND2X1   | 0.212 |   0.926 |    0.912 | 
     | g132817          | D v -> Y ^  | NOR4X1    | 0.248 |   1.174 |    1.159 | 
     | g132361          | C ^ -> Y v  | NAND4X2   | 0.370 |   1.543 |    1.529 | 
     | g131803          | A1 v -> Y ^ | AOI211X1  | 0.258 |   1.801 |    1.787 | 
     | g131286          | B ^ -> Y v  | NAND2X2   | 0.267 |   2.069 |    2.054 | 
     | g134381          | AN v -> Y v | NOR3BX1   | 0.328 |   2.396 |    2.382 | 
     | g131201          | B v -> Y v  | AND2X2    | 0.548 |   2.945 |    2.930 | 
     | g130189__8428    | B1 v -> Y ^ | AOI222XL  | 0.406 |   3.350 |    3.336 | 
     | g130016__5477    | D ^ -> Y v  | NAND4BXL  | 0.475 |   3.825 |    3.811 | 
     | g129955__3680    | A2 v -> Y ^ | OAI31X1   | 0.593 |   4.419 |    4.404 | 
     | g129899__9945    | C ^ -> Y v  | NAND4XL   | 0.307 |   4.725 |    4.711 | 
     | reg_op1_reg[11]  | D0 v        | SMDFFHQX1 | 0.000 |   4.725 |    4.711 | 
     +-------------------------------------------------------------------------+ 

