                          CONFORMAL (R)
                   Version 20.10-p100 (01-May-2020) (64 bit executable)
   Copyright (c) Cadence Design Systems, Inc., 1997-2019. All Rights Reserved


This program is proprietary and confidential information belonging to
Cadence Design Systems, Inc., and may be used and disclosed only as authorized
in a license agreement controlling such use and disclosure.

// Warning: This version is 2080 days old. You can download the latest version from http://downloads.cadence.com.

0
// Command: usage -auto -elapse
// Command: usage -auto -elapse
CPU time     : 1.04    seconds
Elapse time  : 1       seconds
Memory usage : 251.50  M bytes
0
// Command: set_verification_information write_lec_generate_label.1_dft_netlistv_db
// Command: set_verification_information write_lec_generate_label.1_dft_netlistv_db
// Note: Verification information write_lec_generate_label.1_dft_netlistv_db does not exist. New directory created.
// Verification information is set to /home/arpit23132/Desktop/RISCV_Final/write_lec_generate_label.1_dft_netlistv_db.
// Advanced reporting is enabled and the output is written to /home/arpit23132/Desktop/RISCV_Final/write_lec_generate_label.1_dft_netlistv_db
0
// Command: set_parallel_option -threads 1,4 -norelease_license
// Command: set_parallel_option -threads 1,4 -norelease_license
// Number of threads is set to 1,4.
0
// Command: set_compare_options -threads 1,4
// Command: set_compare_options -threads 1,4
Set computing threads of compare to 1,4.
0
// Command: set env(RC_VERSION)     "19.13-s073_1"
19.13-s073_1
// Command: set env(CDN_SYNTH_ROOT) "/cadence/GENUS191/tools.lnx86"
/cadence/GENUS191/tools.lnx86
// Command: set CDN_SYNTH_ROOT      "/cadence/GENUS191/tools.lnx86"
/cadence/GENUS191/tools.lnx86
// Command: set env(CW_DIR) "/cadence/GENUS191/tools.lnx86/lib/chipware"
/cadence/GENUS191/tools.lnx86/lib/chipware
// Command: set CW_DIR      "/cadence/GENUS191/tools.lnx86/lib/chipware"
/cadence/GENUS191/tools.lnx86/lib/chipware
// Command: set_undefined_cell black_box -noascend -both
// Command: set_undefined_cell black_box -noascend -both
0
// Command: add_search_path . /cadence/GENUS191/tools.lnx86/lib/tech -library -both
// Command: add_search_path . /cadence/GENUS191/tools.lnx86/lib/tech -library -both
0
// Command: read_library -liberty -both /home/arpit23132/Desktop/RISCV_Final/slow.lib
// Command: read_library -liberty -both /home/arpit23132/Desktop/RISCV_Final/slow.lib
// Parsing file /home/arpit23132/Desktop/RISCV_Final/slow.lib ...
// Warning: (RTL9.17) Cell doesn't have any output pins or all output pins are undriven (blackboxed) (occurrence:1)
// Note: (RTL9.26) Liberty pin with internal_node use default input_map (occurrence:16)
// Note: Read Liberty library successfully
0
CPU time     : 1.28    seconds
Elapse time  : 2       seconds
Memory usage : 273.37  M bytes
// Command: read_design -verilog95   -golden -lastmod -noelab final.v
// Command: read_design -verilog95 -golden -lastmod -noelab final.v
// Parsing file final.v ...
0
CPU time     : 1.43    seconds
Elapse time  : 2       seconds
Memory usage : 284.05  M bytes
// Command: elaborate_design -golden -root {picorv32}
// Command: elaborate_design -golden -root picorv32
// Golden root module is set to 'picorv32'
// Warning: (RTL14) Signal has input but it has no output (occurrence:51)
// Warning: (HRC3.10a) An input port is declared, but it is not completely used in the module (occurrence:67)
0
CPU time     : 1.54    seconds
Elapse time  : 2       seconds
Memory usage : 282.05  M bytes
// Command: read_design -verilog95   -revised -lastmod -noelab dft_netlist.v
// Command: read_design -verilog95 -revised -lastmod -noelab dft_netlist.v
// Parsing file dft_netlist.v ...
0
CPU time     : 1.69    seconds
Elapse time  : 2       seconds
Memory usage : 288.78  M bytes
// Command: elaborate_design -revised -root {picorv32}
// Command: elaborate_design -revised -root picorv32
// Revised root module is set to 'picorv32'
// Warning: (HRC3.10a) An input port is declared, but it is not completely used in the module (occurrence:68)
0
CPU time     : 1.82    seconds
Elapse time  : 2       seconds
Memory usage : 289.03  M bytes
// Command: report_design_data
// Command: report_design_data
============================================
Summary           Golden         Revised
============================================
Design-modules         1               1
Library-cells       6220            6221
============================================
Primitives      Golden              Revised
============================================
INPUT      *       102                  105
OUTPUT     *       307                  308
--------------------------------------------
AND        *      6079                 9181
DFF               1577                 1577
INV        *      2116                 3693
NAND              1580                 1580
NOR               2202                 2202
OR         *      1898                 3475
XNOR                15                   15
XOR                 21                   21
--------------------------------------------
Total            15488                21744

0
// Command: report_black_box
// Command: report_black_box
0
// Command: set_flatten_model -seq_constant
// Command: set_flatten_model -seq_constant
0
// Command: set_flatten_model -seq_constant_x_to 0
// Command: set_flatten_model -seq_constant_x_to 0
0
// Command: set_flatten_model -nodff_to_dlat_zero
// Command: set_flatten_model -nodff_to_dlat_zero
0
// Command: set_flatten_model -nodff_to_dlat_feedback
// Command: set_flatten_model -nodff_to_dlat_feedback
0
// Command: set_flatten_model -hier_seq_merge
// Command: set_flatten_model -hier_seq_merge
0
// Command: add_pin_constraints 0 {test_mode} -golden
// Command: add_pin_constraints 0 test_mode -golden
// Warning: 'test_mode' is not a primary input in module 'picorv32' in Golden
// Warning: No pin constraint is added in Golden
0
// Command: add_pin_constraints 0 {shift_en} -golden
// Command: add_pin_constraints 0 shift_en -golden
// Warning: 'shift_en' is not a primary input in module 'picorv32' in Golden
// Warning: No pin constraint is added in Golden
0
// Command: add_ignored_outputs {DFT_sdo_1} -golden
// Command: add_ignored_outputs DFT_sdo_1 -golden
// Warning: 'DFT_sdo_1' is not a primary output in module 'picorv32' in Golden
// Warning: No ignored pin is added in Golden
0
// Command: add_pin_constraints 0 {test_mode} -revised
// Command: add_pin_constraints 0 test_mode -revised
0
// Command: add_pin_constraints 0 {shift_en} -revised
// Command: add_pin_constraints 0 shift_en -revised
0
// Command: add_ignored_outputs {DFT_sdo_1} -revised
// Command: add_ignored_outputs DFT_sdo_1 -revised
0
// Command: set_analyze_option -auto -report_map
// Command: set_analyze_option -auto -report_map
0
// Command: set_system_mode lec
// Command: set_system_mode lec
// Processing Golden ...
// Modeling Golden ...
// Processing Revised ...
// Modeling Revised ...
// Balanced modeling (auto) mapped 3154 out of 3154 DFF/DLATs
CPU time     : 2.44    seconds
Elapse time  : 3       seconds
Memory usage : 326.08  M bytes
// Warning: Golden and Revised have different numbers of key points:
// Golden  key points = 1986
// Revised key points = 1987
// Mapping key points ...
// Warning: Primary input 'DFT_sdi_1' in Revised has no correspondence in Golden
================================================================================
Mapped points: SYSTEM class
--------------------------------------------------------------------------------
Mapped points     PI     PO     DFF       Total   
--------------------------------------------------------------------------------
Golden            102    307    1577      1986    
--------------------------------------------------------------------------------
Revised           102    307    1577      1986    
================================================================================
Unmapped points:
================================================================================
Revised:
--------------------------------------------------------------------------------
Unmapped points   PI        Total   
--------------------------------------------------------------------------------
Extra             1         1       
================================================================================
CPU time     : 2.54    seconds
Elapse time  : 3       seconds
Memory usage : 326.08  M bytes
// Running automatic setup...
================================================================================
Mapped points: SYSTEM class
--------------------------------------------------------------------------------
Mapped points     PI     PO     DFF       Total   
--------------------------------------------------------------------------------
Golden            102    307    1577      1986    
--------------------------------------------------------------------------------
Revised           102    307    1577      1986    
================================================================================
Unmapped points:
================================================================================
Revised:
--------------------------------------------------------------------------------
Unmapped points   PI        Total   
--------------------------------------------------------------------------------
Extra             1         1       
================================================================================
// Automatic setup finished.
0
CPU time     : 3.02    seconds
Elapse time  : 4       seconds
Memory usage : 326.08  M bytes
// Command: report_unmapped_points -summary
// Command: report_unmapped_points -summary
================================================================================
Revised:
--------------------------------------------------------------------------------
Unmapped points   PI        Total   
--------------------------------------------------------------------------------
Extra             1         1       
================================================================================
0
// Command: report_unmapped_points -notmapped
// Command: report_unmapped_points -notmapped

0 unmapped points reported
0
// Command: add_compared_points -all
// Command: add_compared_points -all
// 1884 compared points added to compare list
0
// Command: compare
// Command: compare
================================================================================
Compared points      PO     DFF       Total   
--------------------------------------------------------------------------------
Equivalent           307    1577      1884    
================================================================================
0
CPU time     : 4.84    seconds
Elapse time  : 9       seconds
Memory usage : 407.76  M bytes
// Command: report_compare_data -class nonequivalent -class abort -class notcompared
// Command: report_compare_data -class nonequivalent -class abort -class notcompared
0 Non-equivalent point(s) reported
0 Abort point(s) reported
0 Not-compared point(s) reported
0 compared point(s) reported
================================================================================
Compared points      PO     DFF       Total   
--------------------------------------------------------------------------------
Equivalent           307    1577      1884    
================================================================================
0
// Command: report_verification -verbose
// Command: report_verification -verbose
================================================================================
                            Verification Report
--------------------------------------------------------------------------------
Category                                                                  Count
--------------------------------------------------------------------------------
1. Non-standard modeling options used:                                      0
     Tri-stated output:                                        checked
     Revised X signals set to E:                               yes
     Floating signals tied to Z:                               yes
     Command "add clock" for clock-gating:                     not used
--------------------------------------------------------------------------------
2. Incomplete verification:                                                 1
     All primary outputs are mapped:                           yes
     Not-mapped DFF/DLAT is detected:                          no
     All mapped points are added as compare points:            yes
     All compared points are compared:                         yes
     User added black box:                                     no
     Black box mapped with different module name:              no
     Empty module is not black boxed:                          no
     Command "add ignore outputs" used:                        yes *
     Always false constraints detected:                        no
--------------------------------------------------------------------------------
3. User modification to design:                                             0
     Change gate type:                                         no
     Change wire:                                              no
     Primary input added by user:                              no
--------------------------------------------------------------------------------
4. Conformal Constraint Designer clock domain crossing checks recommended:  0
     Multiple clocks in the design:                            no
--------------------------------------------------------------------------------
5. Design ambiguity:                                                        0
     Duplicate module definition:                              no
     Black box due to undefined cells:                         no
     Golden design has abnormal ratio of unreachable gates:    no
     Ratio of golden unreachable gates:                        0%
     Revised design has abnormal ratio of unreachable gates:   no
     Ratio of revised unreachable gates:                       0%
     All primary input bus ordering is consistent:             yes
     All primary output bus ordering is consistent:            yes
     DFF/DLAT not compared due to disabled clock port(s):        0
--------------------------------------------------------------------------------
6. Compare Results:                                                        PASS
     Number of EQ compare points:                              1884
     Number of NON-EQ compare points:                          0
     Number of Aborted compare points:                         0
     Number of Uncompared compare points :                     0
================================================================================
pass
// Command: report_statistics
// Command: report_statistics
Mapping and compare statistics
================================================================================
                     Compare Result       Golden            Revised
--------------------------------------------------------------------------------
Root module name                          picorv32          picorv32          

Primary inputs                               102                103
   Mapped                                    102                102
      Extra                                    0                  1

Primary outputs                              307                307
   Mapped                                    307                307
      Equivalent                307

State key points                            1577               1577
   Mapped                                   1577               1577
      Equivalent               1577
================================================================================
0
// Command: write_verification_information
// Command: write_verification_information
// Verification information is written to write_lec_generate_label.1_dft_netlistv_db.
0
// Command: report_verification_information
// Command: report_verification_information
// Generating reports on verification information at /home/arpit23132/Desktop/RISCV_Final/write_lec_generate_label.1_dft_netlistv_db...
LEC run scores:
================================================================================
Step                Score     Range          
--------------------------------------------------------------------------------
result_status       10        10             
runtime             10        10             
mapping             10        10             
sequential_constant 5         10             
sequential_merge    5         10             
sequential_phase    5         10             
datapath_analysis   5         10             
combinational_loop  5         10             
mismatch_detection  5         10             
overall             60        90             
================================================================================
LEC results versus attributes:
================================================================================
Attribute           Total     Inconsistency  Combined Table                
--------------------------------------------------------------------------------
sequential_constant 0         0                                            
sequential_merge    0         0                                            
sequential_phase    1577      0              sequential_phase.json         
================================================================================
The tables can be viewed directly using web interface.
// Done with reporting verification information.
0
// Command: set lec_version_required "18.20330"
18.20330
// Command: if {$lec_version >= $lec_version_required} {
//          }
// Command: puts "No of compare points = [get_compare_points -count]"
// Command: get_compare_points -count
No of compare points = 1884
// Command: puts "No of diff points    = [get_compare_points -NONequivalent -count]"
// Command: get_compare_points -NONequivalent -count
No of diff points    = 0
// Command: puts "No of abort points   = [get_compare_points -abort -count]"
// Command: get_compare_points -abort -count
No of abort points   = 0
// Command: puts "No of unknown points = [get_compare_points -unknown -count]"
// Command: get_compare_points -unknown -count
No of unknown points = 0
// Command: if {[get_compare_points -count] == 0} {
//              puts "---------------------------------"
//              puts "ERROR: No compare points detected"
//              puts "---------------------------------"
//          }
// Command: get_compare_points -count
// Command: if {[get_compare_points -NONequivalent -count] > 0} {
//              puts "------------------------------------"
//              puts "ERROR: Different Key Points detected"
//              puts "------------------------------------"
//          }
// Command: get_compare_points -NONequivalent -count
// Command: if {[get_compare_points -abort -count] > 0} {
//              puts "-----------------------------"
//              puts "ERROR: Abort Points detected "
//              puts "-----------------------------"
//          }
// Command: get_compare_points -abort -count
// Command: if {[get_compare_points -unknown -count] > 0} {
//              puts "----------------------------------"
//              puts "ERROR: Unknown Key Points detected"
//              puts "----------------------------------"
//          }
// Command: get_compare_points -unknown -count
// Command: set lec_version_required "19.10100"
19.10100
// Command: if {$lec_version >= $lec_version_required} {
//              analyze_results -logfiles lec_dft.log
//          }
// Command: analyze_results -logfiles lec_dft.log
// Analyzing logfile 'lec_dft.log'
Report Verification Error: no result.
// Warning: Analyze results collects information from the log file but does not
//          qualify the execution or completeness of the run.
// Logfile Results
================================================================================
|                  Conformal Version |20.10-p100 
|                        Root Module |picorv32 
|                           CPU Time |4.0 sec
|                       Elapsed Time |9.0 sec
|                             Memory |407.76 MB
|              Power Grid Comparison |N/A 
|               Power Intent Compare |N/A 
|           Supply Power Consistency |N/A 
|        Retention Power Consistency |N/A 
|             Compare Power Crossing |N/A 
|                     LEC Comparison |PASS 
|                 Flatten Comparison |PASS 
|            Hierarchical Comparison |N/A 
|    Hierarchical Comparison Modules |N/A 
|                      Logfile Lines |409 
|                       Logfile Name |lec_dft.log 
|              Logfile Modified Time |Sun Jan 11 16:15:00 2026 
|         Implementation Information |N/A 
|       Set Verification Information |/home/arpit23132/Desktop/RISCV_Final/write_lec_generate_label.1_dft_netlistv_db 
|      Read Verification Information |N/A 
|                   Analysis Elapsed |0.0 sec
|                    Dynamic Flatten |N/A 
|                    Runtime / #Gate |0.00 sec. 
|    Low-power Rule Check Occurrence |N/A
|Matched back-to-back isolation cell |N/A 
|            Time-consuming commands | 1. compare: 5.0s(62.50%) (execute 2 time(s))
|  | 2. set_system_mode lec: 2.0s(25.00%) (execute 2 time(s))
|  | 3. read_library: 1.0s(12.50%) (execute 2 time(s))
================================================================================
               
// Compare Strategy
Compare #1: compare (line: 237)
// Compare Settings:
================================================================================
|(default setting)   | 
|Compare Result      | FAIL:INCOMPLETE
================================================================================
Compare #2: compare (line: 238)
// Compare Settings:
================================================================================
|(default setting)   | 
|Compare Result      | PASS
================================================================================
               
// Resource usages of analysis: Cpu=0.16s Mem=136MB
0
// Command: vpxmode
// Command: vpxmode
// Command: exit -f
