###############################################################
#  Generated by:      Cadence Innovus 20.10-p004_1
#  OS:                Linux x86_64(Host ID edatools-server2.iiitd.edu.in)
#  Generated on:      Sun Jan 11 16:36:19 2026
#  Design:            picorv32
###############################################################

======================================
Instance    :  \reg_sh_reg[4] 
Cell type   :  SDFFTRX2
======================================
Arc         :  CK -> QN
Type        :  Rise output capacitance
Lower Bound :  0.000395 pf
Actual      :  0.000000 pf
Difference  :  0.000395 pf
---------------------------------------
Arc         :  CK -> QN
Type        :  Fall output capacitance
Lower Bound :  0.000395 pf
Actual      :  0.000000 pf
Difference  :  0.000395 pf
---------------------------------------

======================================
Instance    :  \reg_sh_reg[2] 
Cell type   :  SDFFTRX2
======================================
Arc         :  CK -> QN
Type        :  Rise output capacitance
Lower Bound :  0.000395 pf
Actual      :  0.000000 pf
Difference  :  0.000395 pf
---------------------------------------
Arc         :  CK -> QN
Type        :  Fall output capacitance
Lower Bound :  0.000395 pf
Actual      :  0.000000 pf
Difference  :  0.000395 pf
---------------------------------------

======================================
Instance    :  \count_cycle_reg[63] 
Cell type   :  SDFFTRX2
======================================
Arc         :  CK -> QN
Type        :  Rise output capacitance
Lower Bound :  0.000395 pf
Actual      :  0.000000 pf
Difference  :  0.000395 pf
---------------------------------------
Arc         :  CK -> QN
Type        :  Fall output capacitance
Lower Bound :  0.000395 pf
Actual      :  0.000000 pf
Difference  :  0.000395 pf
---------------------------------------

======================================
Instance    :  \count_cycle_reg[62] 
Cell type   :  SDFFTRX2
======================================
Arc         :  CK -> QN
Type        :  Rise output capacitance
Lower Bound :  0.000395 pf
Actual      :  0.000000 pf
Difference  :  0.000395 pf
---------------------------------------
Arc         :  CK -> QN
Type        :  Fall output capacitance
Lower Bound :  0.000395 pf
Actual      :  0.000000 pf
Difference  :  0.000395 pf
---------------------------------------

======================================
Instance    :  \count_cycle_reg[61] 
Cell type   :  SDFFTRX2
======================================
Arc         :  CK -> QN
Type        :  Rise output capacitance
Lower Bound :  0.000395 pf
Actual      :  0.000000 pf
Difference  :  0.000395 pf
---------------------------------------
Arc         :  CK -> QN
Type        :  Fall output capacitance
Lower Bound :  0.000395 pf
Actual      :  0.000000 pf
Difference  :  0.000395 pf
---------------------------------------

======================================
Instance    :  \count_cycle_reg[60] 
Cell type   :  SDFFTRX2
======================================
Arc         :  CK -> QN
Type        :  Rise output capacitance
Lower Bound :  0.000395 pf
Actual      :  0.000000 pf
Difference  :  0.000395 pf
---------------------------------------
Arc         :  CK -> QN
Type        :  Fall output capacitance
Lower Bound :  0.000395 pf
Actual      :  0.000000 pf
Difference  :  0.000395 pf
---------------------------------------

======================================
Instance    :  \count_cycle_reg[59] 
Cell type   :  SDFFTRX2
======================================
Arc         :  CK -> QN
Type        :  Rise output capacitance
Lower Bound :  0.000395 pf
Actual      :  0.000000 pf
Difference  :  0.000395 pf
---------------------------------------
Arc         :  CK -> QN
Type        :  Fall output capacitance
Lower Bound :  0.000395 pf
Actual      :  0.000000 pf
Difference  :  0.000395 pf
---------------------------------------

======================================
Instance    :  \count_cycle_reg[58] 
Cell type   :  SDFFTRX2
======================================
Arc         :  CK -> QN
Type        :  Rise output capacitance
Lower Bound :  0.000395 pf
Actual      :  0.000000 pf
Difference  :  0.000395 pf
---------------------------------------
Arc         :  CK -> QN
Type        :  Fall output capacitance
Lower Bound :  0.000395 pf
Actual      :  0.000000 pf
Difference  :  0.000395 pf
---------------------------------------

======================================
Instance    :  \count_cycle_reg[57] 
Cell type   :  SDFFTRX2
======================================
Arc         :  CK -> QN
Type        :  Rise output capacitance
Lower Bound :  0.000395 pf
Actual      :  0.000000 pf
Difference  :  0.000395 pf
---------------------------------------
Arc         :  CK -> QN
Type        :  Fall output capacitance
Lower Bound :  0.000395 pf
Actual      :  0.000000 pf
Difference  :  0.000395 pf
---------------------------------------

======================================
Instance    :  \count_cycle_reg[56] 
Cell type   :  SDFFTRX2
======================================
Arc         :  CK -> QN
Type        :  Rise output capacitance
Lower Bound :  0.000395 pf
Actual      :  0.000000 pf
Difference  :  0.000395 pf
---------------------------------------
Arc         :  CK -> QN
Type        :  Fall output capacitance
Lower Bound :  0.000395 pf
Actual      :  0.000000 pf
Difference  :  0.000395 pf
---------------------------------------

======================================
Instance    :  \count_cycle_reg[55] 
Cell type   :  SDFFTRX2
======================================
Arc         :  CK -> QN
Type        :  Rise output capacitance
Lower Bound :  0.000395 pf
Actual      :  0.000000 pf
Difference  :  0.000395 pf
---------------------------------------
Arc         :  CK -> QN
Type        :  Fall output capacitance
Lower Bound :  0.000395 pf
Actual      :  0.000000 pf
Difference  :  0.000395 pf
---------------------------------------

======================================
Instance    :  \count_cycle_reg[54] 
Cell type   :  SDFFTRX2
======================================
Arc         :  CK -> QN
Type        :  Rise output capacitance
Lower Bound :  0.000395 pf
Actual      :  0.000000 pf
Difference  :  0.000395 pf
---------------------------------------
Arc         :  CK -> QN
Type        :  Fall output capacitance
Lower Bound :  0.000395 pf
Actual      :  0.000000 pf
Difference  :  0.000395 pf
---------------------------------------

======================================
Instance    :  \count_cycle_reg[53] 
Cell type   :  SDFFTRX2
======================================
Arc         :  CK -> QN
Type        :  Rise output capacitance
Lower Bound :  0.000395 pf
Actual      :  0.000000 pf
Difference  :  0.000395 pf
---------------------------------------
Arc         :  CK -> QN
Type        :  Fall output capacitance
Lower Bound :  0.000395 pf
Actual      :  0.000000 pf
Difference  :  0.000395 pf
---------------------------------------

======================================
Instance    :  \count_cycle_reg[52] 
Cell type   :  SDFFTRX2
======================================
Arc         :  CK -> QN
Type        :  Rise output capacitance
Lower Bound :  0.000395 pf
Actual      :  0.000000 pf
Difference  :  0.000395 pf
---------------------------------------
Arc         :  CK -> QN
Type        :  Fall output capacitance
Lower Bound :  0.000395 pf
Actual      :  0.000000 pf
Difference  :  0.000395 pf
---------------------------------------

======================================
Instance    :  \count_cycle_reg[51] 
Cell type   :  SDFFTRX2
======================================
Arc         :  CK -> QN
Type        :  Rise output capacitance
Lower Bound :  0.000395 pf
Actual      :  0.000000 pf
Difference  :  0.000395 pf
---------------------------------------
Arc         :  CK -> QN
Type        :  Fall output capacitance
Lower Bound :  0.000395 pf
Actual      :  0.000000 pf
Difference  :  0.000395 pf
---------------------------------------

======================================
Instance    :  \count_cycle_reg[50] 
Cell type   :  SDFFTRX2
======================================
Arc         :  CK -> QN
Type        :  Rise output capacitance
Lower Bound :  0.000395 pf
Actual      :  0.000000 pf
Difference  :  0.000395 pf
---------------------------------------
Arc         :  CK -> QN
Type        :  Fall output capacitance
Lower Bound :  0.000395 pf
Actual      :  0.000000 pf
Difference  :  0.000395 pf
---------------------------------------

======================================
Instance    :  \count_cycle_reg[49] 
Cell type   :  SDFFTRX4
======================================
Arc         :  CK -> QN
Type        :  Rise output capacitance
Lower Bound :  0.000395 pf
Actual      :  0.000000 pf
Difference  :  0.000395 pf
---------------------------------------
Arc         :  CK -> QN
Type        :  Fall output capacitance
Lower Bound :  0.000395 pf
Actual      :  0.000000 pf
Difference  :  0.000395 pf
---------------------------------------

======================================
Instance    :  \count_cycle_reg[48] 
Cell type   :  SDFFTRX2
======================================
Arc         :  CK -> QN
Type        :  Rise output capacitance
Lower Bound :  0.000395 pf
Actual      :  0.000000 pf
Difference  :  0.000395 pf
---------------------------------------
Arc         :  CK -> QN
Type        :  Fall output capacitance
Lower Bound :  0.000395 pf
Actual      :  0.000000 pf
Difference  :  0.000395 pf
---------------------------------------

======================================
Instance    :  \count_cycle_reg[47] 
Cell type   :  SDFFTRX2
======================================
Arc         :  CK -> QN
Type        :  Rise output capacitance
Lower Bound :  0.000395 pf
Actual      :  0.000000 pf
Difference  :  0.000395 pf
---------------------------------------
Arc         :  CK -> QN
Type        :  Fall output capacitance
Lower Bound :  0.000395 pf
Actual      :  0.000000 pf
Difference  :  0.000395 pf
---------------------------------------

======================================
Instance    :  \count_cycle_reg[46] 
Cell type   :  SDFFTRX2
======================================
Arc         :  CK -> QN
Type        :  Rise output capacitance
Lower Bound :  0.000395 pf
Actual      :  0.000000 pf
Difference  :  0.000395 pf
---------------------------------------
Arc         :  CK -> QN
Type        :  Fall output capacitance
Lower Bound :  0.000395 pf
Actual      :  0.000000 pf
Difference  :  0.000395 pf
---------------------------------------

======================================
Instance    :  \count_cycle_reg[45] 
Cell type   :  SDFFTRX2
======================================
Arc         :  CK -> QN
Type        :  Rise output capacitance
Lower Bound :  0.000395 pf
Actual      :  0.000000 pf
Difference  :  0.000395 pf
---------------------------------------
Arc         :  CK -> QN
Type        :  Fall output capacitance
Lower Bound :  0.000395 pf
Actual      :  0.000000 pf
Difference  :  0.000395 pf
---------------------------------------

======================================
Instance    :  \count_cycle_reg[44] 
Cell type   :  SDFFTRX2
======================================
Arc         :  CK -> QN
Type        :  Rise output capacitance
Lower Bound :  0.000395 pf
Actual      :  0.000000 pf
Difference  :  0.000395 pf
---------------------------------------
Arc         :  CK -> QN
Type        :  Fall output capacitance
Lower Bound :  0.000395 pf
Actual      :  0.000000 pf
Difference  :  0.000395 pf
---------------------------------------

======================================
Instance    :  \count_cycle_reg[43] 
Cell type   :  SDFFTRX2
======================================
Arc         :  CK -> QN
Type        :  Rise output capacitance
Lower Bound :  0.000395 pf
Actual      :  0.000000 pf
Difference  :  0.000395 pf
---------------------------------------
Arc         :  CK -> QN
Type        :  Fall output capacitance
Lower Bound :  0.000395 pf
Actual      :  0.000000 pf
Difference  :  0.000395 pf
---------------------------------------

======================================
Instance    :  \count_cycle_reg[42] 
Cell type   :  SDFFTRX2
======================================
Arc         :  CK -> QN
Type        :  Rise output capacitance
Lower Bound :  0.000395 pf
Actual      :  0.000000 pf
Difference  :  0.000395 pf
---------------------------------------
Arc         :  CK -> QN
Type        :  Fall output capacitance
Lower Bound :  0.000395 pf
Actual      :  0.000000 pf
Difference  :  0.000395 pf
---------------------------------------

======================================
Instance    :  \count_cycle_reg[41] 
Cell type   :  SDFFTRX2
======================================
Arc         :  CK -> QN
Type        :  Rise output capacitance
Lower Bound :  0.000395 pf
Actual      :  0.000000 pf
Difference  :  0.000395 pf
---------------------------------------
Arc         :  CK -> QN
Type        :  Fall output capacitance
Lower Bound :  0.000395 pf
Actual      :  0.000000 pf
Difference  :  0.000395 pf
---------------------------------------

======================================
Instance    :  \count_cycle_reg[40] 
Cell type   :  SDFFTRX2
======================================
Arc         :  CK -> QN
Type        :  Rise output capacitance
Lower Bound :  0.000395 pf
Actual      :  0.000000 pf
Difference  :  0.000395 pf
---------------------------------------
Arc         :  CK -> QN
Type        :  Fall output capacitance
Lower Bound :  0.000395 pf
Actual      :  0.000000 pf
Difference  :  0.000395 pf
---------------------------------------

======================================
Instance    :  \count_cycle_reg[39] 
Cell type   :  SDFFTRX2
======================================
Arc         :  CK -> QN
Type        :  Rise output capacitance
Lower Bound :  0.000395 pf
Actual      :  0.000000 pf
Difference  :  0.000395 pf
---------------------------------------
Arc         :  CK -> QN
Type        :  Fall output capacitance
Lower Bound :  0.000395 pf
Actual      :  0.000000 pf
Difference  :  0.000395 pf
---------------------------------------

======================================
Instance    :  \count_cycle_reg[38] 
Cell type   :  SDFFTRX2
======================================
Arc         :  CK -> QN
Type        :  Rise output capacitance
Lower Bound :  0.000395 pf
Actual      :  0.000000 pf
Difference  :  0.000395 pf
---------------------------------------
Arc         :  CK -> QN
Type        :  Fall output capacitance
Lower Bound :  0.000395 pf
Actual      :  0.000000 pf
Difference  :  0.000395 pf
---------------------------------------

======================================
Instance    :  \count_cycle_reg[37] 
Cell type   :  SDFFTRX4
======================================
Arc         :  CK -> QN
Type        :  Rise output capacitance
Lower Bound :  0.000395 pf
Actual      :  0.000000 pf
Difference  :  0.000395 pf
---------------------------------------
Arc         :  CK -> QN
Type        :  Fall output capacitance
Lower Bound :  0.000395 pf
Actual      :  0.000000 pf
Difference  :  0.000395 pf
---------------------------------------

======================================
Instance    :  \count_cycle_reg[36] 
Cell type   :  SDFFTRX2
======================================
Arc         :  CK -> QN
Type        :  Rise output capacitance
Lower Bound :  0.000395 pf
Actual      :  0.000000 pf
Difference  :  0.000395 pf
---------------------------------------
Arc         :  CK -> QN
Type        :  Fall output capacitance
Lower Bound :  0.000395 pf
Actual      :  0.000000 pf
Difference  :  0.000395 pf
---------------------------------------

======================================
Instance    :  \count_cycle_reg[35] 
Cell type   :  SDFFTRX2
======================================
Arc         :  CK -> QN
Type        :  Rise output capacitance
Lower Bound :  0.000395 pf
Actual      :  0.000000 pf
Difference  :  0.000395 pf
---------------------------------------
Arc         :  CK -> QN
Type        :  Fall output capacitance
Lower Bound :  0.000395 pf
Actual      :  0.000000 pf
Difference  :  0.000395 pf
---------------------------------------

======================================
Instance    :  \count_cycle_reg[34] 
Cell type   :  SDFFTRX2
======================================
Arc         :  CK -> QN
Type        :  Rise output capacitance
Lower Bound :  0.000395 pf
Actual      :  0.000000 pf
Difference  :  0.000395 pf
---------------------------------------
Arc         :  CK -> QN
Type        :  Fall output capacitance
Lower Bound :  0.000395 pf
Actual      :  0.000000 pf
Difference  :  0.000395 pf
---------------------------------------

======================================
Instance    :  \count_cycle_reg[33] 
Cell type   :  SDFFTRX2
======================================
Arc         :  CK -> QN
Type        :  Rise output capacitance
Lower Bound :  0.000395 pf
Actual      :  0.000000 pf
Difference  :  0.000395 pf
---------------------------------------
Arc         :  CK -> QN
Type        :  Fall output capacitance
Lower Bound :  0.000395 pf
Actual      :  0.000000 pf
Difference  :  0.000395 pf
---------------------------------------

======================================
Instance    :  \count_cycle_reg[32] 
Cell type   :  SDFFTRX2
======================================
Arc         :  CK -> QN
Type        :  Rise output capacitance
Lower Bound :  0.000395 pf
Actual      :  0.000000 pf
Difference  :  0.000395 pf
---------------------------------------
Arc         :  CK -> QN
Type        :  Fall output capacitance
Lower Bound :  0.000395 pf
Actual      :  0.000000 pf
Difference  :  0.000395 pf
---------------------------------------

======================================
Instance    :  \count_cycle_reg[31] 
Cell type   :  SDFFTRX2
======================================
Arc         :  CK -> QN
Type        :  Rise output capacitance
Lower Bound :  0.000395 pf
Actual      :  0.000000 pf
Difference  :  0.000395 pf
---------------------------------------
Arc         :  CK -> QN
Type        :  Fall output capacitance
Lower Bound :  0.000395 pf
Actual      :  0.000000 pf
Difference  :  0.000395 pf
---------------------------------------

======================================
Instance    :  \count_cycle_reg[30] 
Cell type   :  SDFFTRX2
======================================
Arc         :  CK -> QN
Type        :  Rise output capacitance
Lower Bound :  0.000395 pf
Actual      :  0.000000 pf
Difference  :  0.000395 pf
---------------------------------------
Arc         :  CK -> QN
Type        :  Fall output capacitance
Lower Bound :  0.000395 pf
Actual      :  0.000000 pf
Difference  :  0.000395 pf
---------------------------------------

======================================
Instance    :  \count_cycle_reg[29] 
Cell type   :  SDFFTRX4
======================================
Arc         :  CK -> QN
Type        :  Rise output capacitance
Lower Bound :  0.000395 pf
Actual      :  0.000000 pf
Difference  :  0.000395 pf
---------------------------------------
Arc         :  CK -> QN
Type        :  Fall output capacitance
Lower Bound :  0.000395 pf
Actual      :  0.000000 pf
Difference  :  0.000395 pf
---------------------------------------

======================================
Instance    :  \count_cycle_reg[28] 
Cell type   :  SDFFTRX2
======================================
Arc         :  CK -> QN
Type        :  Rise output capacitance
Lower Bound :  0.000395 pf
Actual      :  0.000000 pf
Difference  :  0.000395 pf
---------------------------------------
Arc         :  CK -> QN
Type        :  Fall output capacitance
Lower Bound :  0.000395 pf
Actual      :  0.000000 pf
Difference  :  0.000395 pf
---------------------------------------

======================================
Instance    :  \count_cycle_reg[27] 
Cell type   :  SDFFTRX2
======================================
Arc         :  CK -> QN
Type        :  Rise output capacitance
Lower Bound :  0.000395 pf
Actual      :  0.000000 pf
Difference  :  0.000395 pf
---------------------------------------
Arc         :  CK -> QN
Type        :  Fall output capacitance
Lower Bound :  0.000395 pf
Actual      :  0.000000 pf
Difference  :  0.000395 pf
---------------------------------------

======================================
Instance    :  \count_cycle_reg[26] 
Cell type   :  SDFFTRX2
======================================
Arc         :  CK -> QN
Type        :  Rise output capacitance
Lower Bound :  0.000395 pf
Actual      :  0.000000 pf
Difference  :  0.000395 pf
---------------------------------------
Arc         :  CK -> QN
Type        :  Fall output capacitance
Lower Bound :  0.000395 pf
Actual      :  0.000000 pf
Difference  :  0.000395 pf
---------------------------------------

======================================
Instance    :  \count_cycle_reg[25] 
Cell type   :  SDFFTRX2
======================================
Arc         :  CK -> QN
Type        :  Rise output capacitance
Lower Bound :  0.000395 pf
Actual      :  0.000000 pf
Difference  :  0.000395 pf
---------------------------------------
Arc         :  CK -> QN
Type        :  Fall output capacitance
Lower Bound :  0.000395 pf
Actual      :  0.000000 pf
Difference  :  0.000395 pf
---------------------------------------

======================================
Instance    :  \count_cycle_reg[24] 
Cell type   :  SDFFTRX2
======================================
Arc         :  CK -> QN
Type        :  Rise output capacitance
Lower Bound :  0.000395 pf
Actual      :  0.000000 pf
Difference  :  0.000395 pf
---------------------------------------
Arc         :  CK -> QN
Type        :  Fall output capacitance
Lower Bound :  0.000395 pf
Actual      :  0.000000 pf
Difference  :  0.000395 pf
---------------------------------------

======================================
Instance    :  \count_cycle_reg[23] 
Cell type   :  SDFFTRX2
======================================
Arc         :  CK -> QN
Type        :  Rise output capacitance
Lower Bound :  0.000395 pf
Actual      :  0.000000 pf
Difference  :  0.000395 pf
---------------------------------------
Arc         :  CK -> QN
Type        :  Fall output capacitance
Lower Bound :  0.000395 pf
Actual      :  0.000000 pf
Difference  :  0.000395 pf
---------------------------------------

======================================
Instance    :  \count_cycle_reg[22] 
Cell type   :  SDFFTRX2
======================================
Arc         :  CK -> QN
Type        :  Rise output capacitance
Lower Bound :  0.000395 pf
Actual      :  0.000000 pf
Difference  :  0.000395 pf
---------------------------------------
Arc         :  CK -> QN
Type        :  Fall output capacitance
Lower Bound :  0.000395 pf
Actual      :  0.000000 pf
Difference  :  0.000395 pf
---------------------------------------

======================================
Instance    :  \count_cycle_reg[21] 
Cell type   :  SDFFTRX2
======================================
Arc         :  CK -> QN
Type        :  Rise output capacitance
Lower Bound :  0.000395 pf
Actual      :  0.000000 pf
Difference  :  0.000395 pf
---------------------------------------
Arc         :  CK -> QN
Type        :  Fall output capacitance
Lower Bound :  0.000395 pf
Actual      :  0.000000 pf
Difference  :  0.000395 pf
---------------------------------------

======================================
Instance    :  \count_cycle_reg[20] 
Cell type   :  SDFFTRX2
======================================
Arc         :  CK -> QN
Type        :  Rise output capacitance
Lower Bound :  0.000395 pf
Actual      :  0.000000 pf
Difference  :  0.000395 pf
---------------------------------------
Arc         :  CK -> QN
Type        :  Fall output capacitance
Lower Bound :  0.000395 pf
Actual      :  0.000000 pf
Difference  :  0.000395 pf
---------------------------------------

======================================
Instance    :  \count_cycle_reg[19] 
Cell type   :  SDFFTRX2
======================================
Arc         :  CK -> QN
Type        :  Rise output capacitance
Lower Bound :  0.000395 pf
Actual      :  0.000000 pf
Difference  :  0.000395 pf
---------------------------------------
Arc         :  CK -> QN
Type        :  Fall output capacitance
Lower Bound :  0.000395 pf
Actual      :  0.000000 pf
Difference  :  0.000395 pf
---------------------------------------

======================================
Instance    :  \count_cycle_reg[15] 
Cell type   :  SDFFTRX2
======================================
Arc         :  CK -> QN
Type        :  Rise output capacitance
Lower Bound :  0.000395 pf
Actual      :  0.000000 pf
Difference  :  0.000395 pf
---------------------------------------
Arc         :  CK -> QN
Type        :  Fall output capacitance
Lower Bound :  0.000395 pf
Actual      :  0.000000 pf
Difference  :  0.000395 pf
---------------------------------------

======================================
Instance    :  \count_cycle_reg[13] 
Cell type   :  SDFFTRX2
======================================
Arc         :  CK -> QN
Type        :  Rise output capacitance
Lower Bound :  0.000395 pf
Actual      :  0.000000 pf
Difference  :  0.000395 pf
---------------------------------------
Arc         :  CK -> QN
Type        :  Fall output capacitance
Lower Bound :  0.000395 pf
Actual      :  0.000000 pf
Difference  :  0.000395 pf
---------------------------------------

======================================
Instance    :  \count_cycle_reg[12] 
Cell type   :  SDFFTRX2
======================================
Arc         :  CK -> QN
Type        :  Rise output capacitance
Lower Bound :  0.000395 pf
Actual      :  0.000000 pf
Difference  :  0.000395 pf
---------------------------------------
Arc         :  CK -> QN
Type        :  Fall output capacitance
Lower Bound :  0.000395 pf
Actual      :  0.000000 pf
Difference  :  0.000395 pf
---------------------------------------

======================================
Instance    :  g134403
Cell type   :  NOR2BX2
======================================
Arc         :  AN -> Y
Type        :  Rise output capacitance
Upper Bound :  0.341280 pf
Actual      :  0.362075 pf
Difference  :  0.020795 pf
---------------------------------------
Arc         :  AN -> Y
Type        :  Fall output capacitance
Upper Bound :  0.341280 pf
Actual      :  0.362075 pf
Difference  :  0.020795 pf
---------------------------------------

======================================
Instance    :  g134403
Cell type   :  NOR2BX2
======================================
Arc         :  B -> Y
Type        :  Rise output capacitance
Upper Bound :  0.341280 pf
Actual      :  0.362075 pf
Difference  :  0.020795 pf
---------------------------------------
Arc         :  B -> Y
Type        :  Fall output capacitance
Upper Bound :  0.341280 pf
Actual      :  0.362075 pf
Difference  :  0.020795 pf
---------------------------------------

======================================
Instance    :  g134391
Cell type   :  NOR2BX2
======================================
Arc         :  AN -> Y
Type        :  Rise output capacitance
Upper Bound :  0.341280 pf
Actual      :  0.358232 pf
Difference  :  0.016952 pf
---------------------------------------
Arc         :  AN -> Y
Type        :  Fall output capacitance
Upper Bound :  0.341280 pf
Actual      :  0.358232 pf
Difference  :  0.016952 pf
---------------------------------------

======================================
Instance    :  g134391
Cell type   :  NOR2BX2
======================================
Arc         :  B -> Y
Type        :  Rise output capacitance
Upper Bound :  0.341280 pf
Actual      :  0.358232 pf
Difference  :  0.016952 pf
---------------------------------------
Arc         :  B -> Y
Type        :  Fall output capacitance
Upper Bound :  0.341280 pf
Actual      :  0.358232 pf
Difference  :  0.016952 pf
---------------------------------------
