###############################################################
#  Generated by:      Cadence Tempus 20.10-p003_1
#  OS:                Linux x86_64(Host ID edatools-server2.iiitd.edu.in)
#  Generated on:      Sun Jan 11 15:50:08 2026
#  Design:            picorv32
#  Command:           report_constraints -all_violators > sta_after_synthesis_maxfreq/reports/allviolations_maxfreq.rpt
###############################################################
# format : frame 0 : split 1

max_delay/setup
---------------------------
No paths found

min_delay/hold
---------------------------
      ------------------------------------------------------------------------------------------------  
       End Point                                  Slack      Cause                                      
      ------------------------------------------------------------------------------------------------  
      reg_sh_reg[4]/RN f                         -0.079     VIOLATED
      reg_sh_reg[2]/RN f                         -0.079     VIOLATED
      reg_sh_reg[0]/RN f                         -0.079     VIOLATED
      count_cycle_reg[63]/RN f                   -0.079     VIOLATED
      count_cycle_reg[62]/RN f                   -0.079     VIOLATED
      count_cycle_reg[61]/RN f                   -0.079     VIOLATED
      count_cycle_reg[60]/RN f                   -0.079     VIOLATED
      count_cycle_reg[59]/RN f                   -0.079     VIOLATED
      count_cycle_reg[58]/RN f                   -0.079     VIOLATED
      count_cycle_reg[57]/RN f                   -0.079     VIOLATED
      count_cycle_reg[56]/RN f                   -0.079     VIOLATED
      count_cycle_reg[55]/RN f                   -0.079     VIOLATED
      count_cycle_reg[54]/RN f                   -0.079     VIOLATED
      count_cycle_reg[53]/RN f                   -0.079     VIOLATED
      count_cycle_reg[52]/RN f                   -0.079     VIOLATED
      count_cycle_reg[51]/RN f                   -0.079     VIOLATED
      count_cycle_reg[50]/RN f                   -0.079     VIOLATED
      count_cycle_reg[49]/RN f                   -0.079     VIOLATED
      count_cycle_reg[48]/RN f                   -0.079     VIOLATED
      count_cycle_reg[47]/RN f                   -0.079     VIOLATED
      count_cycle_reg[46]/RN f                   -0.079     VIOLATED
      count_cycle_reg[45]/RN f                   -0.079     VIOLATED
      count_cycle_reg[44]/RN f                   -0.079     VIOLATED
      count_cycle_reg[43]/RN f                   -0.079     VIOLATED
      count_cycle_reg[42]/RN f                   -0.079     VIOLATED
      count_cycle_reg[41]/RN f                   -0.079     VIOLATED
      count_cycle_reg[40]/RN f                   -0.079     VIOLATED
      count_cycle_reg[39]/RN f                   -0.079     VIOLATED
      count_cycle_reg[38]/RN f                   -0.079     VIOLATED
      count_cycle_reg[37]/RN f                   -0.079     VIOLATED
      count_cycle_reg[36]/RN f                   -0.079     VIOLATED
      count_cycle_reg[35]/RN f                   -0.079     VIOLATED
      count_cycle_reg[34]/RN f                   -0.079     VIOLATED
      count_cycle_reg[33]/RN f                   -0.079     VIOLATED
      count_cycle_reg[32]/RN f                   -0.079     VIOLATED
      count_cycle_reg[31]/RN f                   -0.079     VIOLATED
      count_cycle_reg[30]/RN f                   -0.079     VIOLATED
      count_cycle_reg[29]/RN f                   -0.079     VIOLATED
      count_cycle_reg[28]/RN f                   -0.079     VIOLATED
      count_cycle_reg[27]/RN f                   -0.079     VIOLATED
      count_cycle_reg[26]/RN f                   -0.079     VIOLATED
      count_cycle_reg[25]/RN f                   -0.079     VIOLATED
      count_cycle_reg[24]/RN f                   -0.079     VIOLATED
      count_cycle_reg[23]/RN f                   -0.079     VIOLATED
      count_cycle_reg[22]/RN f                   -0.079     VIOLATED
      count_cycle_reg[21]/RN f                   -0.079     VIOLATED
      count_cycle_reg[20]/RN f                   -0.079     VIOLATED
      count_cycle_reg[19]/RN f                   -0.079     VIOLATED
      count_cycle_reg[15]/RN f                   -0.079     VIOLATED
      count_cycle_reg[13]/RN f                   -0.079     VIOLATED
      count_cycle_reg[12]/RN f                   -0.079     VIOLATED
      trap_reg/RN f                              -0.079     VIOLATED
      ------------------------------------------------------------------------------------------------

Check type : clock_period
---------------------------
No paths found

Check type : skew
---------------------------
No paths found

Check type : pulse_width
---------------------------
 No violating Checks with given description found

Check type : max_transition
---------------------------
 No Violations found

Check type : min_transition
---------------------------
 No Violations found

Check type : max_capacitance
---------------------------
 No Violations found

Check type : min_capacitance
---------------------------
 No Violations found

Check type : max_fanout
---------------------------
 No Violations found

Check type : min_fanout
---------------------------
 No Violations found
